ARM GAS  /tmp/ccEKPt5F.s 			page 1


   1              		.cpu cortex-m0
   2              		.eabi_attribute 20, 1
   3              		.eabi_attribute 21, 1
   4              		.eabi_attribute 23, 3
   5              		.eabi_attribute 24, 1
   6              		.eabi_attribute 25, 1
   7              		.eabi_attribute 26, 1
   8              		.eabi_attribute 30, 1
   9              		.eabi_attribute 34, 0
  10              		.eabi_attribute 18, 4
  11              		.file	"stm32f0xx_hal_msp.c"
  12              		.text
  13              	.Ltext0:
  14              		.cfi_sections	.debug_frame
  15              		.section	.text.HAL_MspInit,"ax",%progbits
  16              		.align	1
  17              		.global	HAL_MspInit
  18              		.arch armv6s-m
  19              		.syntax unified
  20              		.code	16
  21              		.thumb_func
  22              		.fpu softvfp
  24              	HAL_MspInit:
  25              	.LFB37:
  26              		.file 1 "Src/stm32f0xx_hal_msp.c"
   1:Src/stm32f0xx_hal_msp.c **** /* USER CODE BEGIN Header */
   2:Src/stm32f0xx_hal_msp.c **** /**
   3:Src/stm32f0xx_hal_msp.c ****   ******************************************************************************
   4:Src/stm32f0xx_hal_msp.c ****   * File Name          : stm32f0xx_hal_msp.c
   5:Src/stm32f0xx_hal_msp.c ****   * Description        : This file provides code for the MSP Initialization 
   6:Src/stm32f0xx_hal_msp.c ****   *                      and de-Initialization codes.
   7:Src/stm32f0xx_hal_msp.c ****   ******************************************************************************
   8:Src/stm32f0xx_hal_msp.c ****   * This notice applies to any and all portions of this file
   9:Src/stm32f0xx_hal_msp.c ****   * that are not between comment pairs USER CODE BEGIN and
  10:Src/stm32f0xx_hal_msp.c ****   * USER CODE END. Other portions of this file, whether 
  11:Src/stm32f0xx_hal_msp.c ****   * inserted by the user or by software development tools
  12:Src/stm32f0xx_hal_msp.c ****   * are owned by their respective copyright owners.
  13:Src/stm32f0xx_hal_msp.c ****   *
  14:Src/stm32f0xx_hal_msp.c ****   * Copyright (c) 2019 STMicroelectronics International N.V. 
  15:Src/stm32f0xx_hal_msp.c ****   * All rights reserved.
  16:Src/stm32f0xx_hal_msp.c ****   *
  17:Src/stm32f0xx_hal_msp.c ****   * Redistribution and use in source and binary forms, with or without 
  18:Src/stm32f0xx_hal_msp.c ****   * modification, are permitted, provided that the following conditions are met:
  19:Src/stm32f0xx_hal_msp.c ****   *
  20:Src/stm32f0xx_hal_msp.c ****   * 1. Redistribution of source code must retain the above copyright notice, 
  21:Src/stm32f0xx_hal_msp.c ****   *    this list of conditions and the following disclaimer.
  22:Src/stm32f0xx_hal_msp.c ****   * 2. Redistributions in binary form must reproduce the above copyright notice,
  23:Src/stm32f0xx_hal_msp.c ****   *    this list of conditions and the following disclaimer in the documentation
  24:Src/stm32f0xx_hal_msp.c ****   *    and/or other materials provided with the distribution.
  25:Src/stm32f0xx_hal_msp.c ****   * 3. Neither the name of STMicroelectronics nor the names of other 
  26:Src/stm32f0xx_hal_msp.c ****   *    contributors to this software may be used to endorse or promote products 
  27:Src/stm32f0xx_hal_msp.c ****   *    derived from this software without specific written permission.
  28:Src/stm32f0xx_hal_msp.c ****   * 4. This software, including modifications and/or derivative works of this 
  29:Src/stm32f0xx_hal_msp.c ****   *    software, must execute solely and exclusively on microcontroller or
  30:Src/stm32f0xx_hal_msp.c ****   *    microprocessor devices manufactured by or for STMicroelectronics.
  31:Src/stm32f0xx_hal_msp.c ****   * 5. Redistribution and use of this software other than as permitted under 
  32:Src/stm32f0xx_hal_msp.c ****   *    this license is void and will automatically terminate your rights under 
ARM GAS  /tmp/ccEKPt5F.s 			page 2


  33:Src/stm32f0xx_hal_msp.c ****   *    this license. 
  34:Src/stm32f0xx_hal_msp.c ****   *
  35:Src/stm32f0xx_hal_msp.c ****   * THIS SOFTWARE IS PROVIDED BY STMICROELECTRONICS AND CONTRIBUTORS "AS IS" 
  36:Src/stm32f0xx_hal_msp.c ****   * AND ANY EXPRESS, IMPLIED OR STATUTORY WARRANTIES, INCLUDING, BUT NOT 
  37:Src/stm32f0xx_hal_msp.c ****   * LIMITED TO, THE IMPLIED WARRANTIES OF MERCHANTABILITY, FITNESS FOR A 
  38:Src/stm32f0xx_hal_msp.c ****   * PARTICULAR PURPOSE AND NON-INFRINGEMENT OF THIRD PARTY INTELLECTUAL PROPERTY
  39:Src/stm32f0xx_hal_msp.c ****   * RIGHTS ARE DISCLAIMED TO THE FULLEST EXTENT PERMITTED BY LAW. IN NO EVENT 
  40:Src/stm32f0xx_hal_msp.c ****   * SHALL STMICROELECTRONICS OR CONTRIBUTORS BE LIABLE FOR ANY DIRECT, INDIRECT,
  41:Src/stm32f0xx_hal_msp.c ****   * INCIDENTAL, SPECIAL, EXEMPLARY, OR CONSEQUENTIAL DAMAGES (INCLUDING, BUT NOT
  42:Src/stm32f0xx_hal_msp.c ****   * LIMITED TO, PROCUREMENT OF SUBSTITUTE GOODS OR SERVICES; LOSS OF USE, DATA, 
  43:Src/stm32f0xx_hal_msp.c ****   * OR PROFITS; OR BUSINESS INTERRUPTION) HOWEVER CAUSED AND ON ANY THEORY OF 
  44:Src/stm32f0xx_hal_msp.c ****   * LIABILITY, WHETHER IN CONTRACT, STRICT LIABILITY, OR TORT (INCLUDING 
  45:Src/stm32f0xx_hal_msp.c ****   * NEGLIGENCE OR OTHERWISE) ARISING IN ANY WAY OUT OF THE USE OF THIS SOFTWARE,
  46:Src/stm32f0xx_hal_msp.c ****   * EVEN IF ADVISED OF THE POSSIBILITY OF SUCH DAMAGE.
  47:Src/stm32f0xx_hal_msp.c ****   *
  48:Src/stm32f0xx_hal_msp.c ****   ******************************************************************************
  49:Src/stm32f0xx_hal_msp.c ****   */
  50:Src/stm32f0xx_hal_msp.c **** /* USER CODE END Header */
  51:Src/stm32f0xx_hal_msp.c **** 
  52:Src/stm32f0xx_hal_msp.c **** /* Includes ------------------------------------------------------------------*/
  53:Src/stm32f0xx_hal_msp.c **** #include "main.h"
  54:Src/stm32f0xx_hal_msp.c **** /* USER CODE BEGIN Includes */
  55:Src/stm32f0xx_hal_msp.c **** 
  56:Src/stm32f0xx_hal_msp.c **** /* USER CODE END Includes */
  57:Src/stm32f0xx_hal_msp.c **** extern DMA_HandleTypeDef hdma_adc;
  58:Src/stm32f0xx_hal_msp.c **** 
  59:Src/stm32f0xx_hal_msp.c **** extern DMA_HandleTypeDef hdma_i2c1_rx;
  60:Src/stm32f0xx_hal_msp.c **** 
  61:Src/stm32f0xx_hal_msp.c **** extern DMA_HandleTypeDef hdma_i2c1_tx;
  62:Src/stm32f0xx_hal_msp.c **** 
  63:Src/stm32f0xx_hal_msp.c **** extern DMA_HandleTypeDef hdma_i2c2_rx;
  64:Src/stm32f0xx_hal_msp.c **** 
  65:Src/stm32f0xx_hal_msp.c **** extern DMA_HandleTypeDef hdma_i2c2_tx;
  66:Src/stm32f0xx_hal_msp.c **** 
  67:Src/stm32f0xx_hal_msp.c **** /* Private typedef -----------------------------------------------------------*/
  68:Src/stm32f0xx_hal_msp.c **** /* USER CODE BEGIN TD */
  69:Src/stm32f0xx_hal_msp.c **** 
  70:Src/stm32f0xx_hal_msp.c **** /* USER CODE END TD */
  71:Src/stm32f0xx_hal_msp.c **** 
  72:Src/stm32f0xx_hal_msp.c **** /* Private define ------------------------------------------------------------*/
  73:Src/stm32f0xx_hal_msp.c **** /* USER CODE BEGIN Define */
  74:Src/stm32f0xx_hal_msp.c ****  
  75:Src/stm32f0xx_hal_msp.c **** /* USER CODE END Define */
  76:Src/stm32f0xx_hal_msp.c **** 
  77:Src/stm32f0xx_hal_msp.c **** /* Private macro -------------------------------------------------------------*/
  78:Src/stm32f0xx_hal_msp.c **** /* USER CODE BEGIN Macro */
  79:Src/stm32f0xx_hal_msp.c **** 
  80:Src/stm32f0xx_hal_msp.c **** /* USER CODE END Macro */
  81:Src/stm32f0xx_hal_msp.c **** 
  82:Src/stm32f0xx_hal_msp.c **** /* Private variables ---------------------------------------------------------*/
  83:Src/stm32f0xx_hal_msp.c **** /* USER CODE BEGIN PV */
  84:Src/stm32f0xx_hal_msp.c **** 
  85:Src/stm32f0xx_hal_msp.c **** /* USER CODE END PV */
  86:Src/stm32f0xx_hal_msp.c **** 
  87:Src/stm32f0xx_hal_msp.c **** /* Private function prototypes -----------------------------------------------*/
  88:Src/stm32f0xx_hal_msp.c **** /* USER CODE BEGIN PFP */
  89:Src/stm32f0xx_hal_msp.c **** 
ARM GAS  /tmp/ccEKPt5F.s 			page 3


  90:Src/stm32f0xx_hal_msp.c **** /* USER CODE END PFP */
  91:Src/stm32f0xx_hal_msp.c **** 
  92:Src/stm32f0xx_hal_msp.c **** /* External functions --------------------------------------------------------*/
  93:Src/stm32f0xx_hal_msp.c **** /* USER CODE BEGIN ExternalFunctions */
  94:Src/stm32f0xx_hal_msp.c **** 
  95:Src/stm32f0xx_hal_msp.c **** /* USER CODE END ExternalFunctions */
  96:Src/stm32f0xx_hal_msp.c **** 
  97:Src/stm32f0xx_hal_msp.c **** /* USER CODE BEGIN 0 */
  98:Src/stm32f0xx_hal_msp.c **** 
  99:Src/stm32f0xx_hal_msp.c **** /* USER CODE END 0 */
 100:Src/stm32f0xx_hal_msp.c **** /**
 101:Src/stm32f0xx_hal_msp.c ****   * Initializes the Global MSP.
 102:Src/stm32f0xx_hal_msp.c ****   */
 103:Src/stm32f0xx_hal_msp.c **** void HAL_MspInit(void)
 104:Src/stm32f0xx_hal_msp.c **** {
  27              		.loc 1 104 1 view -0
  28              		.cfi_startproc
  29              		@ args = 0, pretend = 0, frame = 8
  30              		@ frame_needed = 0, uses_anonymous_args = 0
  31              		@ link register save eliminated.
  32 0000 82B0     		sub	sp, sp, #8
  33              	.LCFI0:
  34              		.cfi_def_cfa_offset 8
 105:Src/stm32f0xx_hal_msp.c ****   /* USER CODE BEGIN MspInit 0 */
 106:Src/stm32f0xx_hal_msp.c **** 
 107:Src/stm32f0xx_hal_msp.c ****   /* USER CODE END MspInit 0 */
 108:Src/stm32f0xx_hal_msp.c **** 
 109:Src/stm32f0xx_hal_msp.c ****   __HAL_RCC_SYSCFG_CLK_ENABLE();
  35              		.loc 1 109 3 view .LVU1
  36              	.LBB2:
  37              		.loc 1 109 3 view .LVU2
  38              		.loc 1 109 3 view .LVU3
  39 0002 0A4B     		ldr	r3, .L2
  40 0004 9969     		ldr	r1, [r3, #24]
  41 0006 0122     		movs	r2, #1
  42 0008 1143     		orrs	r1, r2
  43 000a 9961     		str	r1, [r3, #24]
  44              		.loc 1 109 3 view .LVU4
  45 000c 9969     		ldr	r1, [r3, #24]
  46 000e 0A40     		ands	r2, r1
  47 0010 0092     		str	r2, [sp]
  48              		.loc 1 109 3 view .LVU5
  49 0012 009A     		ldr	r2, [sp]
  50              	.LBE2:
 110:Src/stm32f0xx_hal_msp.c ****   __HAL_RCC_PWR_CLK_ENABLE();
  51              		.loc 1 110 3 view .LVU6
  52              	.LBB3:
  53              		.loc 1 110 3 view .LVU7
  54              		.loc 1 110 3 view .LVU8
  55 0014 DA69     		ldr	r2, [r3, #28]
  56 0016 8021     		movs	r1, #128
  57 0018 4905     		lsls	r1, r1, #21
  58 001a 0A43     		orrs	r2, r1
  59 001c DA61     		str	r2, [r3, #28]
  60              		.loc 1 110 3 view .LVU9
  61 001e DB69     		ldr	r3, [r3, #28]
  62 0020 0B40     		ands	r3, r1
ARM GAS  /tmp/ccEKPt5F.s 			page 4


  63 0022 0193     		str	r3, [sp, #4]
  64              		.loc 1 110 3 view .LVU10
  65 0024 019B     		ldr	r3, [sp, #4]
  66              	.LBE3:
 111:Src/stm32f0xx_hal_msp.c **** 
 112:Src/stm32f0xx_hal_msp.c ****   /* System interrupt init*/
 113:Src/stm32f0xx_hal_msp.c **** 
 114:Src/stm32f0xx_hal_msp.c ****   /* USER CODE BEGIN MspInit 1 */
 115:Src/stm32f0xx_hal_msp.c **** 
 116:Src/stm32f0xx_hal_msp.c ****   /* USER CODE END MspInit 1 */
 117:Src/stm32f0xx_hal_msp.c **** }
  67              		.loc 1 117 1 is_stmt 0 view .LVU11
  68 0026 02B0     		add	sp, sp, #8
  69              		@ sp needed
  70 0028 7047     		bx	lr
  71              	.L3:
  72 002a C046     		.align	2
  73              	.L2:
  74 002c 00100240 		.word	1073876992
  75              		.cfi_endproc
  76              	.LFE37:
  78              		.section	.text.HAL_ADC_MspInit,"ax",%progbits
  79              		.align	1
  80              		.global	HAL_ADC_MspInit
  81              		.syntax unified
  82              		.code	16
  83              		.thumb_func
  84              		.fpu softvfp
  86              	HAL_ADC_MspInit:
  87              	.LVL0:
  88              	.LFB38:
 118:Src/stm32f0xx_hal_msp.c **** 
 119:Src/stm32f0xx_hal_msp.c **** /**
 120:Src/stm32f0xx_hal_msp.c **** * @brief ADC MSP Initialization
 121:Src/stm32f0xx_hal_msp.c **** * This function configures the hardware resources used in this example
 122:Src/stm32f0xx_hal_msp.c **** * @param hadc: ADC handle pointer
 123:Src/stm32f0xx_hal_msp.c **** * @retval None
 124:Src/stm32f0xx_hal_msp.c **** */
 125:Src/stm32f0xx_hal_msp.c **** void HAL_ADC_MspInit(ADC_HandleTypeDef* hadc)
 126:Src/stm32f0xx_hal_msp.c **** {
  89              		.loc 1 126 1 is_stmt 1 view -0
  90              		.cfi_startproc
  91              		@ args = 0, pretend = 0, frame = 32
  92              		@ frame_needed = 0, uses_anonymous_args = 0
  93              		.loc 1 126 1 is_stmt 0 view .LVU13
  94 0000 10B5     		push	{r4, lr}
  95              	.LCFI1:
  96              		.cfi_def_cfa_offset 8
  97              		.cfi_offset 4, -8
  98              		.cfi_offset 14, -4
  99 0002 88B0     		sub	sp, sp, #32
 100              	.LCFI2:
 101              		.cfi_def_cfa_offset 40
 102 0004 0400     		movs	r4, r0
 127:Src/stm32f0xx_hal_msp.c **** 
 128:Src/stm32f0xx_hal_msp.c ****   GPIO_InitTypeDef GPIO_InitStruct = {0};
 103              		.loc 1 128 3 is_stmt 1 view .LVU14
ARM GAS  /tmp/ccEKPt5F.s 			page 5


 104              		.loc 1 128 20 is_stmt 0 view .LVU15
 105 0006 1422     		movs	r2, #20
 106 0008 0021     		movs	r1, #0
 107 000a 03A8     		add	r0, sp, #12
 108              	.LVL1:
 109              		.loc 1 128 20 view .LVU16
 110 000c FFF7FEFF 		bl	memset
 111              	.LVL2:
 129:Src/stm32f0xx_hal_msp.c ****   if(hadc->Instance==ADC1)
 112              		.loc 1 129 3 is_stmt 1 view .LVU17
 113              		.loc 1 129 5 is_stmt 0 view .LVU18
 114 0010 1E4B     		ldr	r3, .L9
 115 0012 2268     		ldr	r2, [r4]
 116 0014 9A42     		cmp	r2, r3
 117 0016 01D0     		beq	.L7
 118              	.L4:
 130:Src/stm32f0xx_hal_msp.c ****   {
 131:Src/stm32f0xx_hal_msp.c ****   /* USER CODE BEGIN ADC1_MspInit 0 */
 132:Src/stm32f0xx_hal_msp.c **** 
 133:Src/stm32f0xx_hal_msp.c ****   /* USER CODE END ADC1_MspInit 0 */
 134:Src/stm32f0xx_hal_msp.c ****     /* Peripheral clock enable */
 135:Src/stm32f0xx_hal_msp.c ****     __HAL_RCC_ADC1_CLK_ENABLE();
 136:Src/stm32f0xx_hal_msp.c ****   
 137:Src/stm32f0xx_hal_msp.c ****     __HAL_RCC_GPIOA_CLK_ENABLE();
 138:Src/stm32f0xx_hal_msp.c ****     /**ADC GPIO Configuration    
 139:Src/stm32f0xx_hal_msp.c ****     PA1     ------> ADC_IN1
 140:Src/stm32f0xx_hal_msp.c ****     PA2     ------> ADC_IN2 
 141:Src/stm32f0xx_hal_msp.c ****     */
 142:Src/stm32f0xx_hal_msp.c ****     GPIO_InitStruct.Pin = I_IN_Pin|U_IN_Pin;
 143:Src/stm32f0xx_hal_msp.c ****     GPIO_InitStruct.Mode = GPIO_MODE_ANALOG;
 144:Src/stm32f0xx_hal_msp.c ****     GPIO_InitStruct.Pull = GPIO_NOPULL;
 145:Src/stm32f0xx_hal_msp.c ****     HAL_GPIO_Init(GPIOA, &GPIO_InitStruct);
 146:Src/stm32f0xx_hal_msp.c **** 
 147:Src/stm32f0xx_hal_msp.c ****     /* ADC1 DMA Init */
 148:Src/stm32f0xx_hal_msp.c ****     /* ADC Init */
 149:Src/stm32f0xx_hal_msp.c ****     hdma_adc.Instance = DMA1_Channel1;
 150:Src/stm32f0xx_hal_msp.c ****     hdma_adc.Init.Direction = DMA_PERIPH_TO_MEMORY;
 151:Src/stm32f0xx_hal_msp.c ****     hdma_adc.Init.PeriphInc = DMA_PINC_DISABLE;
 152:Src/stm32f0xx_hal_msp.c ****     hdma_adc.Init.MemInc = DMA_MINC_ENABLE;
 153:Src/stm32f0xx_hal_msp.c ****     hdma_adc.Init.PeriphDataAlignment = DMA_PDATAALIGN_HALFWORD;
 154:Src/stm32f0xx_hal_msp.c ****     hdma_adc.Init.MemDataAlignment = DMA_MDATAALIGN_HALFWORD;
 155:Src/stm32f0xx_hal_msp.c ****     hdma_adc.Init.Mode = DMA_NORMAL;
 156:Src/stm32f0xx_hal_msp.c ****     hdma_adc.Init.Priority = DMA_PRIORITY_LOW;
 157:Src/stm32f0xx_hal_msp.c ****     if (HAL_DMA_Init(&hdma_adc) != HAL_OK)
 158:Src/stm32f0xx_hal_msp.c ****     {
 159:Src/stm32f0xx_hal_msp.c ****       Error_Handler();
 160:Src/stm32f0xx_hal_msp.c ****     }
 161:Src/stm32f0xx_hal_msp.c **** 
 162:Src/stm32f0xx_hal_msp.c ****     __HAL_LINKDMA(hadc,DMA_Handle,hdma_adc);
 163:Src/stm32f0xx_hal_msp.c **** 
 164:Src/stm32f0xx_hal_msp.c ****   /* USER CODE BEGIN ADC1_MspInit 1 */
 165:Src/stm32f0xx_hal_msp.c **** 
 166:Src/stm32f0xx_hal_msp.c ****   /* USER CODE END ADC1_MspInit 1 */
 167:Src/stm32f0xx_hal_msp.c ****   }
 168:Src/stm32f0xx_hal_msp.c **** 
 169:Src/stm32f0xx_hal_msp.c **** }
 119              		.loc 1 169 1 view .LVU19
ARM GAS  /tmp/ccEKPt5F.s 			page 6


 120 0018 08B0     		add	sp, sp, #32
 121              		@ sp needed
 122              	.LVL3:
 123              		.loc 1 169 1 view .LVU20
 124 001a 10BD     		pop	{r4, pc}
 125              	.LVL4:
 126              	.L7:
 135:Src/stm32f0xx_hal_msp.c ****   
 127              		.loc 1 135 5 is_stmt 1 view .LVU21
 128              	.LBB4:
 135:Src/stm32f0xx_hal_msp.c ****   
 129              		.loc 1 135 5 view .LVU22
 135:Src/stm32f0xx_hal_msp.c ****   
 130              		.loc 1 135 5 view .LVU23
 131 001c 1C4B     		ldr	r3, .L9+4
 132 001e 9969     		ldr	r1, [r3, #24]
 133 0020 8020     		movs	r0, #128
 134 0022 8000     		lsls	r0, r0, #2
 135 0024 0143     		orrs	r1, r0
 136 0026 9961     		str	r1, [r3, #24]
 135:Src/stm32f0xx_hal_msp.c ****   
 137              		.loc 1 135 5 view .LVU24
 138 0028 9A69     		ldr	r2, [r3, #24]
 139 002a 0240     		ands	r2, r0
 140 002c 0192     		str	r2, [sp, #4]
 135:Src/stm32f0xx_hal_msp.c ****   
 141              		.loc 1 135 5 view .LVU25
 142 002e 019A     		ldr	r2, [sp, #4]
 143              	.LBE4:
 137:Src/stm32f0xx_hal_msp.c ****     /**ADC GPIO Configuration    
 144              		.loc 1 137 5 view .LVU26
 145              	.LBB5:
 137:Src/stm32f0xx_hal_msp.c ****     /**ADC GPIO Configuration    
 146              		.loc 1 137 5 view .LVU27
 137:Src/stm32f0xx_hal_msp.c ****     /**ADC GPIO Configuration    
 147              		.loc 1 137 5 view .LVU28
 148 0030 5A69     		ldr	r2, [r3, #20]
 149 0032 8021     		movs	r1, #128
 150 0034 8902     		lsls	r1, r1, #10
 151 0036 0A43     		orrs	r2, r1
 152 0038 5A61     		str	r2, [r3, #20]
 137:Src/stm32f0xx_hal_msp.c ****     /**ADC GPIO Configuration    
 153              		.loc 1 137 5 view .LVU29
 154 003a 5B69     		ldr	r3, [r3, #20]
 155 003c 0B40     		ands	r3, r1
 156 003e 0293     		str	r3, [sp, #8]
 137:Src/stm32f0xx_hal_msp.c ****     /**ADC GPIO Configuration    
 157              		.loc 1 137 5 view .LVU30
 158 0040 029B     		ldr	r3, [sp, #8]
 159              	.LBE5:
 142:Src/stm32f0xx_hal_msp.c ****     GPIO_InitStruct.Mode = GPIO_MODE_ANALOG;
 160              		.loc 1 142 5 view .LVU31
 142:Src/stm32f0xx_hal_msp.c ****     GPIO_InitStruct.Mode = GPIO_MODE_ANALOG;
 161              		.loc 1 142 25 is_stmt 0 view .LVU32
 162 0042 0623     		movs	r3, #6
 163 0044 0393     		str	r3, [sp, #12]
 143:Src/stm32f0xx_hal_msp.c ****     GPIO_InitStruct.Pull = GPIO_NOPULL;
ARM GAS  /tmp/ccEKPt5F.s 			page 7


 164              		.loc 1 143 5 is_stmt 1 view .LVU33
 143:Src/stm32f0xx_hal_msp.c ****     GPIO_InitStruct.Pull = GPIO_NOPULL;
 165              		.loc 1 143 26 is_stmt 0 view .LVU34
 166 0046 033B     		subs	r3, r3, #3
 167 0048 0493     		str	r3, [sp, #16]
 144:Src/stm32f0xx_hal_msp.c ****     HAL_GPIO_Init(GPIOA, &GPIO_InitStruct);
 168              		.loc 1 144 5 is_stmt 1 view .LVU35
 145:Src/stm32f0xx_hal_msp.c **** 
 169              		.loc 1 145 5 view .LVU36
 170 004a 7138     		subs	r0, r0, #113
 171 004c FF38     		subs	r0, r0, #255
 172 004e 03A9     		add	r1, sp, #12
 173 0050 C005     		lsls	r0, r0, #23
 174 0052 FFF7FEFF 		bl	HAL_GPIO_Init
 175              	.LVL5:
 149:Src/stm32f0xx_hal_msp.c ****     hdma_adc.Init.Direction = DMA_PERIPH_TO_MEMORY;
 176              		.loc 1 149 5 view .LVU37
 149:Src/stm32f0xx_hal_msp.c ****     hdma_adc.Init.Direction = DMA_PERIPH_TO_MEMORY;
 177              		.loc 1 149 23 is_stmt 0 view .LVU38
 178 0056 0F48     		ldr	r0, .L9+8
 179 0058 0F4B     		ldr	r3, .L9+12
 180 005a 0360     		str	r3, [r0]
 150:Src/stm32f0xx_hal_msp.c ****     hdma_adc.Init.PeriphInc = DMA_PINC_DISABLE;
 181              		.loc 1 150 5 is_stmt 1 view .LVU39
 150:Src/stm32f0xx_hal_msp.c ****     hdma_adc.Init.PeriphInc = DMA_PINC_DISABLE;
 182              		.loc 1 150 29 is_stmt 0 view .LVU40
 183 005c 0023     		movs	r3, #0
 184 005e 4360     		str	r3, [r0, #4]
 151:Src/stm32f0xx_hal_msp.c ****     hdma_adc.Init.MemInc = DMA_MINC_ENABLE;
 185              		.loc 1 151 5 is_stmt 1 view .LVU41
 151:Src/stm32f0xx_hal_msp.c ****     hdma_adc.Init.MemInc = DMA_MINC_ENABLE;
 186              		.loc 1 151 29 is_stmt 0 view .LVU42
 187 0060 8360     		str	r3, [r0, #8]
 152:Src/stm32f0xx_hal_msp.c ****     hdma_adc.Init.PeriphDataAlignment = DMA_PDATAALIGN_HALFWORD;
 188              		.loc 1 152 5 is_stmt 1 view .LVU43
 152:Src/stm32f0xx_hal_msp.c ****     hdma_adc.Init.PeriphDataAlignment = DMA_PDATAALIGN_HALFWORD;
 189              		.loc 1 152 26 is_stmt 0 view .LVU44
 190 0062 8022     		movs	r2, #128
 191 0064 C260     		str	r2, [r0, #12]
 153:Src/stm32f0xx_hal_msp.c ****     hdma_adc.Init.MemDataAlignment = DMA_MDATAALIGN_HALFWORD;
 192              		.loc 1 153 5 is_stmt 1 view .LVU45
 153:Src/stm32f0xx_hal_msp.c ****     hdma_adc.Init.MemDataAlignment = DMA_MDATAALIGN_HALFWORD;
 193              		.loc 1 153 39 is_stmt 0 view .LVU46
 194 0066 8032     		adds	r2, r2, #128
 195 0068 0261     		str	r2, [r0, #16]
 154:Src/stm32f0xx_hal_msp.c ****     hdma_adc.Init.Mode = DMA_NORMAL;
 196              		.loc 1 154 5 is_stmt 1 view .LVU47
 154:Src/stm32f0xx_hal_msp.c ****     hdma_adc.Init.Mode = DMA_NORMAL;
 197              		.loc 1 154 36 is_stmt 0 view .LVU48
 198 006a 8022     		movs	r2, #128
 199 006c D200     		lsls	r2, r2, #3
 200 006e 4261     		str	r2, [r0, #20]
 155:Src/stm32f0xx_hal_msp.c ****     hdma_adc.Init.Priority = DMA_PRIORITY_LOW;
 201              		.loc 1 155 5 is_stmt 1 view .LVU49
 155:Src/stm32f0xx_hal_msp.c ****     hdma_adc.Init.Priority = DMA_PRIORITY_LOW;
 202              		.loc 1 155 24 is_stmt 0 view .LVU50
 203 0070 8361     		str	r3, [r0, #24]
ARM GAS  /tmp/ccEKPt5F.s 			page 8


 156:Src/stm32f0xx_hal_msp.c ****     if (HAL_DMA_Init(&hdma_adc) != HAL_OK)
 204              		.loc 1 156 5 is_stmt 1 view .LVU51
 156:Src/stm32f0xx_hal_msp.c ****     if (HAL_DMA_Init(&hdma_adc) != HAL_OK)
 205              		.loc 1 156 28 is_stmt 0 view .LVU52
 206 0072 C361     		str	r3, [r0, #28]
 157:Src/stm32f0xx_hal_msp.c ****     {
 207              		.loc 1 157 5 is_stmt 1 view .LVU53
 157:Src/stm32f0xx_hal_msp.c ****     {
 208              		.loc 1 157 9 is_stmt 0 view .LVU54
 209 0074 FFF7FEFF 		bl	HAL_DMA_Init
 210              	.LVL6:
 157:Src/stm32f0xx_hal_msp.c ****     {
 211              		.loc 1 157 8 view .LVU55
 212 0078 0028     		cmp	r0, #0
 213 007a 03D1     		bne	.L8
 214              	.L6:
 162:Src/stm32f0xx_hal_msp.c **** 
 215              		.loc 1 162 5 is_stmt 1 view .LVU56
 162:Src/stm32f0xx_hal_msp.c **** 
 216              		.loc 1 162 5 view .LVU57
 217 007c 054B     		ldr	r3, .L9+8
 218 007e E363     		str	r3, [r4, #60]
 162:Src/stm32f0xx_hal_msp.c **** 
 219              		.loc 1 162 5 view .LVU58
 220 0080 5C62     		str	r4, [r3, #36]
 221              		.loc 1 169 1 is_stmt 0 view .LVU59
 222 0082 C9E7     		b	.L4
 223              	.L8:
 159:Src/stm32f0xx_hal_msp.c ****     }
 224              		.loc 1 159 7 is_stmt 1 view .LVU60
 225 0084 FFF7FEFF 		bl	Error_Handler
 226              	.LVL7:
 227 0088 F8E7     		b	.L6
 228              	.L10:
 229 008a C046     		.align	2
 230              	.L9:
 231 008c 00240140 		.word	1073816576
 232 0090 00100240 		.word	1073876992
 233 0094 00000000 		.word	hdma_adc
 234 0098 08000240 		.word	1073872904
 235              		.cfi_endproc
 236              	.LFE38:
 238              		.section	.text.HAL_ADC_MspDeInit,"ax",%progbits
 239              		.align	1
 240              		.global	HAL_ADC_MspDeInit
 241              		.syntax unified
 242              		.code	16
 243              		.thumb_func
 244              		.fpu softvfp
 246              	HAL_ADC_MspDeInit:
 247              	.LVL8:
 248              	.LFB39:
 170:Src/stm32f0xx_hal_msp.c **** 
 171:Src/stm32f0xx_hal_msp.c **** /**
 172:Src/stm32f0xx_hal_msp.c **** * @brief ADC MSP De-Initialization
 173:Src/stm32f0xx_hal_msp.c **** * This function freeze the hardware resources used in this example
 174:Src/stm32f0xx_hal_msp.c **** * @param hadc: ADC handle pointer
ARM GAS  /tmp/ccEKPt5F.s 			page 9


 175:Src/stm32f0xx_hal_msp.c **** * @retval None
 176:Src/stm32f0xx_hal_msp.c **** */
 177:Src/stm32f0xx_hal_msp.c **** 
 178:Src/stm32f0xx_hal_msp.c **** void HAL_ADC_MspDeInit(ADC_HandleTypeDef* hadc)
 179:Src/stm32f0xx_hal_msp.c **** {
 249              		.loc 1 179 1 view -0
 250              		.cfi_startproc
 251              		@ args = 0, pretend = 0, frame = 0
 252              		@ frame_needed = 0, uses_anonymous_args = 0
 253              		.loc 1 179 1 is_stmt 0 view .LVU62
 254 0000 10B5     		push	{r4, lr}
 255              	.LCFI3:
 256              		.cfi_def_cfa_offset 8
 257              		.cfi_offset 4, -8
 258              		.cfi_offset 14, -4
 259 0002 0400     		movs	r4, r0
 180:Src/stm32f0xx_hal_msp.c **** 
 181:Src/stm32f0xx_hal_msp.c ****   if(hadc->Instance==ADC1)
 260              		.loc 1 181 3 is_stmt 1 view .LVU63
 261              		.loc 1 181 5 is_stmt 0 view .LVU64
 262 0004 094B     		ldr	r3, .L14
 263 0006 0268     		ldr	r2, [r0]
 264 0008 9A42     		cmp	r2, r3
 265 000a 00D0     		beq	.L13
 266              	.LVL9:
 267              	.L11:
 182:Src/stm32f0xx_hal_msp.c ****   {
 183:Src/stm32f0xx_hal_msp.c ****   /* USER CODE BEGIN ADC1_MspDeInit 0 */
 184:Src/stm32f0xx_hal_msp.c **** 
 185:Src/stm32f0xx_hal_msp.c ****   /* USER CODE END ADC1_MspDeInit 0 */
 186:Src/stm32f0xx_hal_msp.c ****     /* Peripheral clock disable */
 187:Src/stm32f0xx_hal_msp.c ****     __HAL_RCC_ADC1_CLK_DISABLE();
 188:Src/stm32f0xx_hal_msp.c ****   
 189:Src/stm32f0xx_hal_msp.c ****     /**ADC GPIO Configuration    
 190:Src/stm32f0xx_hal_msp.c ****     PA1     ------> ADC_IN1
 191:Src/stm32f0xx_hal_msp.c ****     PA2     ------> ADC_IN2 
 192:Src/stm32f0xx_hal_msp.c ****     */
 193:Src/stm32f0xx_hal_msp.c ****     HAL_GPIO_DeInit(GPIOA, I_IN_Pin|U_IN_Pin);
 194:Src/stm32f0xx_hal_msp.c **** 
 195:Src/stm32f0xx_hal_msp.c ****     /* ADC1 DMA DeInit */
 196:Src/stm32f0xx_hal_msp.c ****     HAL_DMA_DeInit(hadc->DMA_Handle);
 197:Src/stm32f0xx_hal_msp.c ****   /* USER CODE BEGIN ADC1_MspDeInit 1 */
 198:Src/stm32f0xx_hal_msp.c **** 
 199:Src/stm32f0xx_hal_msp.c ****   /* USER CODE END ADC1_MspDeInit 1 */
 200:Src/stm32f0xx_hal_msp.c ****   }
 201:Src/stm32f0xx_hal_msp.c **** 
 202:Src/stm32f0xx_hal_msp.c **** }
 268              		.loc 1 202 1 view .LVU65
 269              		@ sp needed
 270              	.LVL10:
 271              		.loc 1 202 1 view .LVU66
 272 000c 10BD     		pop	{r4, pc}
 273              	.LVL11:
 274              	.L13:
 187:Src/stm32f0xx_hal_msp.c ****   
 275              		.loc 1 187 5 is_stmt 1 view .LVU67
 276 000e 084A     		ldr	r2, .L14+4
ARM GAS  /tmp/ccEKPt5F.s 			page 10


 277 0010 9369     		ldr	r3, [r2, #24]
 278 0012 0849     		ldr	r1, .L14+8
 279 0014 0B40     		ands	r3, r1
 280 0016 9361     		str	r3, [r2, #24]
 193:Src/stm32f0xx_hal_msp.c **** 
 281              		.loc 1 193 5 view .LVU68
 282 0018 9020     		movs	r0, #144
 283              	.LVL12:
 193:Src/stm32f0xx_hal_msp.c **** 
 284              		.loc 1 193 5 is_stmt 0 view .LVU69
 285 001a 0621     		movs	r1, #6
 286 001c C005     		lsls	r0, r0, #23
 287 001e FFF7FEFF 		bl	HAL_GPIO_DeInit
 288              	.LVL13:
 196:Src/stm32f0xx_hal_msp.c ****   /* USER CODE BEGIN ADC1_MspDeInit 1 */
 289              		.loc 1 196 5 is_stmt 1 view .LVU70
 290 0022 E06B     		ldr	r0, [r4, #60]
 291 0024 FFF7FEFF 		bl	HAL_DMA_DeInit
 292              	.LVL14:
 293              		.loc 1 202 1 is_stmt 0 view .LVU71
 294 0028 F0E7     		b	.L11
 295              	.L15:
 296 002a C046     		.align	2
 297              	.L14:
 298 002c 00240140 		.word	1073816576
 299 0030 00100240 		.word	1073876992
 300 0034 FFFDFFFF 		.word	-513
 301              		.cfi_endproc
 302              	.LFE39:
 304              		.section	.text.HAL_I2C_MspInit,"ax",%progbits
 305              		.align	1
 306              		.global	HAL_I2C_MspInit
 307              		.syntax unified
 308              		.code	16
 309              		.thumb_func
 310              		.fpu softvfp
 312              	HAL_I2C_MspInit:
 313              	.LVL15:
 314              	.LFB40:
 203:Src/stm32f0xx_hal_msp.c **** 
 204:Src/stm32f0xx_hal_msp.c **** /**
 205:Src/stm32f0xx_hal_msp.c **** * @brief I2C MSP Initialization
 206:Src/stm32f0xx_hal_msp.c **** * This function configures the hardware resources used in this example
 207:Src/stm32f0xx_hal_msp.c **** * @param hi2c: I2C handle pointer
 208:Src/stm32f0xx_hal_msp.c **** * @retval None
 209:Src/stm32f0xx_hal_msp.c **** */
 210:Src/stm32f0xx_hal_msp.c **** void HAL_I2C_MspInit(I2C_HandleTypeDef* hi2c)
 211:Src/stm32f0xx_hal_msp.c **** {
 315              		.loc 1 211 1 is_stmt 1 view -0
 316              		.cfi_startproc
 317              		@ args = 0, pretend = 0, frame = 40
 318              		@ frame_needed = 0, uses_anonymous_args = 0
 319              		.loc 1 211 1 is_stmt 0 view .LVU73
 320 0000 30B5     		push	{r4, r5, lr}
 321              	.LCFI4:
 322              		.cfi_def_cfa_offset 12
 323              		.cfi_offset 4, -12
ARM GAS  /tmp/ccEKPt5F.s 			page 11


 324              		.cfi_offset 5, -8
 325              		.cfi_offset 14, -4
 326 0002 8BB0     		sub	sp, sp, #44
 327              	.LCFI5:
 328              		.cfi_def_cfa_offset 56
 329 0004 0400     		movs	r4, r0
 212:Src/stm32f0xx_hal_msp.c **** 
 213:Src/stm32f0xx_hal_msp.c ****   GPIO_InitTypeDef GPIO_InitStruct = {0};
 330              		.loc 1 213 3 is_stmt 1 view .LVU74
 331              		.loc 1 213 20 is_stmt 0 view .LVU75
 332 0006 1422     		movs	r2, #20
 333 0008 0021     		movs	r1, #0
 334 000a 05A8     		add	r0, sp, #20
 335              	.LVL16:
 336              		.loc 1 213 20 view .LVU76
 337 000c FFF7FEFF 		bl	memset
 338              	.LVL17:
 214:Src/stm32f0xx_hal_msp.c ****   if(hi2c->Instance==I2C1)
 339              		.loc 1 214 3 is_stmt 1 view .LVU77
 340              		.loc 1 214 10 is_stmt 0 view .LVU78
 341 0010 2368     		ldr	r3, [r4]
 342              		.loc 1 214 5 view .LVU79
 343 0012 544A     		ldr	r2, .L29
 344 0014 9342     		cmp	r3, r2
 345 0016 04D0     		beq	.L23
 215:Src/stm32f0xx_hal_msp.c ****   {
 216:Src/stm32f0xx_hal_msp.c ****   /* USER CODE BEGIN I2C1_MspInit 0 */
 217:Src/stm32f0xx_hal_msp.c **** 
 218:Src/stm32f0xx_hal_msp.c ****   /* USER CODE END I2C1_MspInit 0 */
 219:Src/stm32f0xx_hal_msp.c ****   
 220:Src/stm32f0xx_hal_msp.c ****     __HAL_RCC_GPIOB_CLK_ENABLE();
 221:Src/stm32f0xx_hal_msp.c ****     /**I2C1 GPIO Configuration    
 222:Src/stm32f0xx_hal_msp.c ****     PB6     ------> I2C1_SCL
 223:Src/stm32f0xx_hal_msp.c ****     PB7     ------> I2C1_SDA 
 224:Src/stm32f0xx_hal_msp.c ****     */
 225:Src/stm32f0xx_hal_msp.c ****     GPIO_InitStruct.Pin = OLED_SCL_Pin|OLED_SDA_Pin;
 226:Src/stm32f0xx_hal_msp.c ****     GPIO_InitStruct.Mode = GPIO_MODE_AF_OD;
 227:Src/stm32f0xx_hal_msp.c ****     GPIO_InitStruct.Pull = GPIO_PULLUP;
 228:Src/stm32f0xx_hal_msp.c ****     GPIO_InitStruct.Speed = GPIO_SPEED_FREQ_HIGH;
 229:Src/stm32f0xx_hal_msp.c ****     GPIO_InitStruct.Alternate = GPIO_AF1_I2C1;
 230:Src/stm32f0xx_hal_msp.c ****     HAL_GPIO_Init(GPIOB, &GPIO_InitStruct);
 231:Src/stm32f0xx_hal_msp.c **** 
 232:Src/stm32f0xx_hal_msp.c ****     /* Peripheral clock enable */
 233:Src/stm32f0xx_hal_msp.c ****     __HAL_RCC_I2C1_CLK_ENABLE();
 234:Src/stm32f0xx_hal_msp.c ****   
 235:Src/stm32f0xx_hal_msp.c ****     /* I2C1 DMA Init */
 236:Src/stm32f0xx_hal_msp.c ****     /* I2C1_RX Init */
 237:Src/stm32f0xx_hal_msp.c ****     hdma_i2c1_rx.Instance = DMA1_Channel3;
 238:Src/stm32f0xx_hal_msp.c ****     hdma_i2c1_rx.Init.Direction = DMA_PERIPH_TO_MEMORY;
 239:Src/stm32f0xx_hal_msp.c ****     hdma_i2c1_rx.Init.PeriphInc = DMA_PINC_DISABLE;
 240:Src/stm32f0xx_hal_msp.c ****     hdma_i2c1_rx.Init.MemInc = DMA_MINC_ENABLE;
 241:Src/stm32f0xx_hal_msp.c ****     hdma_i2c1_rx.Init.PeriphDataAlignment = DMA_PDATAALIGN_BYTE;
 242:Src/stm32f0xx_hal_msp.c ****     hdma_i2c1_rx.Init.MemDataAlignment = DMA_MDATAALIGN_BYTE;
 243:Src/stm32f0xx_hal_msp.c ****     hdma_i2c1_rx.Init.Mode = DMA_NORMAL;
 244:Src/stm32f0xx_hal_msp.c ****     hdma_i2c1_rx.Init.Priority = DMA_PRIORITY_LOW;
 245:Src/stm32f0xx_hal_msp.c ****     if (HAL_DMA_Init(&hdma_i2c1_rx) != HAL_OK)
 246:Src/stm32f0xx_hal_msp.c ****     {
ARM GAS  /tmp/ccEKPt5F.s 			page 12


 247:Src/stm32f0xx_hal_msp.c ****       Error_Handler();
 248:Src/stm32f0xx_hal_msp.c ****     }
 249:Src/stm32f0xx_hal_msp.c **** 
 250:Src/stm32f0xx_hal_msp.c ****     __HAL_LINKDMA(hi2c,hdmarx,hdma_i2c1_rx);
 251:Src/stm32f0xx_hal_msp.c **** 
 252:Src/stm32f0xx_hal_msp.c ****     /* I2C1_TX Init */
 253:Src/stm32f0xx_hal_msp.c ****     hdma_i2c1_tx.Instance = DMA1_Channel2;
 254:Src/stm32f0xx_hal_msp.c ****     hdma_i2c1_tx.Init.Direction = DMA_MEMORY_TO_PERIPH;
 255:Src/stm32f0xx_hal_msp.c ****     hdma_i2c1_tx.Init.PeriphInc = DMA_PINC_DISABLE;
 256:Src/stm32f0xx_hal_msp.c ****     hdma_i2c1_tx.Init.MemInc = DMA_MINC_ENABLE;
 257:Src/stm32f0xx_hal_msp.c ****     hdma_i2c1_tx.Init.PeriphDataAlignment = DMA_PDATAALIGN_BYTE;
 258:Src/stm32f0xx_hal_msp.c ****     hdma_i2c1_tx.Init.MemDataAlignment = DMA_MDATAALIGN_BYTE;
 259:Src/stm32f0xx_hal_msp.c ****     hdma_i2c1_tx.Init.Mode = DMA_NORMAL;
 260:Src/stm32f0xx_hal_msp.c ****     hdma_i2c1_tx.Init.Priority = DMA_PRIORITY_LOW;
 261:Src/stm32f0xx_hal_msp.c ****     if (HAL_DMA_Init(&hdma_i2c1_tx) != HAL_OK)
 262:Src/stm32f0xx_hal_msp.c ****     {
 263:Src/stm32f0xx_hal_msp.c ****       Error_Handler();
 264:Src/stm32f0xx_hal_msp.c ****     }
 265:Src/stm32f0xx_hal_msp.c **** 
 266:Src/stm32f0xx_hal_msp.c ****     __HAL_LINKDMA(hi2c,hdmatx,hdma_i2c1_tx);
 267:Src/stm32f0xx_hal_msp.c **** 
 268:Src/stm32f0xx_hal_msp.c ****   /* USER CODE BEGIN I2C1_MspInit 1 */
 269:Src/stm32f0xx_hal_msp.c **** 
 270:Src/stm32f0xx_hal_msp.c ****   /* USER CODE END I2C1_MspInit 1 */
 271:Src/stm32f0xx_hal_msp.c ****   }
 272:Src/stm32f0xx_hal_msp.c ****   else if(hi2c->Instance==I2C2)
 346              		.loc 1 272 8 is_stmt 1 view .LVU80
 347              		.loc 1 272 10 is_stmt 0 view .LVU81
 348 0018 534A     		ldr	r2, .L29+4
 349 001a 9342     		cmp	r3, r2
 350 001c 4FD0     		beq	.L24
 351              	.L16:
 273:Src/stm32f0xx_hal_msp.c ****   {
 274:Src/stm32f0xx_hal_msp.c ****   /* USER CODE BEGIN I2C2_MspInit 0 */
 275:Src/stm32f0xx_hal_msp.c **** 
 276:Src/stm32f0xx_hal_msp.c ****   /* USER CODE END I2C2_MspInit 0 */
 277:Src/stm32f0xx_hal_msp.c ****   
 278:Src/stm32f0xx_hal_msp.c ****     __HAL_RCC_GPIOB_CLK_ENABLE();
 279:Src/stm32f0xx_hal_msp.c ****     /**I2C2 GPIO Configuration    
 280:Src/stm32f0xx_hal_msp.c ****     PB10     ------> I2C2_SCL
 281:Src/stm32f0xx_hal_msp.c ****     PB11     ------> I2C2_SDA 
 282:Src/stm32f0xx_hal_msp.c ****     */
 283:Src/stm32f0xx_hal_msp.c ****     GPIO_InitStruct.Pin = USB_SCL_Pin|USB_SDA_Pin;
 284:Src/stm32f0xx_hal_msp.c ****     GPIO_InitStruct.Mode = GPIO_MODE_AF_OD;
 285:Src/stm32f0xx_hal_msp.c ****     GPIO_InitStruct.Pull = GPIO_PULLUP;
 286:Src/stm32f0xx_hal_msp.c ****     GPIO_InitStruct.Speed = GPIO_SPEED_FREQ_HIGH;
 287:Src/stm32f0xx_hal_msp.c ****     GPIO_InitStruct.Alternate = GPIO_AF1_I2C2;
 288:Src/stm32f0xx_hal_msp.c ****     HAL_GPIO_Init(GPIOB, &GPIO_InitStruct);
 289:Src/stm32f0xx_hal_msp.c **** 
 290:Src/stm32f0xx_hal_msp.c ****     /* Peripheral clock enable */
 291:Src/stm32f0xx_hal_msp.c ****     __HAL_RCC_I2C2_CLK_ENABLE();
 292:Src/stm32f0xx_hal_msp.c ****   
 293:Src/stm32f0xx_hal_msp.c ****     /* I2C2 DMA Init */
 294:Src/stm32f0xx_hal_msp.c ****     /* I2C2_RX Init */
 295:Src/stm32f0xx_hal_msp.c ****     hdma_i2c2_rx.Instance = DMA1_Channel5;
 296:Src/stm32f0xx_hal_msp.c ****     hdma_i2c2_rx.Init.Direction = DMA_PERIPH_TO_MEMORY;
 297:Src/stm32f0xx_hal_msp.c ****     hdma_i2c2_rx.Init.PeriphInc = DMA_PINC_DISABLE;
ARM GAS  /tmp/ccEKPt5F.s 			page 13


 298:Src/stm32f0xx_hal_msp.c ****     hdma_i2c2_rx.Init.MemInc = DMA_MINC_ENABLE;
 299:Src/stm32f0xx_hal_msp.c ****     hdma_i2c2_rx.Init.PeriphDataAlignment = DMA_PDATAALIGN_BYTE;
 300:Src/stm32f0xx_hal_msp.c ****     hdma_i2c2_rx.Init.MemDataAlignment = DMA_MDATAALIGN_BYTE;
 301:Src/stm32f0xx_hal_msp.c ****     hdma_i2c2_rx.Init.Mode = DMA_NORMAL;
 302:Src/stm32f0xx_hal_msp.c ****     hdma_i2c2_rx.Init.Priority = DMA_PRIORITY_HIGH;
 303:Src/stm32f0xx_hal_msp.c ****     if (HAL_DMA_Init(&hdma_i2c2_rx) != HAL_OK)
 304:Src/stm32f0xx_hal_msp.c ****     {
 305:Src/stm32f0xx_hal_msp.c ****       Error_Handler();
 306:Src/stm32f0xx_hal_msp.c ****     }
 307:Src/stm32f0xx_hal_msp.c **** 
 308:Src/stm32f0xx_hal_msp.c ****     __HAL_LINKDMA(hi2c,hdmarx,hdma_i2c2_rx);
 309:Src/stm32f0xx_hal_msp.c **** 
 310:Src/stm32f0xx_hal_msp.c ****     /* I2C2_TX Init */
 311:Src/stm32f0xx_hal_msp.c ****     hdma_i2c2_tx.Instance = DMA1_Channel4;
 312:Src/stm32f0xx_hal_msp.c ****     hdma_i2c2_tx.Init.Direction = DMA_MEMORY_TO_PERIPH;
 313:Src/stm32f0xx_hal_msp.c ****     hdma_i2c2_tx.Init.PeriphInc = DMA_PINC_DISABLE;
 314:Src/stm32f0xx_hal_msp.c ****     hdma_i2c2_tx.Init.MemInc = DMA_MINC_ENABLE;
 315:Src/stm32f0xx_hal_msp.c ****     hdma_i2c2_tx.Init.PeriphDataAlignment = DMA_PDATAALIGN_BYTE;
 316:Src/stm32f0xx_hal_msp.c ****     hdma_i2c2_tx.Init.MemDataAlignment = DMA_MDATAALIGN_BYTE;
 317:Src/stm32f0xx_hal_msp.c ****     hdma_i2c2_tx.Init.Mode = DMA_NORMAL;
 318:Src/stm32f0xx_hal_msp.c ****     hdma_i2c2_tx.Init.Priority = DMA_PRIORITY_HIGH;
 319:Src/stm32f0xx_hal_msp.c ****     if (HAL_DMA_Init(&hdma_i2c2_tx) != HAL_OK)
 320:Src/stm32f0xx_hal_msp.c ****     {
 321:Src/stm32f0xx_hal_msp.c ****       Error_Handler();
 322:Src/stm32f0xx_hal_msp.c ****     }
 323:Src/stm32f0xx_hal_msp.c **** 
 324:Src/stm32f0xx_hal_msp.c ****     __HAL_LINKDMA(hi2c,hdmatx,hdma_i2c2_tx);
 325:Src/stm32f0xx_hal_msp.c **** 
 326:Src/stm32f0xx_hal_msp.c ****   /* USER CODE BEGIN I2C2_MspInit 1 */
 327:Src/stm32f0xx_hal_msp.c **** 
 328:Src/stm32f0xx_hal_msp.c ****   /* USER CODE END I2C2_MspInit 1 */
 329:Src/stm32f0xx_hal_msp.c ****   }
 330:Src/stm32f0xx_hal_msp.c **** 
 331:Src/stm32f0xx_hal_msp.c **** }
 352              		.loc 1 331 1 view .LVU82
 353 001e 0BB0     		add	sp, sp, #44
 354              		@ sp needed
 355              	.LVL18:
 356              		.loc 1 331 1 view .LVU83
 357 0020 30BD     		pop	{r4, r5, pc}
 358              	.LVL19:
 359              	.L23:
 220:Src/stm32f0xx_hal_msp.c ****     /**I2C1 GPIO Configuration    
 360              		.loc 1 220 5 is_stmt 1 view .LVU84
 361              	.LBB6:
 220:Src/stm32f0xx_hal_msp.c ****     /**I2C1 GPIO Configuration    
 362              		.loc 1 220 5 view .LVU85
 220:Src/stm32f0xx_hal_msp.c ****     /**I2C1 GPIO Configuration    
 363              		.loc 1 220 5 view .LVU86
 364 0022 524D     		ldr	r5, .L29+8
 365 0024 6A69     		ldr	r2, [r5, #20]
 366 0026 8021     		movs	r1, #128
 367 0028 C902     		lsls	r1, r1, #11
 368 002a 0A43     		orrs	r2, r1
 369 002c 6A61     		str	r2, [r5, #20]
 220:Src/stm32f0xx_hal_msp.c ****     /**I2C1 GPIO Configuration    
 370              		.loc 1 220 5 view .LVU87
ARM GAS  /tmp/ccEKPt5F.s 			page 14


 371 002e 6B69     		ldr	r3, [r5, #20]
 372 0030 0B40     		ands	r3, r1
 373 0032 0193     		str	r3, [sp, #4]
 220:Src/stm32f0xx_hal_msp.c ****     /**I2C1 GPIO Configuration    
 374              		.loc 1 220 5 view .LVU88
 375 0034 019B     		ldr	r3, [sp, #4]
 376              	.LBE6:
 225:Src/stm32f0xx_hal_msp.c ****     GPIO_InitStruct.Mode = GPIO_MODE_AF_OD;
 377              		.loc 1 225 5 view .LVU89
 225:Src/stm32f0xx_hal_msp.c ****     GPIO_InitStruct.Mode = GPIO_MODE_AF_OD;
 378              		.loc 1 225 25 is_stmt 0 view .LVU90
 379 0036 C023     		movs	r3, #192
 380 0038 0593     		str	r3, [sp, #20]
 226:Src/stm32f0xx_hal_msp.c ****     GPIO_InitStruct.Pull = GPIO_PULLUP;
 381              		.loc 1 226 5 is_stmt 1 view .LVU91
 226:Src/stm32f0xx_hal_msp.c ****     GPIO_InitStruct.Pull = GPIO_PULLUP;
 382              		.loc 1 226 26 is_stmt 0 view .LVU92
 383 003a AE3B     		subs	r3, r3, #174
 384 003c 0693     		str	r3, [sp, #24]
 227:Src/stm32f0xx_hal_msp.c ****     GPIO_InitStruct.Speed = GPIO_SPEED_FREQ_HIGH;
 385              		.loc 1 227 5 is_stmt 1 view .LVU93
 227:Src/stm32f0xx_hal_msp.c ****     GPIO_InitStruct.Speed = GPIO_SPEED_FREQ_HIGH;
 386              		.loc 1 227 26 is_stmt 0 view .LVU94
 387 003e 113B     		subs	r3, r3, #17
 388 0040 0793     		str	r3, [sp, #28]
 228:Src/stm32f0xx_hal_msp.c ****     GPIO_InitStruct.Alternate = GPIO_AF1_I2C1;
 389              		.loc 1 228 5 is_stmt 1 view .LVU95
 228:Src/stm32f0xx_hal_msp.c ****     GPIO_InitStruct.Alternate = GPIO_AF1_I2C1;
 390              		.loc 1 228 27 is_stmt 0 view .LVU96
 391 0042 0322     		movs	r2, #3
 392 0044 0892     		str	r2, [sp, #32]
 229:Src/stm32f0xx_hal_msp.c ****     HAL_GPIO_Init(GPIOB, &GPIO_InitStruct);
 393              		.loc 1 229 5 is_stmt 1 view .LVU97
 229:Src/stm32f0xx_hal_msp.c ****     HAL_GPIO_Init(GPIOB, &GPIO_InitStruct);
 394              		.loc 1 229 31 is_stmt 0 view .LVU98
 395 0046 0993     		str	r3, [sp, #36]
 230:Src/stm32f0xx_hal_msp.c **** 
 396              		.loc 1 230 5 is_stmt 1 view .LVU99
 397 0048 05A9     		add	r1, sp, #20
 398 004a 4948     		ldr	r0, .L29+12
 399 004c FFF7FEFF 		bl	HAL_GPIO_Init
 400              	.LVL20:
 233:Src/stm32f0xx_hal_msp.c ****   
 401              		.loc 1 233 5 view .LVU100
 402              	.LBB7:
 233:Src/stm32f0xx_hal_msp.c ****   
 403              		.loc 1 233 5 view .LVU101
 233:Src/stm32f0xx_hal_msp.c ****   
 404              		.loc 1 233 5 view .LVU102
 405 0050 EA69     		ldr	r2, [r5, #28]
 406 0052 8021     		movs	r1, #128
 407 0054 8903     		lsls	r1, r1, #14
 408 0056 0A43     		orrs	r2, r1
 409 0058 EA61     		str	r2, [r5, #28]
 233:Src/stm32f0xx_hal_msp.c ****   
 410              		.loc 1 233 5 view .LVU103
 411 005a EB69     		ldr	r3, [r5, #28]
ARM GAS  /tmp/ccEKPt5F.s 			page 15


 412 005c 0B40     		ands	r3, r1
 413 005e 0293     		str	r3, [sp, #8]
 233:Src/stm32f0xx_hal_msp.c ****   
 414              		.loc 1 233 5 view .LVU104
 415 0060 029B     		ldr	r3, [sp, #8]
 416              	.LBE7:
 237:Src/stm32f0xx_hal_msp.c ****     hdma_i2c1_rx.Init.Direction = DMA_PERIPH_TO_MEMORY;
 417              		.loc 1 237 5 view .LVU105
 237:Src/stm32f0xx_hal_msp.c ****     hdma_i2c1_rx.Init.Direction = DMA_PERIPH_TO_MEMORY;
 418              		.loc 1 237 27 is_stmt 0 view .LVU106
 419 0062 4448     		ldr	r0, .L29+16
 420 0064 444B     		ldr	r3, .L29+20
 421 0066 0360     		str	r3, [r0]
 238:Src/stm32f0xx_hal_msp.c ****     hdma_i2c1_rx.Init.PeriphInc = DMA_PINC_DISABLE;
 422              		.loc 1 238 5 is_stmt 1 view .LVU107
 238:Src/stm32f0xx_hal_msp.c ****     hdma_i2c1_rx.Init.PeriphInc = DMA_PINC_DISABLE;
 423              		.loc 1 238 33 is_stmt 0 view .LVU108
 424 0068 0023     		movs	r3, #0
 425 006a 4360     		str	r3, [r0, #4]
 239:Src/stm32f0xx_hal_msp.c ****     hdma_i2c1_rx.Init.MemInc = DMA_MINC_ENABLE;
 426              		.loc 1 239 5 is_stmt 1 view .LVU109
 239:Src/stm32f0xx_hal_msp.c ****     hdma_i2c1_rx.Init.MemInc = DMA_MINC_ENABLE;
 427              		.loc 1 239 33 is_stmt 0 view .LVU110
 428 006c 8360     		str	r3, [r0, #8]
 240:Src/stm32f0xx_hal_msp.c ****     hdma_i2c1_rx.Init.PeriphDataAlignment = DMA_PDATAALIGN_BYTE;
 429              		.loc 1 240 5 is_stmt 1 view .LVU111
 240:Src/stm32f0xx_hal_msp.c ****     hdma_i2c1_rx.Init.PeriphDataAlignment = DMA_PDATAALIGN_BYTE;
 430              		.loc 1 240 30 is_stmt 0 view .LVU112
 431 006e 8022     		movs	r2, #128
 432 0070 C260     		str	r2, [r0, #12]
 241:Src/stm32f0xx_hal_msp.c ****     hdma_i2c1_rx.Init.MemDataAlignment = DMA_MDATAALIGN_BYTE;
 433              		.loc 1 241 5 is_stmt 1 view .LVU113
 241:Src/stm32f0xx_hal_msp.c ****     hdma_i2c1_rx.Init.MemDataAlignment = DMA_MDATAALIGN_BYTE;
 434              		.loc 1 241 43 is_stmt 0 view .LVU114
 435 0072 0361     		str	r3, [r0, #16]
 242:Src/stm32f0xx_hal_msp.c ****     hdma_i2c1_rx.Init.Mode = DMA_NORMAL;
 436              		.loc 1 242 5 is_stmt 1 view .LVU115
 242:Src/stm32f0xx_hal_msp.c ****     hdma_i2c1_rx.Init.Mode = DMA_NORMAL;
 437              		.loc 1 242 40 is_stmt 0 view .LVU116
 438 0074 4361     		str	r3, [r0, #20]
 243:Src/stm32f0xx_hal_msp.c ****     hdma_i2c1_rx.Init.Priority = DMA_PRIORITY_LOW;
 439              		.loc 1 243 5 is_stmt 1 view .LVU117
 243:Src/stm32f0xx_hal_msp.c ****     hdma_i2c1_rx.Init.Priority = DMA_PRIORITY_LOW;
 440              		.loc 1 243 28 is_stmt 0 view .LVU118
 441 0076 8361     		str	r3, [r0, #24]
 244:Src/stm32f0xx_hal_msp.c ****     if (HAL_DMA_Init(&hdma_i2c1_rx) != HAL_OK)
 442              		.loc 1 244 5 is_stmt 1 view .LVU119
 244:Src/stm32f0xx_hal_msp.c ****     if (HAL_DMA_Init(&hdma_i2c1_rx) != HAL_OK)
 443              		.loc 1 244 32 is_stmt 0 view .LVU120
 444 0078 C361     		str	r3, [r0, #28]
 245:Src/stm32f0xx_hal_msp.c ****     {
 445              		.loc 1 245 5 is_stmt 1 view .LVU121
 245:Src/stm32f0xx_hal_msp.c ****     {
 446              		.loc 1 245 9 is_stmt 0 view .LVU122
 447 007a FFF7FEFF 		bl	HAL_DMA_Init
 448              	.LVL21:
 245:Src/stm32f0xx_hal_msp.c ****     {
ARM GAS  /tmp/ccEKPt5F.s 			page 16


 449              		.loc 1 245 8 view .LVU123
 450 007e 0028     		cmp	r0, #0
 451 0080 17D1     		bne	.L25
 452              	.L18:
 250:Src/stm32f0xx_hal_msp.c **** 
 453              		.loc 1 250 5 is_stmt 1 view .LVU124
 250:Src/stm32f0xx_hal_msp.c **** 
 454              		.loc 1 250 5 view .LVU125
 455 0082 3C4B     		ldr	r3, .L29+16
 456 0084 E363     		str	r3, [r4, #60]
 250:Src/stm32f0xx_hal_msp.c **** 
 457              		.loc 1 250 5 view .LVU126
 458 0086 5C62     		str	r4, [r3, #36]
 253:Src/stm32f0xx_hal_msp.c ****     hdma_i2c1_tx.Init.Direction = DMA_MEMORY_TO_PERIPH;
 459              		.loc 1 253 5 view .LVU127
 253:Src/stm32f0xx_hal_msp.c ****     hdma_i2c1_tx.Init.Direction = DMA_MEMORY_TO_PERIPH;
 460              		.loc 1 253 27 is_stmt 0 view .LVU128
 461 0088 3C48     		ldr	r0, .L29+24
 462 008a 3D4B     		ldr	r3, .L29+28
 463 008c 0360     		str	r3, [r0]
 254:Src/stm32f0xx_hal_msp.c ****     hdma_i2c1_tx.Init.PeriphInc = DMA_PINC_DISABLE;
 464              		.loc 1 254 5 is_stmt 1 view .LVU129
 254:Src/stm32f0xx_hal_msp.c ****     hdma_i2c1_tx.Init.PeriphInc = DMA_PINC_DISABLE;
 465              		.loc 1 254 33 is_stmt 0 view .LVU130
 466 008e 1023     		movs	r3, #16
 467 0090 4360     		str	r3, [r0, #4]
 255:Src/stm32f0xx_hal_msp.c ****     hdma_i2c1_tx.Init.MemInc = DMA_MINC_ENABLE;
 468              		.loc 1 255 5 is_stmt 1 view .LVU131
 255:Src/stm32f0xx_hal_msp.c ****     hdma_i2c1_tx.Init.MemInc = DMA_MINC_ENABLE;
 469              		.loc 1 255 33 is_stmt 0 view .LVU132
 470 0092 0023     		movs	r3, #0
 471 0094 8360     		str	r3, [r0, #8]
 256:Src/stm32f0xx_hal_msp.c ****     hdma_i2c1_tx.Init.PeriphDataAlignment = DMA_PDATAALIGN_BYTE;
 472              		.loc 1 256 5 is_stmt 1 view .LVU133
 256:Src/stm32f0xx_hal_msp.c ****     hdma_i2c1_tx.Init.PeriphDataAlignment = DMA_PDATAALIGN_BYTE;
 473              		.loc 1 256 30 is_stmt 0 view .LVU134
 474 0096 8022     		movs	r2, #128
 475 0098 C260     		str	r2, [r0, #12]
 257:Src/stm32f0xx_hal_msp.c ****     hdma_i2c1_tx.Init.MemDataAlignment = DMA_MDATAALIGN_BYTE;
 476              		.loc 1 257 5 is_stmt 1 view .LVU135
 257:Src/stm32f0xx_hal_msp.c ****     hdma_i2c1_tx.Init.MemDataAlignment = DMA_MDATAALIGN_BYTE;
 477              		.loc 1 257 43 is_stmt 0 view .LVU136
 478 009a 0361     		str	r3, [r0, #16]
 258:Src/stm32f0xx_hal_msp.c ****     hdma_i2c1_tx.Init.Mode = DMA_NORMAL;
 479              		.loc 1 258 5 is_stmt 1 view .LVU137
 258:Src/stm32f0xx_hal_msp.c ****     hdma_i2c1_tx.Init.Mode = DMA_NORMAL;
 480              		.loc 1 258 40 is_stmt 0 view .LVU138
 481 009c 4361     		str	r3, [r0, #20]
 259:Src/stm32f0xx_hal_msp.c ****     hdma_i2c1_tx.Init.Priority = DMA_PRIORITY_LOW;
 482              		.loc 1 259 5 is_stmt 1 view .LVU139
 259:Src/stm32f0xx_hal_msp.c ****     hdma_i2c1_tx.Init.Priority = DMA_PRIORITY_LOW;
 483              		.loc 1 259 28 is_stmt 0 view .LVU140
 484 009e 8361     		str	r3, [r0, #24]
 260:Src/stm32f0xx_hal_msp.c ****     if (HAL_DMA_Init(&hdma_i2c1_tx) != HAL_OK)
 485              		.loc 1 260 5 is_stmt 1 view .LVU141
 260:Src/stm32f0xx_hal_msp.c ****     if (HAL_DMA_Init(&hdma_i2c1_tx) != HAL_OK)
 486              		.loc 1 260 32 is_stmt 0 view .LVU142
ARM GAS  /tmp/ccEKPt5F.s 			page 17


 487 00a0 C361     		str	r3, [r0, #28]
 261:Src/stm32f0xx_hal_msp.c ****     {
 488              		.loc 1 261 5 is_stmt 1 view .LVU143
 261:Src/stm32f0xx_hal_msp.c ****     {
 489              		.loc 1 261 9 is_stmt 0 view .LVU144
 490 00a2 FFF7FEFF 		bl	HAL_DMA_Init
 491              	.LVL22:
 261:Src/stm32f0xx_hal_msp.c ****     {
 492              		.loc 1 261 8 view .LVU145
 493 00a6 0028     		cmp	r0, #0
 494 00a8 06D1     		bne	.L26
 495              	.L19:
 266:Src/stm32f0xx_hal_msp.c **** 
 496              		.loc 1 266 5 is_stmt 1 view .LVU146
 266:Src/stm32f0xx_hal_msp.c **** 
 497              		.loc 1 266 5 view .LVU147
 498 00aa 344B     		ldr	r3, .L29+24
 499 00ac A363     		str	r3, [r4, #56]
 266:Src/stm32f0xx_hal_msp.c **** 
 500              		.loc 1 266 5 view .LVU148
 501 00ae 5C62     		str	r4, [r3, #36]
 502 00b0 B5E7     		b	.L16
 503              	.L25:
 247:Src/stm32f0xx_hal_msp.c ****     }
 504              		.loc 1 247 7 view .LVU149
 505 00b2 FFF7FEFF 		bl	Error_Handler
 506              	.LVL23:
 507 00b6 E4E7     		b	.L18
 508              	.L26:
 263:Src/stm32f0xx_hal_msp.c ****     }
 509              		.loc 1 263 7 view .LVU150
 510 00b8 FFF7FEFF 		bl	Error_Handler
 511              	.LVL24:
 512 00bc F5E7     		b	.L19
 513              	.L24:
 278:Src/stm32f0xx_hal_msp.c ****     /**I2C2 GPIO Configuration    
 514              		.loc 1 278 5 view .LVU151
 515              	.LBB8:
 278:Src/stm32f0xx_hal_msp.c ****     /**I2C2 GPIO Configuration    
 516              		.loc 1 278 5 view .LVU152
 278:Src/stm32f0xx_hal_msp.c ****     /**I2C2 GPIO Configuration    
 517              		.loc 1 278 5 view .LVU153
 518 00be 2B4D     		ldr	r5, .L29+8
 519 00c0 6A69     		ldr	r2, [r5, #20]
 520 00c2 8021     		movs	r1, #128
 521 00c4 C902     		lsls	r1, r1, #11
 522 00c6 0A43     		orrs	r2, r1
 523 00c8 6A61     		str	r2, [r5, #20]
 278:Src/stm32f0xx_hal_msp.c ****     /**I2C2 GPIO Configuration    
 524              		.loc 1 278 5 view .LVU154
 525 00ca 6B69     		ldr	r3, [r5, #20]
 526 00cc 0B40     		ands	r3, r1
 527 00ce 0393     		str	r3, [sp, #12]
 278:Src/stm32f0xx_hal_msp.c ****     /**I2C2 GPIO Configuration    
 528              		.loc 1 278 5 view .LVU155
 529 00d0 039B     		ldr	r3, [sp, #12]
 530              	.LBE8:
ARM GAS  /tmp/ccEKPt5F.s 			page 18


 283:Src/stm32f0xx_hal_msp.c ****     GPIO_InitStruct.Mode = GPIO_MODE_AF_OD;
 531              		.loc 1 283 5 view .LVU156
 283:Src/stm32f0xx_hal_msp.c ****     GPIO_InitStruct.Mode = GPIO_MODE_AF_OD;
 532              		.loc 1 283 25 is_stmt 0 view .LVU157
 533 00d2 C023     		movs	r3, #192
 534 00d4 1B01     		lsls	r3, r3, #4
 535 00d6 0593     		str	r3, [sp, #20]
 284:Src/stm32f0xx_hal_msp.c ****     GPIO_InitStruct.Pull = GPIO_PULLUP;
 536              		.loc 1 284 5 is_stmt 1 view .LVU158
 284:Src/stm32f0xx_hal_msp.c ****     GPIO_InitStruct.Pull = GPIO_PULLUP;
 537              		.loc 1 284 26 is_stmt 0 view .LVU159
 538 00d8 1223     		movs	r3, #18
 539 00da 0693     		str	r3, [sp, #24]
 285:Src/stm32f0xx_hal_msp.c ****     GPIO_InitStruct.Speed = GPIO_SPEED_FREQ_HIGH;
 540              		.loc 1 285 5 is_stmt 1 view .LVU160
 285:Src/stm32f0xx_hal_msp.c ****     GPIO_InitStruct.Speed = GPIO_SPEED_FREQ_HIGH;
 541              		.loc 1 285 26 is_stmt 0 view .LVU161
 542 00dc 113B     		subs	r3, r3, #17
 543 00de 0793     		str	r3, [sp, #28]
 286:Src/stm32f0xx_hal_msp.c ****     GPIO_InitStruct.Alternate = GPIO_AF1_I2C2;
 544              		.loc 1 286 5 is_stmt 1 view .LVU162
 286:Src/stm32f0xx_hal_msp.c ****     GPIO_InitStruct.Alternate = GPIO_AF1_I2C2;
 545              		.loc 1 286 27 is_stmt 0 view .LVU163
 546 00e0 0322     		movs	r2, #3
 547 00e2 0892     		str	r2, [sp, #32]
 287:Src/stm32f0xx_hal_msp.c ****     HAL_GPIO_Init(GPIOB, &GPIO_InitStruct);
 548              		.loc 1 287 5 is_stmt 1 view .LVU164
 287:Src/stm32f0xx_hal_msp.c ****     HAL_GPIO_Init(GPIOB, &GPIO_InitStruct);
 549              		.loc 1 287 31 is_stmt 0 view .LVU165
 550 00e4 0993     		str	r3, [sp, #36]
 288:Src/stm32f0xx_hal_msp.c **** 
 551              		.loc 1 288 5 is_stmt 1 view .LVU166
 552 00e6 05A9     		add	r1, sp, #20
 553 00e8 2148     		ldr	r0, .L29+12
 554 00ea FFF7FEFF 		bl	HAL_GPIO_Init
 555              	.LVL25:
 291:Src/stm32f0xx_hal_msp.c ****   
 556              		.loc 1 291 5 view .LVU167
 557              	.LBB9:
 291:Src/stm32f0xx_hal_msp.c ****   
 558              		.loc 1 291 5 view .LVU168
 291:Src/stm32f0xx_hal_msp.c ****   
 559              		.loc 1 291 5 view .LVU169
 560 00ee EA69     		ldr	r2, [r5, #28]
 561 00f0 8021     		movs	r1, #128
 562 00f2 C903     		lsls	r1, r1, #15
 563 00f4 0A43     		orrs	r2, r1
 564 00f6 EA61     		str	r2, [r5, #28]
 291:Src/stm32f0xx_hal_msp.c ****   
 565              		.loc 1 291 5 view .LVU170
 566 00f8 EB69     		ldr	r3, [r5, #28]
 567 00fa 0B40     		ands	r3, r1
 568 00fc 0493     		str	r3, [sp, #16]
 291:Src/stm32f0xx_hal_msp.c ****   
 569              		.loc 1 291 5 view .LVU171
 570 00fe 049B     		ldr	r3, [sp, #16]
 571              	.LBE9:
ARM GAS  /tmp/ccEKPt5F.s 			page 19


 295:Src/stm32f0xx_hal_msp.c ****     hdma_i2c2_rx.Init.Direction = DMA_PERIPH_TO_MEMORY;
 572              		.loc 1 295 5 view .LVU172
 295:Src/stm32f0xx_hal_msp.c ****     hdma_i2c2_rx.Init.Direction = DMA_PERIPH_TO_MEMORY;
 573              		.loc 1 295 27 is_stmt 0 view .LVU173
 574 0100 2048     		ldr	r0, .L29+32
 575 0102 214B     		ldr	r3, .L29+36
 576 0104 0360     		str	r3, [r0]
 296:Src/stm32f0xx_hal_msp.c ****     hdma_i2c2_rx.Init.PeriphInc = DMA_PINC_DISABLE;
 577              		.loc 1 296 5 is_stmt 1 view .LVU174
 296:Src/stm32f0xx_hal_msp.c ****     hdma_i2c2_rx.Init.PeriphInc = DMA_PINC_DISABLE;
 578              		.loc 1 296 33 is_stmt 0 view .LVU175
 579 0106 0023     		movs	r3, #0
 580 0108 4360     		str	r3, [r0, #4]
 297:Src/stm32f0xx_hal_msp.c ****     hdma_i2c2_rx.Init.MemInc = DMA_MINC_ENABLE;
 581              		.loc 1 297 5 is_stmt 1 view .LVU176
 297:Src/stm32f0xx_hal_msp.c ****     hdma_i2c2_rx.Init.MemInc = DMA_MINC_ENABLE;
 582              		.loc 1 297 33 is_stmt 0 view .LVU177
 583 010a 8360     		str	r3, [r0, #8]
 298:Src/stm32f0xx_hal_msp.c ****     hdma_i2c2_rx.Init.PeriphDataAlignment = DMA_PDATAALIGN_BYTE;
 584              		.loc 1 298 5 is_stmt 1 view .LVU178
 298:Src/stm32f0xx_hal_msp.c ****     hdma_i2c2_rx.Init.PeriphDataAlignment = DMA_PDATAALIGN_BYTE;
 585              		.loc 1 298 30 is_stmt 0 view .LVU179
 586 010c 8022     		movs	r2, #128
 587 010e C260     		str	r2, [r0, #12]
 299:Src/stm32f0xx_hal_msp.c ****     hdma_i2c2_rx.Init.MemDataAlignment = DMA_MDATAALIGN_BYTE;
 588              		.loc 1 299 5 is_stmt 1 view .LVU180
 299:Src/stm32f0xx_hal_msp.c ****     hdma_i2c2_rx.Init.MemDataAlignment = DMA_MDATAALIGN_BYTE;
 589              		.loc 1 299 43 is_stmt 0 view .LVU181
 590 0110 0361     		str	r3, [r0, #16]
 300:Src/stm32f0xx_hal_msp.c ****     hdma_i2c2_rx.Init.Mode = DMA_NORMAL;
 591              		.loc 1 300 5 is_stmt 1 view .LVU182
 300:Src/stm32f0xx_hal_msp.c ****     hdma_i2c2_rx.Init.Mode = DMA_NORMAL;
 592              		.loc 1 300 40 is_stmt 0 view .LVU183
 593 0112 4361     		str	r3, [r0, #20]
 301:Src/stm32f0xx_hal_msp.c ****     hdma_i2c2_rx.Init.Priority = DMA_PRIORITY_HIGH;
 594              		.loc 1 301 5 is_stmt 1 view .LVU184
 301:Src/stm32f0xx_hal_msp.c ****     hdma_i2c2_rx.Init.Priority = DMA_PRIORITY_HIGH;
 595              		.loc 1 301 28 is_stmt 0 view .LVU185
 596 0114 8361     		str	r3, [r0, #24]
 302:Src/stm32f0xx_hal_msp.c ****     if (HAL_DMA_Init(&hdma_i2c2_rx) != HAL_OK)
 597              		.loc 1 302 5 is_stmt 1 view .LVU186
 302:Src/stm32f0xx_hal_msp.c ****     if (HAL_DMA_Init(&hdma_i2c2_rx) != HAL_OK)
 598              		.loc 1 302 32 is_stmt 0 view .LVU187
 599 0116 8023     		movs	r3, #128
 600 0118 9B01     		lsls	r3, r3, #6
 601 011a C361     		str	r3, [r0, #28]
 303:Src/stm32f0xx_hal_msp.c ****     {
 602              		.loc 1 303 5 is_stmt 1 view .LVU188
 303:Src/stm32f0xx_hal_msp.c ****     {
 603              		.loc 1 303 9 is_stmt 0 view .LVU189
 604 011c FFF7FEFF 		bl	HAL_DMA_Init
 605              	.LVL26:
 303:Src/stm32f0xx_hal_msp.c ****     {
 606              		.loc 1 303 8 view .LVU190
 607 0120 0028     		cmp	r0, #0
 608 0122 19D1     		bne	.L27
 609              	.L21:
ARM GAS  /tmp/ccEKPt5F.s 			page 20


 308:Src/stm32f0xx_hal_msp.c **** 
 610              		.loc 1 308 5 is_stmt 1 view .LVU191
 308:Src/stm32f0xx_hal_msp.c **** 
 611              		.loc 1 308 5 view .LVU192
 612 0124 174B     		ldr	r3, .L29+32
 613 0126 E363     		str	r3, [r4, #60]
 308:Src/stm32f0xx_hal_msp.c **** 
 614              		.loc 1 308 5 view .LVU193
 615 0128 5C62     		str	r4, [r3, #36]
 311:Src/stm32f0xx_hal_msp.c ****     hdma_i2c2_tx.Init.Direction = DMA_MEMORY_TO_PERIPH;
 616              		.loc 1 311 5 view .LVU194
 311:Src/stm32f0xx_hal_msp.c ****     hdma_i2c2_tx.Init.Direction = DMA_MEMORY_TO_PERIPH;
 617              		.loc 1 311 27 is_stmt 0 view .LVU195
 618 012a 1848     		ldr	r0, .L29+40
 619 012c 184B     		ldr	r3, .L29+44
 620 012e 0360     		str	r3, [r0]
 312:Src/stm32f0xx_hal_msp.c ****     hdma_i2c2_tx.Init.PeriphInc = DMA_PINC_DISABLE;
 621              		.loc 1 312 5 is_stmt 1 view .LVU196
 312:Src/stm32f0xx_hal_msp.c ****     hdma_i2c2_tx.Init.PeriphInc = DMA_PINC_DISABLE;
 622              		.loc 1 312 33 is_stmt 0 view .LVU197
 623 0130 1023     		movs	r3, #16
 624 0132 4360     		str	r3, [r0, #4]
 313:Src/stm32f0xx_hal_msp.c ****     hdma_i2c2_tx.Init.MemInc = DMA_MINC_ENABLE;
 625              		.loc 1 313 5 is_stmt 1 view .LVU198
 313:Src/stm32f0xx_hal_msp.c ****     hdma_i2c2_tx.Init.MemInc = DMA_MINC_ENABLE;
 626              		.loc 1 313 33 is_stmt 0 view .LVU199
 627 0134 0023     		movs	r3, #0
 628 0136 8360     		str	r3, [r0, #8]
 314:Src/stm32f0xx_hal_msp.c ****     hdma_i2c2_tx.Init.PeriphDataAlignment = DMA_PDATAALIGN_BYTE;
 629              		.loc 1 314 5 is_stmt 1 view .LVU200
 314:Src/stm32f0xx_hal_msp.c ****     hdma_i2c2_tx.Init.PeriphDataAlignment = DMA_PDATAALIGN_BYTE;
 630              		.loc 1 314 30 is_stmt 0 view .LVU201
 631 0138 8022     		movs	r2, #128
 632 013a C260     		str	r2, [r0, #12]
 315:Src/stm32f0xx_hal_msp.c ****     hdma_i2c2_tx.Init.MemDataAlignment = DMA_MDATAALIGN_BYTE;
 633              		.loc 1 315 5 is_stmt 1 view .LVU202
 315:Src/stm32f0xx_hal_msp.c ****     hdma_i2c2_tx.Init.MemDataAlignment = DMA_MDATAALIGN_BYTE;
 634              		.loc 1 315 43 is_stmt 0 view .LVU203
 635 013c 0361     		str	r3, [r0, #16]
 316:Src/stm32f0xx_hal_msp.c ****     hdma_i2c2_tx.Init.Mode = DMA_NORMAL;
 636              		.loc 1 316 5 is_stmt 1 view .LVU204
 316:Src/stm32f0xx_hal_msp.c ****     hdma_i2c2_tx.Init.Mode = DMA_NORMAL;
 637              		.loc 1 316 40 is_stmt 0 view .LVU205
 638 013e 4361     		str	r3, [r0, #20]
 317:Src/stm32f0xx_hal_msp.c ****     hdma_i2c2_tx.Init.Priority = DMA_PRIORITY_HIGH;
 639              		.loc 1 317 5 is_stmt 1 view .LVU206
 317:Src/stm32f0xx_hal_msp.c ****     hdma_i2c2_tx.Init.Priority = DMA_PRIORITY_HIGH;
 640              		.loc 1 317 28 is_stmt 0 view .LVU207
 641 0140 8361     		str	r3, [r0, #24]
 318:Src/stm32f0xx_hal_msp.c ****     if (HAL_DMA_Init(&hdma_i2c2_tx) != HAL_OK)
 642              		.loc 1 318 5 is_stmt 1 view .LVU208
 318:Src/stm32f0xx_hal_msp.c ****     if (HAL_DMA_Init(&hdma_i2c2_tx) != HAL_OK)
 643              		.loc 1 318 32 is_stmt 0 view .LVU209
 644 0142 8023     		movs	r3, #128
 645 0144 9B01     		lsls	r3, r3, #6
 646 0146 C361     		str	r3, [r0, #28]
 319:Src/stm32f0xx_hal_msp.c ****     {
ARM GAS  /tmp/ccEKPt5F.s 			page 21


 647              		.loc 1 319 5 is_stmt 1 view .LVU210
 319:Src/stm32f0xx_hal_msp.c ****     {
 648              		.loc 1 319 9 is_stmt 0 view .LVU211
 649 0148 FFF7FEFF 		bl	HAL_DMA_Init
 650              	.LVL27:
 319:Src/stm32f0xx_hal_msp.c ****     {
 651              		.loc 1 319 8 view .LVU212
 652 014c 0028     		cmp	r0, #0
 653 014e 06D1     		bne	.L28
 654              	.L22:
 324:Src/stm32f0xx_hal_msp.c **** 
 655              		.loc 1 324 5 is_stmt 1 view .LVU213
 324:Src/stm32f0xx_hal_msp.c **** 
 656              		.loc 1 324 5 view .LVU214
 657 0150 0E4B     		ldr	r3, .L29+40
 658 0152 A363     		str	r3, [r4, #56]
 324:Src/stm32f0xx_hal_msp.c **** 
 659              		.loc 1 324 5 view .LVU215
 660 0154 5C62     		str	r4, [r3, #36]
 661              		.loc 1 331 1 is_stmt 0 view .LVU216
 662 0156 62E7     		b	.L16
 663              	.L27:
 305:Src/stm32f0xx_hal_msp.c ****     }
 664              		.loc 1 305 7 is_stmt 1 view .LVU217
 665 0158 FFF7FEFF 		bl	Error_Handler
 666              	.LVL28:
 667 015c E2E7     		b	.L21
 668              	.L28:
 321:Src/stm32f0xx_hal_msp.c ****     }
 669              		.loc 1 321 7 view .LVU218
 670 015e FFF7FEFF 		bl	Error_Handler
 671              	.LVL29:
 672 0162 F5E7     		b	.L22
 673              	.L30:
 674              		.align	2
 675              	.L29:
 676 0164 00540040 		.word	1073763328
 677 0168 00580040 		.word	1073764352
 678 016c 00100240 		.word	1073876992
 679 0170 00040048 		.word	1207960576
 680 0174 00000000 		.word	hdma_i2c1_rx
 681 0178 30000240 		.word	1073872944
 682 017c 00000000 		.word	hdma_i2c1_tx
 683 0180 1C000240 		.word	1073872924
 684 0184 00000000 		.word	hdma_i2c2_rx
 685 0188 58000240 		.word	1073872984
 686 018c 00000000 		.word	hdma_i2c2_tx
 687 0190 44000240 		.word	1073872964
 688              		.cfi_endproc
 689              	.LFE40:
 691              		.section	.text.HAL_I2C_MspDeInit,"ax",%progbits
 692              		.align	1
 693              		.global	HAL_I2C_MspDeInit
 694              		.syntax unified
 695              		.code	16
 696              		.thumb_func
 697              		.fpu softvfp
ARM GAS  /tmp/ccEKPt5F.s 			page 22


 699              	HAL_I2C_MspDeInit:
 700              	.LVL30:
 701              	.LFB41:
 332:Src/stm32f0xx_hal_msp.c **** 
 333:Src/stm32f0xx_hal_msp.c **** /**
 334:Src/stm32f0xx_hal_msp.c **** * @brief I2C MSP De-Initialization
 335:Src/stm32f0xx_hal_msp.c **** * This function freeze the hardware resources used in this example
 336:Src/stm32f0xx_hal_msp.c **** * @param hi2c: I2C handle pointer
 337:Src/stm32f0xx_hal_msp.c **** * @retval None
 338:Src/stm32f0xx_hal_msp.c **** */
 339:Src/stm32f0xx_hal_msp.c **** 
 340:Src/stm32f0xx_hal_msp.c **** void HAL_I2C_MspDeInit(I2C_HandleTypeDef* hi2c)
 341:Src/stm32f0xx_hal_msp.c **** {
 702              		.loc 1 341 1 view -0
 703              		.cfi_startproc
 704              		@ args = 0, pretend = 0, frame = 0
 705              		@ frame_needed = 0, uses_anonymous_args = 0
 706              		.loc 1 341 1 is_stmt 0 view .LVU220
 707 0000 10B5     		push	{r4, lr}
 708              	.LCFI6:
 709              		.cfi_def_cfa_offset 8
 710              		.cfi_offset 4, -8
 711              		.cfi_offset 14, -4
 712 0002 0400     		movs	r4, r0
 342:Src/stm32f0xx_hal_msp.c **** 
 343:Src/stm32f0xx_hal_msp.c ****   if(hi2c->Instance==I2C1)
 713              		.loc 1 343 3 is_stmt 1 view .LVU221
 714              		.loc 1 343 10 is_stmt 0 view .LVU222
 715 0004 0368     		ldr	r3, [r0]
 716              		.loc 1 343 5 view .LVU223
 717 0006 144A     		ldr	r2, .L36
 718 0008 9342     		cmp	r3, r2
 719 000a 03D0     		beq	.L34
 344:Src/stm32f0xx_hal_msp.c ****   {
 345:Src/stm32f0xx_hal_msp.c ****   /* USER CODE BEGIN I2C1_MspDeInit 0 */
 346:Src/stm32f0xx_hal_msp.c **** 
 347:Src/stm32f0xx_hal_msp.c ****   /* USER CODE END I2C1_MspDeInit 0 */
 348:Src/stm32f0xx_hal_msp.c ****     /* Peripheral clock disable */
 349:Src/stm32f0xx_hal_msp.c ****     __HAL_RCC_I2C1_CLK_DISABLE();
 350:Src/stm32f0xx_hal_msp.c ****   
 351:Src/stm32f0xx_hal_msp.c ****     /**I2C1 GPIO Configuration    
 352:Src/stm32f0xx_hal_msp.c ****     PB6     ------> I2C1_SCL
 353:Src/stm32f0xx_hal_msp.c ****     PB7     ------> I2C1_SDA 
 354:Src/stm32f0xx_hal_msp.c ****     */
 355:Src/stm32f0xx_hal_msp.c ****     HAL_GPIO_DeInit(GPIOB, OLED_SCL_Pin|OLED_SDA_Pin);
 356:Src/stm32f0xx_hal_msp.c **** 
 357:Src/stm32f0xx_hal_msp.c ****     /* I2C1 DMA DeInit */
 358:Src/stm32f0xx_hal_msp.c ****     HAL_DMA_DeInit(hi2c->hdmarx);
 359:Src/stm32f0xx_hal_msp.c ****     HAL_DMA_DeInit(hi2c->hdmatx);
 360:Src/stm32f0xx_hal_msp.c ****   /* USER CODE BEGIN I2C1_MspDeInit 1 */
 361:Src/stm32f0xx_hal_msp.c **** 
 362:Src/stm32f0xx_hal_msp.c ****   /* USER CODE END I2C1_MspDeInit 1 */
 363:Src/stm32f0xx_hal_msp.c ****   }
 364:Src/stm32f0xx_hal_msp.c ****   else if(hi2c->Instance==I2C2)
 720              		.loc 1 364 8 is_stmt 1 view .LVU224
 721              		.loc 1 364 10 is_stmt 0 view .LVU225
 722 000c 134A     		ldr	r2, .L36+4
ARM GAS  /tmp/ccEKPt5F.s 			page 23


 723 000e 9342     		cmp	r3, r2
 724 0010 10D0     		beq	.L35
 725              	.LVL31:
 726              	.L31:
 365:Src/stm32f0xx_hal_msp.c ****   {
 366:Src/stm32f0xx_hal_msp.c ****   /* USER CODE BEGIN I2C2_MspDeInit 0 */
 367:Src/stm32f0xx_hal_msp.c **** 
 368:Src/stm32f0xx_hal_msp.c ****   /* USER CODE END I2C2_MspDeInit 0 */
 369:Src/stm32f0xx_hal_msp.c ****     /* Peripheral clock disable */
 370:Src/stm32f0xx_hal_msp.c ****     __HAL_RCC_I2C2_CLK_DISABLE();
 371:Src/stm32f0xx_hal_msp.c ****   
 372:Src/stm32f0xx_hal_msp.c ****     /**I2C2 GPIO Configuration    
 373:Src/stm32f0xx_hal_msp.c ****     PB10     ------> I2C2_SCL
 374:Src/stm32f0xx_hal_msp.c ****     PB11     ------> I2C2_SDA 
 375:Src/stm32f0xx_hal_msp.c ****     */
 376:Src/stm32f0xx_hal_msp.c ****     HAL_GPIO_DeInit(GPIOB, USB_SCL_Pin|USB_SDA_Pin);
 377:Src/stm32f0xx_hal_msp.c **** 
 378:Src/stm32f0xx_hal_msp.c ****     /* I2C2 DMA DeInit */
 379:Src/stm32f0xx_hal_msp.c ****     HAL_DMA_DeInit(hi2c->hdmarx);
 380:Src/stm32f0xx_hal_msp.c ****     HAL_DMA_DeInit(hi2c->hdmatx);
 381:Src/stm32f0xx_hal_msp.c ****   /* USER CODE BEGIN I2C2_MspDeInit 1 */
 382:Src/stm32f0xx_hal_msp.c **** 
 383:Src/stm32f0xx_hal_msp.c ****   /* USER CODE END I2C2_MspDeInit 1 */
 384:Src/stm32f0xx_hal_msp.c ****   }
 385:Src/stm32f0xx_hal_msp.c **** 
 386:Src/stm32f0xx_hal_msp.c **** }
 727              		.loc 1 386 1 view .LVU226
 728              		@ sp needed
 729              	.LVL32:
 730              		.loc 1 386 1 view .LVU227
 731 0012 10BD     		pop	{r4, pc}
 732              	.LVL33:
 733              	.L34:
 349:Src/stm32f0xx_hal_msp.c ****   
 734              		.loc 1 349 5 is_stmt 1 view .LVU228
 735 0014 124A     		ldr	r2, .L36+8
 736 0016 D369     		ldr	r3, [r2, #28]
 737 0018 1249     		ldr	r1, .L36+12
 738 001a 0B40     		ands	r3, r1
 739 001c D361     		str	r3, [r2, #28]
 355:Src/stm32f0xx_hal_msp.c **** 
 740              		.loc 1 355 5 view .LVU229
 741 001e C021     		movs	r1, #192
 742 0020 1148     		ldr	r0, .L36+16
 743              	.LVL34:
 355:Src/stm32f0xx_hal_msp.c **** 
 744              		.loc 1 355 5 is_stmt 0 view .LVU230
 745 0022 FFF7FEFF 		bl	HAL_GPIO_DeInit
 746              	.LVL35:
 358:Src/stm32f0xx_hal_msp.c ****     HAL_DMA_DeInit(hi2c->hdmatx);
 747              		.loc 1 358 5 is_stmt 1 view .LVU231
 748 0026 E06B     		ldr	r0, [r4, #60]
 749 0028 FFF7FEFF 		bl	HAL_DMA_DeInit
 750              	.LVL36:
 359:Src/stm32f0xx_hal_msp.c ****   /* USER CODE BEGIN I2C1_MspDeInit 1 */
 751              		.loc 1 359 5 view .LVU232
 752 002c A06B     		ldr	r0, [r4, #56]
ARM GAS  /tmp/ccEKPt5F.s 			page 24


 753 002e FFF7FEFF 		bl	HAL_DMA_DeInit
 754              	.LVL37:
 755 0032 EEE7     		b	.L31
 756              	.LVL38:
 757              	.L35:
 370:Src/stm32f0xx_hal_msp.c ****   
 758              		.loc 1 370 5 view .LVU233
 759 0034 0A4A     		ldr	r2, .L36+8
 760 0036 D369     		ldr	r3, [r2, #28]
 761 0038 0C49     		ldr	r1, .L36+20
 762 003a 0B40     		ands	r3, r1
 763 003c D361     		str	r3, [r2, #28]
 376:Src/stm32f0xx_hal_msp.c **** 
 764              		.loc 1 376 5 view .LVU234
 765 003e C021     		movs	r1, #192
 766 0040 0901     		lsls	r1, r1, #4
 767 0042 0948     		ldr	r0, .L36+16
 768              	.LVL39:
 376:Src/stm32f0xx_hal_msp.c **** 
 769              		.loc 1 376 5 is_stmt 0 view .LVU235
 770 0044 FFF7FEFF 		bl	HAL_GPIO_DeInit
 771              	.LVL40:
 379:Src/stm32f0xx_hal_msp.c ****     HAL_DMA_DeInit(hi2c->hdmatx);
 772              		.loc 1 379 5 is_stmt 1 view .LVU236
 773 0048 E06B     		ldr	r0, [r4, #60]
 774 004a FFF7FEFF 		bl	HAL_DMA_DeInit
 775              	.LVL41:
 380:Src/stm32f0xx_hal_msp.c ****   /* USER CODE BEGIN I2C2_MspDeInit 1 */
 776              		.loc 1 380 5 view .LVU237
 777 004e A06B     		ldr	r0, [r4, #56]
 778 0050 FFF7FEFF 		bl	HAL_DMA_DeInit
 779              	.LVL42:
 780              		.loc 1 386 1 is_stmt 0 view .LVU238
 781 0054 DDE7     		b	.L31
 782              	.L37:
 783 0056 C046     		.align	2
 784              	.L36:
 785 0058 00540040 		.word	1073763328
 786 005c 00580040 		.word	1073764352
 787 0060 00100240 		.word	1073876992
 788 0064 FFFFDFFF 		.word	-2097153
 789 0068 00040048 		.word	1207960576
 790 006c FFFFBFFF 		.word	-4194305
 791              		.cfi_endproc
 792              	.LFE41:
 794              		.comm	ticks,4,4
 795              		.text
 796              	.Letext0:
 797              		.file 2 "/usr/arm-none-eabi/include/machine/_default_types.h"
 798              		.file 3 "/usr/arm-none-eabi/include/sys/_stdint.h"
 799              		.file 4 "Drivers/CMSIS/Device/ST/STM32F0xx/Include/system_stm32f0xx.h"
 800              		.file 5 "Drivers/CMSIS/Device/ST/STM32F0xx/Include/stm32f072xb.h"
 801              		.file 6 "/usr/arm-none-eabi/include/sys/lock.h"
 802              		.file 7 "/usr/arm-none-eabi/include/sys/_types.h"
 803              		.file 8 "/usr/lib/gcc/arm-none-eabi/8.2.0/include/stddef.h"
 804              		.file 9 "/usr/arm-none-eabi/include/sys/reent.h"
 805              		.file 10 "Drivers/STM32F0xx_HAL_Driver/Inc/stm32f0xx_hal_def.h"
ARM GAS  /tmp/ccEKPt5F.s 			page 25


 806              		.file 11 "Drivers/STM32F0xx_HAL_Driver/Inc/stm32f0xx_hal_gpio.h"
 807              		.file 12 "Drivers/STM32F0xx_HAL_Driver/Inc/stm32f0xx_hal_dma.h"
 808              		.file 13 "Drivers/STM32F0xx_HAL_Driver/Inc/stm32f0xx_hal_adc.h"
 809              		.file 14 "Drivers/STM32F0xx_HAL_Driver/Inc/stm32f0xx_hal_i2c.h"
 810              		.file 15 "Inc/main.h"
 811              		.file 16 "<built-in>"
ARM GAS  /tmp/ccEKPt5F.s 			page 26


DEFINED SYMBOLS
                            *ABS*:0000000000000000 stm32f0xx_hal_msp.c
     /tmp/ccEKPt5F.s:16     .text.HAL_MspInit:0000000000000000 $t
     /tmp/ccEKPt5F.s:24     .text.HAL_MspInit:0000000000000000 HAL_MspInit
     /tmp/ccEKPt5F.s:74     .text.HAL_MspInit:000000000000002c $d
     /tmp/ccEKPt5F.s:79     .text.HAL_ADC_MspInit:0000000000000000 $t
     /tmp/ccEKPt5F.s:86     .text.HAL_ADC_MspInit:0000000000000000 HAL_ADC_MspInit
     /tmp/ccEKPt5F.s:231    .text.HAL_ADC_MspInit:000000000000008c $d
     /tmp/ccEKPt5F.s:239    .text.HAL_ADC_MspDeInit:0000000000000000 $t
     /tmp/ccEKPt5F.s:246    .text.HAL_ADC_MspDeInit:0000000000000000 HAL_ADC_MspDeInit
     /tmp/ccEKPt5F.s:298    .text.HAL_ADC_MspDeInit:000000000000002c $d
     /tmp/ccEKPt5F.s:305    .text.HAL_I2C_MspInit:0000000000000000 $t
     /tmp/ccEKPt5F.s:312    .text.HAL_I2C_MspInit:0000000000000000 HAL_I2C_MspInit
     /tmp/ccEKPt5F.s:676    .text.HAL_I2C_MspInit:0000000000000164 $d
     /tmp/ccEKPt5F.s:692    .text.HAL_I2C_MspDeInit:0000000000000000 $t
     /tmp/ccEKPt5F.s:699    .text.HAL_I2C_MspDeInit:0000000000000000 HAL_I2C_MspDeInit
     /tmp/ccEKPt5F.s:785    .text.HAL_I2C_MspDeInit:0000000000000058 $d
                            *COM*:0000000000000004 ticks

UNDEFINED SYMBOLS
memset
HAL_GPIO_Init
HAL_DMA_Init
Error_Handler
hdma_adc
HAL_GPIO_DeInit
HAL_DMA_DeInit
hdma_i2c1_rx
hdma_i2c1_tx
hdma_i2c2_rx
hdma_i2c2_tx
