ARM GAS  /tmp/ccDUIqJ7.s 			page 1


   1              		.cpu cortex-m0
   2              		.eabi_attribute 20, 1
   3              		.eabi_attribute 21, 1
   4              		.eabi_attribute 23, 3
   5              		.eabi_attribute 24, 1
   6              		.eabi_attribute 25, 1
   7              		.eabi_attribute 26, 1
   8              		.eabi_attribute 30, 1
   9              		.eabi_attribute 34, 0
  10              		.eabi_attribute 18, 4
  11              		.file	"stm32f0xx_hal_msp.c"
  12              		.text
  13              	.Ltext0:
  14              		.cfi_sections	.debug_frame
  15              		.section	.text.HAL_MspInit,"ax",%progbits
  16              		.align	1
  17              		.global	HAL_MspInit
  18              		.arch armv6s-m
  19              		.syntax unified
  20              		.code	16
  21              		.thumb_func
  22              		.fpu softvfp
  24              	HAL_MspInit:
  25              	.LFB37:
  26              		.file 1 "Src/stm32f0xx_hal_msp.c"
   1:Src/stm32f0xx_hal_msp.c **** /* USER CODE BEGIN Header */
   2:Src/stm32f0xx_hal_msp.c **** /**
   3:Src/stm32f0xx_hal_msp.c ****   ******************************************************************************
   4:Src/stm32f0xx_hal_msp.c ****   * File Name          : stm32f0xx_hal_msp.c
   5:Src/stm32f0xx_hal_msp.c ****   * Description        : This file provides code for the MSP Initialization 
   6:Src/stm32f0xx_hal_msp.c ****   *                      and de-Initialization codes.
   7:Src/stm32f0xx_hal_msp.c ****   ******************************************************************************
   8:Src/stm32f0xx_hal_msp.c ****   * This notice applies to any and all portions of this file
   9:Src/stm32f0xx_hal_msp.c ****   * that are not between comment pairs USER CODE BEGIN and
  10:Src/stm32f0xx_hal_msp.c ****   * USER CODE END. Other portions of this file, whether 
  11:Src/stm32f0xx_hal_msp.c ****   * inserted by the user or by software development tools
  12:Src/stm32f0xx_hal_msp.c ****   * are owned by their respective copyright owners.
  13:Src/stm32f0xx_hal_msp.c ****   *
  14:Src/stm32f0xx_hal_msp.c ****   * Copyright (c) 2019 STMicroelectronics International N.V. 
  15:Src/stm32f0xx_hal_msp.c ****   * All rights reserved.
  16:Src/stm32f0xx_hal_msp.c ****   *
  17:Src/stm32f0xx_hal_msp.c ****   * Redistribution and use in source and binary forms, with or without 
  18:Src/stm32f0xx_hal_msp.c ****   * modification, are permitted, provided that the following conditions are met:
  19:Src/stm32f0xx_hal_msp.c ****   *
  20:Src/stm32f0xx_hal_msp.c ****   * 1. Redistribution of source code must retain the above copyright notice, 
  21:Src/stm32f0xx_hal_msp.c ****   *    this list of conditions and the following disclaimer.
  22:Src/stm32f0xx_hal_msp.c ****   * 2. Redistributions in binary form must reproduce the above copyright notice,
  23:Src/stm32f0xx_hal_msp.c ****   *    this list of conditions and the following disclaimer in the documentation
  24:Src/stm32f0xx_hal_msp.c ****   *    and/or other materials provided with the distribution.
  25:Src/stm32f0xx_hal_msp.c ****   * 3. Neither the name of STMicroelectronics nor the names of other 
  26:Src/stm32f0xx_hal_msp.c ****   *    contributors to this software may be used to endorse or promote products 
  27:Src/stm32f0xx_hal_msp.c ****   *    derived from this software without specific written permission.
  28:Src/stm32f0xx_hal_msp.c ****   * 4. This software, including modifications and/or derivative works of this 
  29:Src/stm32f0xx_hal_msp.c ****   *    software, must execute solely and exclusively on microcontroller or
  30:Src/stm32f0xx_hal_msp.c ****   *    microprocessor devices manufactured by or for STMicroelectronics.
  31:Src/stm32f0xx_hal_msp.c ****   * 5. Redistribution and use of this software other than as permitted under 
  32:Src/stm32f0xx_hal_msp.c ****   *    this license is void and will automatically terminate your rights under 
ARM GAS  /tmp/ccDUIqJ7.s 			page 2


  33:Src/stm32f0xx_hal_msp.c ****   *    this license. 
  34:Src/stm32f0xx_hal_msp.c ****   *
  35:Src/stm32f0xx_hal_msp.c ****   * THIS SOFTWARE IS PROVIDED BY STMICROELECTRONICS AND CONTRIBUTORS "AS IS" 
  36:Src/stm32f0xx_hal_msp.c ****   * AND ANY EXPRESS, IMPLIED OR STATUTORY WARRANTIES, INCLUDING, BUT NOT 
  37:Src/stm32f0xx_hal_msp.c ****   * LIMITED TO, THE IMPLIED WARRANTIES OF MERCHANTABILITY, FITNESS FOR A 
  38:Src/stm32f0xx_hal_msp.c ****   * PARTICULAR PURPOSE AND NON-INFRINGEMENT OF THIRD PARTY INTELLECTUAL PROPERTY
  39:Src/stm32f0xx_hal_msp.c ****   * RIGHTS ARE DISCLAIMED TO THE FULLEST EXTENT PERMITTED BY LAW. IN NO EVENT 
  40:Src/stm32f0xx_hal_msp.c ****   * SHALL STMICROELECTRONICS OR CONTRIBUTORS BE LIABLE FOR ANY DIRECT, INDIRECT,
  41:Src/stm32f0xx_hal_msp.c ****   * INCIDENTAL, SPECIAL, EXEMPLARY, OR CONSEQUENTIAL DAMAGES (INCLUDING, BUT NOT
  42:Src/stm32f0xx_hal_msp.c ****   * LIMITED TO, PROCUREMENT OF SUBSTITUTE GOODS OR SERVICES; LOSS OF USE, DATA, 
  43:Src/stm32f0xx_hal_msp.c ****   * OR PROFITS; OR BUSINESS INTERRUPTION) HOWEVER CAUSED AND ON ANY THEORY OF 
  44:Src/stm32f0xx_hal_msp.c ****   * LIABILITY, WHETHER IN CONTRACT, STRICT LIABILITY, OR TORT (INCLUDING 
  45:Src/stm32f0xx_hal_msp.c ****   * NEGLIGENCE OR OTHERWISE) ARISING IN ANY WAY OUT OF THE USE OF THIS SOFTWARE,
  46:Src/stm32f0xx_hal_msp.c ****   * EVEN IF ADVISED OF THE POSSIBILITY OF SUCH DAMAGE.
  47:Src/stm32f0xx_hal_msp.c ****   *
  48:Src/stm32f0xx_hal_msp.c ****   ******************************************************************************
  49:Src/stm32f0xx_hal_msp.c ****   */
  50:Src/stm32f0xx_hal_msp.c **** /* USER CODE END Header */
  51:Src/stm32f0xx_hal_msp.c **** 
  52:Src/stm32f0xx_hal_msp.c **** /* Includes ------------------------------------------------------------------*/
  53:Src/stm32f0xx_hal_msp.c **** #include "main.h"
  54:Src/stm32f0xx_hal_msp.c **** /* USER CODE BEGIN Includes */
  55:Src/stm32f0xx_hal_msp.c **** 
  56:Src/stm32f0xx_hal_msp.c **** /* USER CODE END Includes */
  57:Src/stm32f0xx_hal_msp.c **** extern DMA_HandleTypeDef hdma_adc;
  58:Src/stm32f0xx_hal_msp.c **** 
  59:Src/stm32f0xx_hal_msp.c **** extern DMA_HandleTypeDef hdma_i2c1_rx;
  60:Src/stm32f0xx_hal_msp.c **** 
  61:Src/stm32f0xx_hal_msp.c **** extern DMA_HandleTypeDef hdma_i2c1_tx;
  62:Src/stm32f0xx_hal_msp.c **** 
  63:Src/stm32f0xx_hal_msp.c **** extern DMA_HandleTypeDef hdma_i2c2_rx;
  64:Src/stm32f0xx_hal_msp.c **** 
  65:Src/stm32f0xx_hal_msp.c **** extern DMA_HandleTypeDef hdma_i2c2_tx;
  66:Src/stm32f0xx_hal_msp.c **** 
  67:Src/stm32f0xx_hal_msp.c **** /* Private typedef -----------------------------------------------------------*/
  68:Src/stm32f0xx_hal_msp.c **** /* USER CODE BEGIN TD */
  69:Src/stm32f0xx_hal_msp.c **** 
  70:Src/stm32f0xx_hal_msp.c **** /* USER CODE END TD */
  71:Src/stm32f0xx_hal_msp.c **** 
  72:Src/stm32f0xx_hal_msp.c **** /* Private define ------------------------------------------------------------*/
  73:Src/stm32f0xx_hal_msp.c **** /* USER CODE BEGIN Define */
  74:Src/stm32f0xx_hal_msp.c ****  
  75:Src/stm32f0xx_hal_msp.c **** /* USER CODE END Define */
  76:Src/stm32f0xx_hal_msp.c **** 
  77:Src/stm32f0xx_hal_msp.c **** /* Private macro -------------------------------------------------------------*/
  78:Src/stm32f0xx_hal_msp.c **** /* USER CODE BEGIN Macro */
  79:Src/stm32f0xx_hal_msp.c **** 
  80:Src/stm32f0xx_hal_msp.c **** /* USER CODE END Macro */
  81:Src/stm32f0xx_hal_msp.c **** 
  82:Src/stm32f0xx_hal_msp.c **** /* Private variables ---------------------------------------------------------*/
  83:Src/stm32f0xx_hal_msp.c **** /* USER CODE BEGIN PV */
  84:Src/stm32f0xx_hal_msp.c **** 
  85:Src/stm32f0xx_hal_msp.c **** /* USER CODE END PV */
  86:Src/stm32f0xx_hal_msp.c **** 
  87:Src/stm32f0xx_hal_msp.c **** /* Private function prototypes -----------------------------------------------*/
  88:Src/stm32f0xx_hal_msp.c **** /* USER CODE BEGIN PFP */
  89:Src/stm32f0xx_hal_msp.c **** 
ARM GAS  /tmp/ccDUIqJ7.s 			page 3


  90:Src/stm32f0xx_hal_msp.c **** /* USER CODE END PFP */
  91:Src/stm32f0xx_hal_msp.c **** 
  92:Src/stm32f0xx_hal_msp.c **** /* External functions --------------------------------------------------------*/
  93:Src/stm32f0xx_hal_msp.c **** /* USER CODE BEGIN ExternalFunctions */
  94:Src/stm32f0xx_hal_msp.c **** 
  95:Src/stm32f0xx_hal_msp.c **** /* USER CODE END ExternalFunctions */
  96:Src/stm32f0xx_hal_msp.c **** 
  97:Src/stm32f0xx_hal_msp.c **** /* USER CODE BEGIN 0 */
  98:Src/stm32f0xx_hal_msp.c **** 
  99:Src/stm32f0xx_hal_msp.c **** /* USER CODE END 0 */
 100:Src/stm32f0xx_hal_msp.c **** /**
 101:Src/stm32f0xx_hal_msp.c ****   * Initializes the Global MSP.
 102:Src/stm32f0xx_hal_msp.c ****   */
 103:Src/stm32f0xx_hal_msp.c **** void HAL_MspInit(void)
 104:Src/stm32f0xx_hal_msp.c **** {
  27              		.loc 1 104 1 view -0
  28              		.cfi_startproc
  29              		@ args = 0, pretend = 0, frame = 8
  30              		@ frame_needed = 0, uses_anonymous_args = 0
  31 0000 00B5     		push	{lr}
  32              	.LCFI0:
  33              		.cfi_def_cfa_offset 4
  34              		.cfi_offset 14, -4
  35 0002 83B0     		sub	sp, sp, #12
  36              	.LCFI1:
  37              		.cfi_def_cfa_offset 16
 105:Src/stm32f0xx_hal_msp.c ****   /* USER CODE BEGIN MspInit 0 */
 106:Src/stm32f0xx_hal_msp.c **** 
 107:Src/stm32f0xx_hal_msp.c ****   /* USER CODE END MspInit 0 */
 108:Src/stm32f0xx_hal_msp.c **** 
 109:Src/stm32f0xx_hal_msp.c ****   __HAL_RCC_SYSCFG_CLK_ENABLE();
  38              		.loc 1 109 3 view .LVU1
  39              	.LBB2:
  40              		.loc 1 109 3 view .LVU2
  41              		.loc 1 109 3 view .LVU3
  42 0004 0C4B     		ldr	r3, .L2
  43 0006 9969     		ldr	r1, [r3, #24]
  44 0008 0122     		movs	r2, #1
  45 000a 1143     		orrs	r1, r2
  46 000c 9961     		str	r1, [r3, #24]
  47              		.loc 1 109 3 view .LVU4
  48 000e 9969     		ldr	r1, [r3, #24]
  49 0010 0A40     		ands	r2, r1
  50 0012 0092     		str	r2, [sp]
  51              		.loc 1 109 3 view .LVU5
  52 0014 009A     		ldr	r2, [sp]
  53              	.LBE2:
 110:Src/stm32f0xx_hal_msp.c ****   __HAL_RCC_PWR_CLK_ENABLE();
  54              		.loc 1 110 3 view .LVU6
  55              	.LBB3:
  56              		.loc 1 110 3 view .LVU7
  57              		.loc 1 110 3 view .LVU8
  58 0016 DA69     		ldr	r2, [r3, #28]
  59 0018 8021     		movs	r1, #128
  60 001a 4905     		lsls	r1, r1, #21
  61 001c 0A43     		orrs	r2, r1
  62 001e DA61     		str	r2, [r3, #28]
ARM GAS  /tmp/ccDUIqJ7.s 			page 4


  63              		.loc 1 110 3 view .LVU9
  64 0020 DB69     		ldr	r3, [r3, #28]
  65 0022 0B40     		ands	r3, r1
  66 0024 0193     		str	r3, [sp, #4]
  67              		.loc 1 110 3 view .LVU10
  68 0026 019B     		ldr	r3, [sp, #4]
  69              	.LBE3:
 111:Src/stm32f0xx_hal_msp.c **** 
 112:Src/stm32f0xx_hal_msp.c ****   /* System interrupt init*/
 113:Src/stm32f0xx_hal_msp.c ****   /* PendSV_IRQn interrupt configuration */
 114:Src/stm32f0xx_hal_msp.c ****   HAL_NVIC_SetPriority(PendSV_IRQn, 3, 0);
  70              		.loc 1 114 3 view .LVU11
  71 0028 0220     		movs	r0, #2
  72 002a 0022     		movs	r2, #0
  73 002c 0321     		movs	r1, #3
  74 002e 4042     		rsbs	r0, r0, #0
  75 0030 FFF7FEFF 		bl	HAL_NVIC_SetPriority
  76              	.LVL0:
 115:Src/stm32f0xx_hal_msp.c **** 
 116:Src/stm32f0xx_hal_msp.c ****   /* USER CODE BEGIN MspInit 1 */
 117:Src/stm32f0xx_hal_msp.c **** 
 118:Src/stm32f0xx_hal_msp.c ****   /* USER CODE END MspInit 1 */
 119:Src/stm32f0xx_hal_msp.c **** }
  77              		.loc 1 119 1 is_stmt 0 view .LVU12
  78 0034 03B0     		add	sp, sp, #12
  79              		@ sp needed
  80 0036 00BD     		pop	{pc}
  81              	.L3:
  82              		.align	2
  83              	.L2:
  84 0038 00100240 		.word	1073876992
  85              		.cfi_endproc
  86              	.LFE37:
  88              		.section	.text.HAL_ADC_MspInit,"ax",%progbits
  89              		.align	1
  90              		.global	HAL_ADC_MspInit
  91              		.syntax unified
  92              		.code	16
  93              		.thumb_func
  94              		.fpu softvfp
  96              	HAL_ADC_MspInit:
  97              	.LVL1:
  98              	.LFB38:
 120:Src/stm32f0xx_hal_msp.c **** 
 121:Src/stm32f0xx_hal_msp.c **** /**
 122:Src/stm32f0xx_hal_msp.c **** * @brief ADC MSP Initialization
 123:Src/stm32f0xx_hal_msp.c **** * This function configures the hardware resources used in this example
 124:Src/stm32f0xx_hal_msp.c **** * @param hadc: ADC handle pointer
 125:Src/stm32f0xx_hal_msp.c **** * @retval None
 126:Src/stm32f0xx_hal_msp.c **** */
 127:Src/stm32f0xx_hal_msp.c **** void HAL_ADC_MspInit(ADC_HandleTypeDef* hadc)
 128:Src/stm32f0xx_hal_msp.c **** {
  99              		.loc 1 128 1 is_stmt 1 view -0
 100              		.cfi_startproc
 101              		@ args = 0, pretend = 0, frame = 32
 102              		@ frame_needed = 0, uses_anonymous_args = 0
 103              		.loc 1 128 1 is_stmt 0 view .LVU14
ARM GAS  /tmp/ccDUIqJ7.s 			page 5


 104 0000 10B5     		push	{r4, lr}
 105              	.LCFI2:
 106              		.cfi_def_cfa_offset 8
 107              		.cfi_offset 4, -8
 108              		.cfi_offset 14, -4
 109 0002 88B0     		sub	sp, sp, #32
 110              	.LCFI3:
 111              		.cfi_def_cfa_offset 40
 112 0004 0400     		movs	r4, r0
 129:Src/stm32f0xx_hal_msp.c **** 
 130:Src/stm32f0xx_hal_msp.c ****   GPIO_InitTypeDef GPIO_InitStruct = {0};
 113              		.loc 1 130 3 is_stmt 1 view .LVU15
 114              		.loc 1 130 20 is_stmt 0 view .LVU16
 115 0006 1422     		movs	r2, #20
 116 0008 0021     		movs	r1, #0
 117 000a 03A8     		add	r0, sp, #12
 118              	.LVL2:
 119              		.loc 1 130 20 view .LVU17
 120 000c FFF7FEFF 		bl	memset
 121              	.LVL3:
 131:Src/stm32f0xx_hal_msp.c ****   if(hadc->Instance==ADC1)
 122              		.loc 1 131 3 is_stmt 1 view .LVU18
 123              		.loc 1 131 5 is_stmt 0 view .LVU19
 124 0010 1E4B     		ldr	r3, .L9
 125 0012 2268     		ldr	r2, [r4]
 126 0014 9A42     		cmp	r2, r3
 127 0016 01D0     		beq	.L7
 128              	.L4:
 132:Src/stm32f0xx_hal_msp.c ****   {
 133:Src/stm32f0xx_hal_msp.c ****   /* USER CODE BEGIN ADC1_MspInit 0 */
 134:Src/stm32f0xx_hal_msp.c **** 
 135:Src/stm32f0xx_hal_msp.c ****   /* USER CODE END ADC1_MspInit 0 */
 136:Src/stm32f0xx_hal_msp.c ****     /* Peripheral clock enable */
 137:Src/stm32f0xx_hal_msp.c ****     __HAL_RCC_ADC1_CLK_ENABLE();
 138:Src/stm32f0xx_hal_msp.c ****   
 139:Src/stm32f0xx_hal_msp.c ****     __HAL_RCC_GPIOA_CLK_ENABLE();
 140:Src/stm32f0xx_hal_msp.c ****     /**ADC GPIO Configuration    
 141:Src/stm32f0xx_hal_msp.c ****     PA1     ------> ADC_IN1
 142:Src/stm32f0xx_hal_msp.c ****     PA2     ------> ADC_IN2 
 143:Src/stm32f0xx_hal_msp.c ****     */
 144:Src/stm32f0xx_hal_msp.c ****     GPIO_InitStruct.Pin = I_IN_Pin|U_IN_Pin;
 145:Src/stm32f0xx_hal_msp.c ****     GPIO_InitStruct.Mode = GPIO_MODE_ANALOG;
 146:Src/stm32f0xx_hal_msp.c ****     GPIO_InitStruct.Pull = GPIO_NOPULL;
 147:Src/stm32f0xx_hal_msp.c ****     HAL_GPIO_Init(GPIOA, &GPIO_InitStruct);
 148:Src/stm32f0xx_hal_msp.c **** 
 149:Src/stm32f0xx_hal_msp.c ****     /* ADC1 DMA Init */
 150:Src/stm32f0xx_hal_msp.c ****     /* ADC Init */
 151:Src/stm32f0xx_hal_msp.c ****     hdma_adc.Instance = DMA1_Channel1;
 152:Src/stm32f0xx_hal_msp.c ****     hdma_adc.Init.Direction = DMA_PERIPH_TO_MEMORY;
 153:Src/stm32f0xx_hal_msp.c ****     hdma_adc.Init.PeriphInc = DMA_PINC_DISABLE;
 154:Src/stm32f0xx_hal_msp.c ****     hdma_adc.Init.MemInc = DMA_MINC_ENABLE;
 155:Src/stm32f0xx_hal_msp.c ****     hdma_adc.Init.PeriphDataAlignment = DMA_PDATAALIGN_HALFWORD;
 156:Src/stm32f0xx_hal_msp.c ****     hdma_adc.Init.MemDataAlignment = DMA_MDATAALIGN_HALFWORD;
 157:Src/stm32f0xx_hal_msp.c ****     hdma_adc.Init.Mode = DMA_NORMAL;
 158:Src/stm32f0xx_hal_msp.c ****     hdma_adc.Init.Priority = DMA_PRIORITY_LOW;
 159:Src/stm32f0xx_hal_msp.c ****     if (HAL_DMA_Init(&hdma_adc) != HAL_OK)
 160:Src/stm32f0xx_hal_msp.c ****     {
ARM GAS  /tmp/ccDUIqJ7.s 			page 6


 161:Src/stm32f0xx_hal_msp.c ****       Error_Handler();
 162:Src/stm32f0xx_hal_msp.c ****     }
 163:Src/stm32f0xx_hal_msp.c **** 
 164:Src/stm32f0xx_hal_msp.c ****     __HAL_LINKDMA(hadc,DMA_Handle,hdma_adc);
 165:Src/stm32f0xx_hal_msp.c **** 
 166:Src/stm32f0xx_hal_msp.c ****   /* USER CODE BEGIN ADC1_MspInit 1 */
 167:Src/stm32f0xx_hal_msp.c **** 
 168:Src/stm32f0xx_hal_msp.c ****   /* USER CODE END ADC1_MspInit 1 */
 169:Src/stm32f0xx_hal_msp.c ****   }
 170:Src/stm32f0xx_hal_msp.c **** 
 171:Src/stm32f0xx_hal_msp.c **** }
 129              		.loc 1 171 1 view .LVU20
 130 0018 08B0     		add	sp, sp, #32
 131              		@ sp needed
 132              	.LVL4:
 133              		.loc 1 171 1 view .LVU21
 134 001a 10BD     		pop	{r4, pc}
 135              	.LVL5:
 136              	.L7:
 137:Src/stm32f0xx_hal_msp.c ****   
 137              		.loc 1 137 5 is_stmt 1 view .LVU22
 138              	.LBB4:
 137:Src/stm32f0xx_hal_msp.c ****   
 139              		.loc 1 137 5 view .LVU23
 137:Src/stm32f0xx_hal_msp.c ****   
 140              		.loc 1 137 5 view .LVU24
 141 001c 1C4B     		ldr	r3, .L9+4
 142 001e 9969     		ldr	r1, [r3, #24]
 143 0020 8020     		movs	r0, #128
 144 0022 8000     		lsls	r0, r0, #2
 145 0024 0143     		orrs	r1, r0
 146 0026 9961     		str	r1, [r3, #24]
 137:Src/stm32f0xx_hal_msp.c ****   
 147              		.loc 1 137 5 view .LVU25
 148 0028 9A69     		ldr	r2, [r3, #24]
 149 002a 0240     		ands	r2, r0
 150 002c 0192     		str	r2, [sp, #4]
 137:Src/stm32f0xx_hal_msp.c ****   
 151              		.loc 1 137 5 view .LVU26
 152 002e 019A     		ldr	r2, [sp, #4]
 153              	.LBE4:
 139:Src/stm32f0xx_hal_msp.c ****     /**ADC GPIO Configuration    
 154              		.loc 1 139 5 view .LVU27
 155              	.LBB5:
 139:Src/stm32f0xx_hal_msp.c ****     /**ADC GPIO Configuration    
 156              		.loc 1 139 5 view .LVU28
 139:Src/stm32f0xx_hal_msp.c ****     /**ADC GPIO Configuration    
 157              		.loc 1 139 5 view .LVU29
 158 0030 5A69     		ldr	r2, [r3, #20]
 159 0032 8021     		movs	r1, #128
 160 0034 8902     		lsls	r1, r1, #10
 161 0036 0A43     		orrs	r2, r1
 162 0038 5A61     		str	r2, [r3, #20]
 139:Src/stm32f0xx_hal_msp.c ****     /**ADC GPIO Configuration    
 163              		.loc 1 139 5 view .LVU30
 164 003a 5B69     		ldr	r3, [r3, #20]
 165 003c 0B40     		ands	r3, r1
ARM GAS  /tmp/ccDUIqJ7.s 			page 7


 166 003e 0293     		str	r3, [sp, #8]
 139:Src/stm32f0xx_hal_msp.c ****     /**ADC GPIO Configuration    
 167              		.loc 1 139 5 view .LVU31
 168 0040 029B     		ldr	r3, [sp, #8]
 169              	.LBE5:
 144:Src/stm32f0xx_hal_msp.c ****     GPIO_InitStruct.Mode = GPIO_MODE_ANALOG;
 170              		.loc 1 144 5 view .LVU32
 144:Src/stm32f0xx_hal_msp.c ****     GPIO_InitStruct.Mode = GPIO_MODE_ANALOG;
 171              		.loc 1 144 25 is_stmt 0 view .LVU33
 172 0042 0623     		movs	r3, #6
 173 0044 0393     		str	r3, [sp, #12]
 145:Src/stm32f0xx_hal_msp.c ****     GPIO_InitStruct.Pull = GPIO_NOPULL;
 174              		.loc 1 145 5 is_stmt 1 view .LVU34
 145:Src/stm32f0xx_hal_msp.c ****     GPIO_InitStruct.Pull = GPIO_NOPULL;
 175              		.loc 1 145 26 is_stmt 0 view .LVU35
 176 0046 033B     		subs	r3, r3, #3
 177 0048 0493     		str	r3, [sp, #16]
 146:Src/stm32f0xx_hal_msp.c ****     HAL_GPIO_Init(GPIOA, &GPIO_InitStruct);
 178              		.loc 1 146 5 is_stmt 1 view .LVU36
 147:Src/stm32f0xx_hal_msp.c **** 
 179              		.loc 1 147 5 view .LVU37
 180 004a 7138     		subs	r0, r0, #113
 181 004c FF38     		subs	r0, r0, #255
 182 004e 03A9     		add	r1, sp, #12
 183 0050 C005     		lsls	r0, r0, #23
 184 0052 FFF7FEFF 		bl	HAL_GPIO_Init
 185              	.LVL6:
 151:Src/stm32f0xx_hal_msp.c ****     hdma_adc.Init.Direction = DMA_PERIPH_TO_MEMORY;
 186              		.loc 1 151 5 view .LVU38
 151:Src/stm32f0xx_hal_msp.c ****     hdma_adc.Init.Direction = DMA_PERIPH_TO_MEMORY;
 187              		.loc 1 151 23 is_stmt 0 view .LVU39
 188 0056 0F48     		ldr	r0, .L9+8
 189 0058 0F4B     		ldr	r3, .L9+12
 190 005a 0360     		str	r3, [r0]
 152:Src/stm32f0xx_hal_msp.c ****     hdma_adc.Init.PeriphInc = DMA_PINC_DISABLE;
 191              		.loc 1 152 5 is_stmt 1 view .LVU40
 152:Src/stm32f0xx_hal_msp.c ****     hdma_adc.Init.PeriphInc = DMA_PINC_DISABLE;
 192              		.loc 1 152 29 is_stmt 0 view .LVU41
 193 005c 0023     		movs	r3, #0
 194 005e 4360     		str	r3, [r0, #4]
 153:Src/stm32f0xx_hal_msp.c ****     hdma_adc.Init.MemInc = DMA_MINC_ENABLE;
 195              		.loc 1 153 5 is_stmt 1 view .LVU42
 153:Src/stm32f0xx_hal_msp.c ****     hdma_adc.Init.MemInc = DMA_MINC_ENABLE;
 196              		.loc 1 153 29 is_stmt 0 view .LVU43
 197 0060 8360     		str	r3, [r0, #8]
 154:Src/stm32f0xx_hal_msp.c ****     hdma_adc.Init.PeriphDataAlignment = DMA_PDATAALIGN_HALFWORD;
 198              		.loc 1 154 5 is_stmt 1 view .LVU44
 154:Src/stm32f0xx_hal_msp.c ****     hdma_adc.Init.PeriphDataAlignment = DMA_PDATAALIGN_HALFWORD;
 199              		.loc 1 154 26 is_stmt 0 view .LVU45
 200 0062 8022     		movs	r2, #128
 201 0064 C260     		str	r2, [r0, #12]
 155:Src/stm32f0xx_hal_msp.c ****     hdma_adc.Init.MemDataAlignment = DMA_MDATAALIGN_HALFWORD;
 202              		.loc 1 155 5 is_stmt 1 view .LVU46
 155:Src/stm32f0xx_hal_msp.c ****     hdma_adc.Init.MemDataAlignment = DMA_MDATAALIGN_HALFWORD;
 203              		.loc 1 155 39 is_stmt 0 view .LVU47
 204 0066 8032     		adds	r2, r2, #128
 205 0068 0261     		str	r2, [r0, #16]
ARM GAS  /tmp/ccDUIqJ7.s 			page 8


 156:Src/stm32f0xx_hal_msp.c ****     hdma_adc.Init.Mode = DMA_NORMAL;
 206              		.loc 1 156 5 is_stmt 1 view .LVU48
 156:Src/stm32f0xx_hal_msp.c ****     hdma_adc.Init.Mode = DMA_NORMAL;
 207              		.loc 1 156 36 is_stmt 0 view .LVU49
 208 006a 8022     		movs	r2, #128
 209 006c D200     		lsls	r2, r2, #3
 210 006e 4261     		str	r2, [r0, #20]
 157:Src/stm32f0xx_hal_msp.c ****     hdma_adc.Init.Priority = DMA_PRIORITY_LOW;
 211              		.loc 1 157 5 is_stmt 1 view .LVU50
 157:Src/stm32f0xx_hal_msp.c ****     hdma_adc.Init.Priority = DMA_PRIORITY_LOW;
 212              		.loc 1 157 24 is_stmt 0 view .LVU51
 213 0070 8361     		str	r3, [r0, #24]
 158:Src/stm32f0xx_hal_msp.c ****     if (HAL_DMA_Init(&hdma_adc) != HAL_OK)
 214              		.loc 1 158 5 is_stmt 1 view .LVU52
 158:Src/stm32f0xx_hal_msp.c ****     if (HAL_DMA_Init(&hdma_adc) != HAL_OK)
 215              		.loc 1 158 28 is_stmt 0 view .LVU53
 216 0072 C361     		str	r3, [r0, #28]
 159:Src/stm32f0xx_hal_msp.c ****     {
 217              		.loc 1 159 5 is_stmt 1 view .LVU54
 159:Src/stm32f0xx_hal_msp.c ****     {
 218              		.loc 1 159 9 is_stmt 0 view .LVU55
 219 0074 FFF7FEFF 		bl	HAL_DMA_Init
 220              	.LVL7:
 159:Src/stm32f0xx_hal_msp.c ****     {
 221              		.loc 1 159 8 view .LVU56
 222 0078 0028     		cmp	r0, #0
 223 007a 03D1     		bne	.L8
 224              	.L6:
 164:Src/stm32f0xx_hal_msp.c **** 
 225              		.loc 1 164 5 is_stmt 1 view .LVU57
 164:Src/stm32f0xx_hal_msp.c **** 
 226              		.loc 1 164 5 view .LVU58
 227 007c 054B     		ldr	r3, .L9+8
 228 007e E363     		str	r3, [r4, #60]
 164:Src/stm32f0xx_hal_msp.c **** 
 229              		.loc 1 164 5 view .LVU59
 230 0080 5C62     		str	r4, [r3, #36]
 231              		.loc 1 171 1 is_stmt 0 view .LVU60
 232 0082 C9E7     		b	.L4
 233              	.L8:
 161:Src/stm32f0xx_hal_msp.c ****     }
 234              		.loc 1 161 7 is_stmt 1 view .LVU61
 235 0084 FFF7FEFF 		bl	Error_Handler
 236              	.LVL8:
 237 0088 F8E7     		b	.L6
 238              	.L10:
 239 008a C046     		.align	2
 240              	.L9:
 241 008c 00240140 		.word	1073816576
 242 0090 00100240 		.word	1073876992
 243 0094 00000000 		.word	hdma_adc
 244 0098 08000240 		.word	1073872904
 245              		.cfi_endproc
 246              	.LFE38:
 248              		.section	.text.HAL_ADC_MspDeInit,"ax",%progbits
 249              		.align	1
 250              		.global	HAL_ADC_MspDeInit
ARM GAS  /tmp/ccDUIqJ7.s 			page 9


 251              		.syntax unified
 252              		.code	16
 253              		.thumb_func
 254              		.fpu softvfp
 256              	HAL_ADC_MspDeInit:
 257              	.LVL9:
 258              	.LFB39:
 172:Src/stm32f0xx_hal_msp.c **** 
 173:Src/stm32f0xx_hal_msp.c **** /**
 174:Src/stm32f0xx_hal_msp.c **** * @brief ADC MSP De-Initialization
 175:Src/stm32f0xx_hal_msp.c **** * This function freeze the hardware resources used in this example
 176:Src/stm32f0xx_hal_msp.c **** * @param hadc: ADC handle pointer
 177:Src/stm32f0xx_hal_msp.c **** * @retval None
 178:Src/stm32f0xx_hal_msp.c **** */
 179:Src/stm32f0xx_hal_msp.c **** 
 180:Src/stm32f0xx_hal_msp.c **** void HAL_ADC_MspDeInit(ADC_HandleTypeDef* hadc)
 181:Src/stm32f0xx_hal_msp.c **** {
 259              		.loc 1 181 1 view -0
 260              		.cfi_startproc
 261              		@ args = 0, pretend = 0, frame = 0
 262              		@ frame_needed = 0, uses_anonymous_args = 0
 263              		.loc 1 181 1 is_stmt 0 view .LVU63
 264 0000 10B5     		push	{r4, lr}
 265              	.LCFI4:
 266              		.cfi_def_cfa_offset 8
 267              		.cfi_offset 4, -8
 268              		.cfi_offset 14, -4
 269 0002 0400     		movs	r4, r0
 182:Src/stm32f0xx_hal_msp.c **** 
 183:Src/stm32f0xx_hal_msp.c ****   if(hadc->Instance==ADC1)
 270              		.loc 1 183 3 is_stmt 1 view .LVU64
 271              		.loc 1 183 5 is_stmt 0 view .LVU65
 272 0004 094B     		ldr	r3, .L14
 273 0006 0268     		ldr	r2, [r0]
 274 0008 9A42     		cmp	r2, r3
 275 000a 00D0     		beq	.L13
 276              	.LVL10:
 277              	.L11:
 184:Src/stm32f0xx_hal_msp.c ****   {
 185:Src/stm32f0xx_hal_msp.c ****   /* USER CODE BEGIN ADC1_MspDeInit 0 */
 186:Src/stm32f0xx_hal_msp.c **** 
 187:Src/stm32f0xx_hal_msp.c ****   /* USER CODE END ADC1_MspDeInit 0 */
 188:Src/stm32f0xx_hal_msp.c ****     /* Peripheral clock disable */
 189:Src/stm32f0xx_hal_msp.c ****     __HAL_RCC_ADC1_CLK_DISABLE();
 190:Src/stm32f0xx_hal_msp.c ****   
 191:Src/stm32f0xx_hal_msp.c ****     /**ADC GPIO Configuration    
 192:Src/stm32f0xx_hal_msp.c ****     PA1     ------> ADC_IN1
 193:Src/stm32f0xx_hal_msp.c ****     PA2     ------> ADC_IN2 
 194:Src/stm32f0xx_hal_msp.c ****     */
 195:Src/stm32f0xx_hal_msp.c ****     HAL_GPIO_DeInit(GPIOA, I_IN_Pin|U_IN_Pin);
 196:Src/stm32f0xx_hal_msp.c **** 
 197:Src/stm32f0xx_hal_msp.c ****     /* ADC1 DMA DeInit */
 198:Src/stm32f0xx_hal_msp.c ****     HAL_DMA_DeInit(hadc->DMA_Handle);
 199:Src/stm32f0xx_hal_msp.c ****   /* USER CODE BEGIN ADC1_MspDeInit 1 */
 200:Src/stm32f0xx_hal_msp.c **** 
 201:Src/stm32f0xx_hal_msp.c ****   /* USER CODE END ADC1_MspDeInit 1 */
 202:Src/stm32f0xx_hal_msp.c ****   }
ARM GAS  /tmp/ccDUIqJ7.s 			page 10


 203:Src/stm32f0xx_hal_msp.c **** 
 204:Src/stm32f0xx_hal_msp.c **** }
 278              		.loc 1 204 1 view .LVU66
 279              		@ sp needed
 280              	.LVL11:
 281              		.loc 1 204 1 view .LVU67
 282 000c 10BD     		pop	{r4, pc}
 283              	.LVL12:
 284              	.L13:
 189:Src/stm32f0xx_hal_msp.c ****   
 285              		.loc 1 189 5 is_stmt 1 view .LVU68
 286 000e 084A     		ldr	r2, .L14+4
 287 0010 9369     		ldr	r3, [r2, #24]
 288 0012 0849     		ldr	r1, .L14+8
 289 0014 0B40     		ands	r3, r1
 290 0016 9361     		str	r3, [r2, #24]
 195:Src/stm32f0xx_hal_msp.c **** 
 291              		.loc 1 195 5 view .LVU69
 292 0018 9020     		movs	r0, #144
 293              	.LVL13:
 195:Src/stm32f0xx_hal_msp.c **** 
 294              		.loc 1 195 5 is_stmt 0 view .LVU70
 295 001a 0621     		movs	r1, #6
 296 001c C005     		lsls	r0, r0, #23
 297 001e FFF7FEFF 		bl	HAL_GPIO_DeInit
 298              	.LVL14:
 198:Src/stm32f0xx_hal_msp.c ****   /* USER CODE BEGIN ADC1_MspDeInit 1 */
 299              		.loc 1 198 5 is_stmt 1 view .LVU71
 300 0022 E06B     		ldr	r0, [r4, #60]
 301 0024 FFF7FEFF 		bl	HAL_DMA_DeInit
 302              	.LVL15:
 303              		.loc 1 204 1 is_stmt 0 view .LVU72
 304 0028 F0E7     		b	.L11
 305              	.L15:
 306 002a C046     		.align	2
 307              	.L14:
 308 002c 00240140 		.word	1073816576
 309 0030 00100240 		.word	1073876992
 310 0034 FFFDFFFF 		.word	-513
 311              		.cfi_endproc
 312              	.LFE39:
 314              		.section	.text.HAL_I2C_MspInit,"ax",%progbits
 315              		.align	1
 316              		.global	HAL_I2C_MspInit
 317              		.syntax unified
 318              		.code	16
 319              		.thumb_func
 320              		.fpu softvfp
 322              	HAL_I2C_MspInit:
 323              	.LVL16:
 324              	.LFB40:
 205:Src/stm32f0xx_hal_msp.c **** 
 206:Src/stm32f0xx_hal_msp.c **** /**
 207:Src/stm32f0xx_hal_msp.c **** * @brief I2C MSP Initialization
 208:Src/stm32f0xx_hal_msp.c **** * This function configures the hardware resources used in this example
 209:Src/stm32f0xx_hal_msp.c **** * @param hi2c: I2C handle pointer
 210:Src/stm32f0xx_hal_msp.c **** * @retval None
ARM GAS  /tmp/ccDUIqJ7.s 			page 11


 211:Src/stm32f0xx_hal_msp.c **** */
 212:Src/stm32f0xx_hal_msp.c **** void HAL_I2C_MspInit(I2C_HandleTypeDef* hi2c)
 213:Src/stm32f0xx_hal_msp.c **** {
 325              		.loc 1 213 1 is_stmt 1 view -0
 326              		.cfi_startproc
 327              		@ args = 0, pretend = 0, frame = 40
 328              		@ frame_needed = 0, uses_anonymous_args = 0
 329              		.loc 1 213 1 is_stmt 0 view .LVU74
 330 0000 30B5     		push	{r4, r5, lr}
 331              	.LCFI5:
 332              		.cfi_def_cfa_offset 12
 333              		.cfi_offset 4, -12
 334              		.cfi_offset 5, -8
 335              		.cfi_offset 14, -4
 336 0002 8BB0     		sub	sp, sp, #44
 337              	.LCFI6:
 338              		.cfi_def_cfa_offset 56
 339 0004 0400     		movs	r4, r0
 214:Src/stm32f0xx_hal_msp.c **** 
 215:Src/stm32f0xx_hal_msp.c ****   GPIO_InitTypeDef GPIO_InitStruct = {0};
 340              		.loc 1 215 3 is_stmt 1 view .LVU75
 341              		.loc 1 215 20 is_stmt 0 view .LVU76
 342 0006 1422     		movs	r2, #20
 343 0008 0021     		movs	r1, #0
 344 000a 05A8     		add	r0, sp, #20
 345              	.LVL17:
 346              		.loc 1 215 20 view .LVU77
 347 000c FFF7FEFF 		bl	memset
 348              	.LVL18:
 216:Src/stm32f0xx_hal_msp.c ****   if(hi2c->Instance==I2C1)
 349              		.loc 1 216 3 is_stmt 1 view .LVU78
 350              		.loc 1 216 10 is_stmt 0 view .LVU79
 351 0010 2368     		ldr	r3, [r4]
 352              		.loc 1 216 5 view .LVU80
 353 0012 544A     		ldr	r2, .L29
 354 0014 9342     		cmp	r3, r2
 355 0016 04D0     		beq	.L23
 217:Src/stm32f0xx_hal_msp.c ****   {
 218:Src/stm32f0xx_hal_msp.c ****   /* USER CODE BEGIN I2C1_MspInit 0 */
 219:Src/stm32f0xx_hal_msp.c **** 
 220:Src/stm32f0xx_hal_msp.c ****   /* USER CODE END I2C1_MspInit 0 */
 221:Src/stm32f0xx_hal_msp.c ****   
 222:Src/stm32f0xx_hal_msp.c ****     __HAL_RCC_GPIOB_CLK_ENABLE();
 223:Src/stm32f0xx_hal_msp.c ****     /**I2C1 GPIO Configuration    
 224:Src/stm32f0xx_hal_msp.c ****     PB6     ------> I2C1_SCL
 225:Src/stm32f0xx_hal_msp.c ****     PB7     ------> I2C1_SDA 
 226:Src/stm32f0xx_hal_msp.c ****     */
 227:Src/stm32f0xx_hal_msp.c ****     GPIO_InitStruct.Pin = OLED_SCL_Pin|OLED_SDA_Pin;
 228:Src/stm32f0xx_hal_msp.c ****     GPIO_InitStruct.Mode = GPIO_MODE_AF_OD;
 229:Src/stm32f0xx_hal_msp.c ****     GPIO_InitStruct.Pull = GPIO_PULLUP;
 230:Src/stm32f0xx_hal_msp.c ****     GPIO_InitStruct.Speed = GPIO_SPEED_FREQ_HIGH;
 231:Src/stm32f0xx_hal_msp.c ****     GPIO_InitStruct.Alternate = GPIO_AF1_I2C1;
 232:Src/stm32f0xx_hal_msp.c ****     HAL_GPIO_Init(GPIOB, &GPIO_InitStruct);
 233:Src/stm32f0xx_hal_msp.c **** 
 234:Src/stm32f0xx_hal_msp.c ****     /* Peripheral clock enable */
 235:Src/stm32f0xx_hal_msp.c ****     __HAL_RCC_I2C1_CLK_ENABLE();
 236:Src/stm32f0xx_hal_msp.c ****   
ARM GAS  /tmp/ccDUIqJ7.s 			page 12


 237:Src/stm32f0xx_hal_msp.c ****     /* I2C1 DMA Init */
 238:Src/stm32f0xx_hal_msp.c ****     /* I2C1_RX Init */
 239:Src/stm32f0xx_hal_msp.c ****     hdma_i2c1_rx.Instance = DMA1_Channel3;
 240:Src/stm32f0xx_hal_msp.c ****     hdma_i2c1_rx.Init.Direction = DMA_PERIPH_TO_MEMORY;
 241:Src/stm32f0xx_hal_msp.c ****     hdma_i2c1_rx.Init.PeriphInc = DMA_PINC_DISABLE;
 242:Src/stm32f0xx_hal_msp.c ****     hdma_i2c1_rx.Init.MemInc = DMA_MINC_ENABLE;
 243:Src/stm32f0xx_hal_msp.c ****     hdma_i2c1_rx.Init.PeriphDataAlignment = DMA_PDATAALIGN_BYTE;
 244:Src/stm32f0xx_hal_msp.c ****     hdma_i2c1_rx.Init.MemDataAlignment = DMA_MDATAALIGN_BYTE;
 245:Src/stm32f0xx_hal_msp.c ****     hdma_i2c1_rx.Init.Mode = DMA_NORMAL;
 246:Src/stm32f0xx_hal_msp.c ****     hdma_i2c1_rx.Init.Priority = DMA_PRIORITY_LOW;
 247:Src/stm32f0xx_hal_msp.c ****     if (HAL_DMA_Init(&hdma_i2c1_rx) != HAL_OK)
 248:Src/stm32f0xx_hal_msp.c ****     {
 249:Src/stm32f0xx_hal_msp.c ****       Error_Handler();
 250:Src/stm32f0xx_hal_msp.c ****     }
 251:Src/stm32f0xx_hal_msp.c **** 
 252:Src/stm32f0xx_hal_msp.c ****     __HAL_LINKDMA(hi2c,hdmarx,hdma_i2c1_rx);
 253:Src/stm32f0xx_hal_msp.c **** 
 254:Src/stm32f0xx_hal_msp.c ****     /* I2C1_TX Init */
 255:Src/stm32f0xx_hal_msp.c ****     hdma_i2c1_tx.Instance = DMA1_Channel2;
 256:Src/stm32f0xx_hal_msp.c ****     hdma_i2c1_tx.Init.Direction = DMA_MEMORY_TO_PERIPH;
 257:Src/stm32f0xx_hal_msp.c ****     hdma_i2c1_tx.Init.PeriphInc = DMA_PINC_DISABLE;
 258:Src/stm32f0xx_hal_msp.c ****     hdma_i2c1_tx.Init.MemInc = DMA_MINC_ENABLE;
 259:Src/stm32f0xx_hal_msp.c ****     hdma_i2c1_tx.Init.PeriphDataAlignment = DMA_PDATAALIGN_BYTE;
 260:Src/stm32f0xx_hal_msp.c ****     hdma_i2c1_tx.Init.MemDataAlignment = DMA_MDATAALIGN_BYTE;
 261:Src/stm32f0xx_hal_msp.c ****     hdma_i2c1_tx.Init.Mode = DMA_NORMAL;
 262:Src/stm32f0xx_hal_msp.c ****     hdma_i2c1_tx.Init.Priority = DMA_PRIORITY_LOW;
 263:Src/stm32f0xx_hal_msp.c ****     if (HAL_DMA_Init(&hdma_i2c1_tx) != HAL_OK)
 264:Src/stm32f0xx_hal_msp.c ****     {
 265:Src/stm32f0xx_hal_msp.c ****       Error_Handler();
 266:Src/stm32f0xx_hal_msp.c ****     }
 267:Src/stm32f0xx_hal_msp.c **** 
 268:Src/stm32f0xx_hal_msp.c ****     __HAL_LINKDMA(hi2c,hdmatx,hdma_i2c1_tx);
 269:Src/stm32f0xx_hal_msp.c **** 
 270:Src/stm32f0xx_hal_msp.c ****   /* USER CODE BEGIN I2C1_MspInit 1 */
 271:Src/stm32f0xx_hal_msp.c **** 
 272:Src/stm32f0xx_hal_msp.c ****   /* USER CODE END I2C1_MspInit 1 */
 273:Src/stm32f0xx_hal_msp.c ****   }
 274:Src/stm32f0xx_hal_msp.c ****   else if(hi2c->Instance==I2C2)
 356              		.loc 1 274 8 is_stmt 1 view .LVU81
 357              		.loc 1 274 10 is_stmt 0 view .LVU82
 358 0018 534A     		ldr	r2, .L29+4
 359 001a 9342     		cmp	r3, r2
 360 001c 4FD0     		beq	.L24
 361              	.L16:
 275:Src/stm32f0xx_hal_msp.c ****   {
 276:Src/stm32f0xx_hal_msp.c ****   /* USER CODE BEGIN I2C2_MspInit 0 */
 277:Src/stm32f0xx_hal_msp.c **** 
 278:Src/stm32f0xx_hal_msp.c ****   /* USER CODE END I2C2_MspInit 0 */
 279:Src/stm32f0xx_hal_msp.c ****   
 280:Src/stm32f0xx_hal_msp.c ****     __HAL_RCC_GPIOB_CLK_ENABLE();
 281:Src/stm32f0xx_hal_msp.c ****     /**I2C2 GPIO Configuration    
 282:Src/stm32f0xx_hal_msp.c ****     PB10     ------> I2C2_SCL
 283:Src/stm32f0xx_hal_msp.c ****     PB11     ------> I2C2_SDA 
 284:Src/stm32f0xx_hal_msp.c ****     */
 285:Src/stm32f0xx_hal_msp.c ****     GPIO_InitStruct.Pin = USB_SCL_Pin|USB_SDA_Pin;
 286:Src/stm32f0xx_hal_msp.c ****     GPIO_InitStruct.Mode = GPIO_MODE_AF_OD;
 287:Src/stm32f0xx_hal_msp.c ****     GPIO_InitStruct.Pull = GPIO_PULLUP;
ARM GAS  /tmp/ccDUIqJ7.s 			page 13


 288:Src/stm32f0xx_hal_msp.c ****     GPIO_InitStruct.Speed = GPIO_SPEED_FREQ_HIGH;
 289:Src/stm32f0xx_hal_msp.c ****     GPIO_InitStruct.Alternate = GPIO_AF1_I2C2;
 290:Src/stm32f0xx_hal_msp.c ****     HAL_GPIO_Init(GPIOB, &GPIO_InitStruct);
 291:Src/stm32f0xx_hal_msp.c **** 
 292:Src/stm32f0xx_hal_msp.c ****     /* Peripheral clock enable */
 293:Src/stm32f0xx_hal_msp.c ****     __HAL_RCC_I2C2_CLK_ENABLE();
 294:Src/stm32f0xx_hal_msp.c ****   
 295:Src/stm32f0xx_hal_msp.c ****     /* I2C2 DMA Init */
 296:Src/stm32f0xx_hal_msp.c ****     /* I2C2_RX Init */
 297:Src/stm32f0xx_hal_msp.c ****     hdma_i2c2_rx.Instance = DMA1_Channel5;
 298:Src/stm32f0xx_hal_msp.c ****     hdma_i2c2_rx.Init.Direction = DMA_PERIPH_TO_MEMORY;
 299:Src/stm32f0xx_hal_msp.c ****     hdma_i2c2_rx.Init.PeriphInc = DMA_PINC_DISABLE;
 300:Src/stm32f0xx_hal_msp.c ****     hdma_i2c2_rx.Init.MemInc = DMA_MINC_ENABLE;
 301:Src/stm32f0xx_hal_msp.c ****     hdma_i2c2_rx.Init.PeriphDataAlignment = DMA_PDATAALIGN_BYTE;
 302:Src/stm32f0xx_hal_msp.c ****     hdma_i2c2_rx.Init.MemDataAlignment = DMA_MDATAALIGN_BYTE;
 303:Src/stm32f0xx_hal_msp.c ****     hdma_i2c2_rx.Init.Mode = DMA_NORMAL;
 304:Src/stm32f0xx_hal_msp.c ****     hdma_i2c2_rx.Init.Priority = DMA_PRIORITY_HIGH;
 305:Src/stm32f0xx_hal_msp.c ****     if (HAL_DMA_Init(&hdma_i2c2_rx) != HAL_OK)
 306:Src/stm32f0xx_hal_msp.c ****     {
 307:Src/stm32f0xx_hal_msp.c ****       Error_Handler();
 308:Src/stm32f0xx_hal_msp.c ****     }
 309:Src/stm32f0xx_hal_msp.c **** 
 310:Src/stm32f0xx_hal_msp.c ****     __HAL_LINKDMA(hi2c,hdmarx,hdma_i2c2_rx);
 311:Src/stm32f0xx_hal_msp.c **** 
 312:Src/stm32f0xx_hal_msp.c ****     /* I2C2_TX Init */
 313:Src/stm32f0xx_hal_msp.c ****     hdma_i2c2_tx.Instance = DMA1_Channel4;
 314:Src/stm32f0xx_hal_msp.c ****     hdma_i2c2_tx.Init.Direction = DMA_MEMORY_TO_PERIPH;
 315:Src/stm32f0xx_hal_msp.c ****     hdma_i2c2_tx.Init.PeriphInc = DMA_PINC_DISABLE;
 316:Src/stm32f0xx_hal_msp.c ****     hdma_i2c2_tx.Init.MemInc = DMA_MINC_ENABLE;
 317:Src/stm32f0xx_hal_msp.c ****     hdma_i2c2_tx.Init.PeriphDataAlignment = DMA_PDATAALIGN_BYTE;
 318:Src/stm32f0xx_hal_msp.c ****     hdma_i2c2_tx.Init.MemDataAlignment = DMA_MDATAALIGN_BYTE;
 319:Src/stm32f0xx_hal_msp.c ****     hdma_i2c2_tx.Init.Mode = DMA_NORMAL;
 320:Src/stm32f0xx_hal_msp.c ****     hdma_i2c2_tx.Init.Priority = DMA_PRIORITY_HIGH;
 321:Src/stm32f0xx_hal_msp.c ****     if (HAL_DMA_Init(&hdma_i2c2_tx) != HAL_OK)
 322:Src/stm32f0xx_hal_msp.c ****     {
 323:Src/stm32f0xx_hal_msp.c ****       Error_Handler();
 324:Src/stm32f0xx_hal_msp.c ****     }
 325:Src/stm32f0xx_hal_msp.c **** 
 326:Src/stm32f0xx_hal_msp.c ****     __HAL_LINKDMA(hi2c,hdmatx,hdma_i2c2_tx);
 327:Src/stm32f0xx_hal_msp.c **** 
 328:Src/stm32f0xx_hal_msp.c ****   /* USER CODE BEGIN I2C2_MspInit 1 */
 329:Src/stm32f0xx_hal_msp.c **** 
 330:Src/stm32f0xx_hal_msp.c ****   /* USER CODE END I2C2_MspInit 1 */
 331:Src/stm32f0xx_hal_msp.c ****   }
 332:Src/stm32f0xx_hal_msp.c **** 
 333:Src/stm32f0xx_hal_msp.c **** }
 362              		.loc 1 333 1 view .LVU83
 363 001e 0BB0     		add	sp, sp, #44
 364              		@ sp needed
 365              	.LVL19:
 366              		.loc 1 333 1 view .LVU84
 367 0020 30BD     		pop	{r4, r5, pc}
 368              	.LVL20:
 369              	.L23:
 222:Src/stm32f0xx_hal_msp.c ****     /**I2C1 GPIO Configuration    
 370              		.loc 1 222 5 is_stmt 1 view .LVU85
 371              	.LBB6:
ARM GAS  /tmp/ccDUIqJ7.s 			page 14


 222:Src/stm32f0xx_hal_msp.c ****     /**I2C1 GPIO Configuration    
 372              		.loc 1 222 5 view .LVU86
 222:Src/stm32f0xx_hal_msp.c ****     /**I2C1 GPIO Configuration    
 373              		.loc 1 222 5 view .LVU87
 374 0022 524D     		ldr	r5, .L29+8
 375 0024 6A69     		ldr	r2, [r5, #20]
 376 0026 8021     		movs	r1, #128
 377 0028 C902     		lsls	r1, r1, #11
 378 002a 0A43     		orrs	r2, r1
 379 002c 6A61     		str	r2, [r5, #20]
 222:Src/stm32f0xx_hal_msp.c ****     /**I2C1 GPIO Configuration    
 380              		.loc 1 222 5 view .LVU88
 381 002e 6B69     		ldr	r3, [r5, #20]
 382 0030 0B40     		ands	r3, r1
 383 0032 0193     		str	r3, [sp, #4]
 222:Src/stm32f0xx_hal_msp.c ****     /**I2C1 GPIO Configuration    
 384              		.loc 1 222 5 view .LVU89
 385 0034 019B     		ldr	r3, [sp, #4]
 386              	.LBE6:
 227:Src/stm32f0xx_hal_msp.c ****     GPIO_InitStruct.Mode = GPIO_MODE_AF_OD;
 387              		.loc 1 227 5 view .LVU90
 227:Src/stm32f0xx_hal_msp.c ****     GPIO_InitStruct.Mode = GPIO_MODE_AF_OD;
 388              		.loc 1 227 25 is_stmt 0 view .LVU91
 389 0036 C023     		movs	r3, #192
 390 0038 0593     		str	r3, [sp, #20]
 228:Src/stm32f0xx_hal_msp.c ****     GPIO_InitStruct.Pull = GPIO_PULLUP;
 391              		.loc 1 228 5 is_stmt 1 view .LVU92
 228:Src/stm32f0xx_hal_msp.c ****     GPIO_InitStruct.Pull = GPIO_PULLUP;
 392              		.loc 1 228 26 is_stmt 0 view .LVU93
 393 003a AE3B     		subs	r3, r3, #174
 394 003c 0693     		str	r3, [sp, #24]
 229:Src/stm32f0xx_hal_msp.c ****     GPIO_InitStruct.Speed = GPIO_SPEED_FREQ_HIGH;
 395              		.loc 1 229 5 is_stmt 1 view .LVU94
 229:Src/stm32f0xx_hal_msp.c ****     GPIO_InitStruct.Speed = GPIO_SPEED_FREQ_HIGH;
 396              		.loc 1 229 26 is_stmt 0 view .LVU95
 397 003e 113B     		subs	r3, r3, #17
 398 0040 0793     		str	r3, [sp, #28]
 230:Src/stm32f0xx_hal_msp.c ****     GPIO_InitStruct.Alternate = GPIO_AF1_I2C1;
 399              		.loc 1 230 5 is_stmt 1 view .LVU96
 230:Src/stm32f0xx_hal_msp.c ****     GPIO_InitStruct.Alternate = GPIO_AF1_I2C1;
 400              		.loc 1 230 27 is_stmt 0 view .LVU97
 401 0042 0322     		movs	r2, #3
 402 0044 0892     		str	r2, [sp, #32]
 231:Src/stm32f0xx_hal_msp.c ****     HAL_GPIO_Init(GPIOB, &GPIO_InitStruct);
 403              		.loc 1 231 5 is_stmt 1 view .LVU98
 231:Src/stm32f0xx_hal_msp.c ****     HAL_GPIO_Init(GPIOB, &GPIO_InitStruct);
 404              		.loc 1 231 31 is_stmt 0 view .LVU99
 405 0046 0993     		str	r3, [sp, #36]
 232:Src/stm32f0xx_hal_msp.c **** 
 406              		.loc 1 232 5 is_stmt 1 view .LVU100
 407 0048 05A9     		add	r1, sp, #20
 408 004a 4948     		ldr	r0, .L29+12
 409 004c FFF7FEFF 		bl	HAL_GPIO_Init
 410              	.LVL21:
 235:Src/stm32f0xx_hal_msp.c ****   
 411              		.loc 1 235 5 view .LVU101
 412              	.LBB7:
ARM GAS  /tmp/ccDUIqJ7.s 			page 15


 235:Src/stm32f0xx_hal_msp.c ****   
 413              		.loc 1 235 5 view .LVU102
 235:Src/stm32f0xx_hal_msp.c ****   
 414              		.loc 1 235 5 view .LVU103
 415 0050 EA69     		ldr	r2, [r5, #28]
 416 0052 8021     		movs	r1, #128
 417 0054 8903     		lsls	r1, r1, #14
 418 0056 0A43     		orrs	r2, r1
 419 0058 EA61     		str	r2, [r5, #28]
 235:Src/stm32f0xx_hal_msp.c ****   
 420              		.loc 1 235 5 view .LVU104
 421 005a EB69     		ldr	r3, [r5, #28]
 422 005c 0B40     		ands	r3, r1
 423 005e 0293     		str	r3, [sp, #8]
 235:Src/stm32f0xx_hal_msp.c ****   
 424              		.loc 1 235 5 view .LVU105
 425 0060 029B     		ldr	r3, [sp, #8]
 426              	.LBE7:
 239:Src/stm32f0xx_hal_msp.c ****     hdma_i2c1_rx.Init.Direction = DMA_PERIPH_TO_MEMORY;
 427              		.loc 1 239 5 view .LVU106
 239:Src/stm32f0xx_hal_msp.c ****     hdma_i2c1_rx.Init.Direction = DMA_PERIPH_TO_MEMORY;
 428              		.loc 1 239 27 is_stmt 0 view .LVU107
 429 0062 4448     		ldr	r0, .L29+16
 430 0064 444B     		ldr	r3, .L29+20
 431 0066 0360     		str	r3, [r0]
 240:Src/stm32f0xx_hal_msp.c ****     hdma_i2c1_rx.Init.PeriphInc = DMA_PINC_DISABLE;
 432              		.loc 1 240 5 is_stmt 1 view .LVU108
 240:Src/stm32f0xx_hal_msp.c ****     hdma_i2c1_rx.Init.PeriphInc = DMA_PINC_DISABLE;
 433              		.loc 1 240 33 is_stmt 0 view .LVU109
 434 0068 0023     		movs	r3, #0
 435 006a 4360     		str	r3, [r0, #4]
 241:Src/stm32f0xx_hal_msp.c ****     hdma_i2c1_rx.Init.MemInc = DMA_MINC_ENABLE;
 436              		.loc 1 241 5 is_stmt 1 view .LVU110
 241:Src/stm32f0xx_hal_msp.c ****     hdma_i2c1_rx.Init.MemInc = DMA_MINC_ENABLE;
 437              		.loc 1 241 33 is_stmt 0 view .LVU111
 438 006c 8360     		str	r3, [r0, #8]
 242:Src/stm32f0xx_hal_msp.c ****     hdma_i2c1_rx.Init.PeriphDataAlignment = DMA_PDATAALIGN_BYTE;
 439              		.loc 1 242 5 is_stmt 1 view .LVU112
 242:Src/stm32f0xx_hal_msp.c ****     hdma_i2c1_rx.Init.PeriphDataAlignment = DMA_PDATAALIGN_BYTE;
 440              		.loc 1 242 30 is_stmt 0 view .LVU113
 441 006e 8022     		movs	r2, #128
 442 0070 C260     		str	r2, [r0, #12]
 243:Src/stm32f0xx_hal_msp.c ****     hdma_i2c1_rx.Init.MemDataAlignment = DMA_MDATAALIGN_BYTE;
 443              		.loc 1 243 5 is_stmt 1 view .LVU114
 243:Src/stm32f0xx_hal_msp.c ****     hdma_i2c1_rx.Init.MemDataAlignment = DMA_MDATAALIGN_BYTE;
 444              		.loc 1 243 43 is_stmt 0 view .LVU115
 445 0072 0361     		str	r3, [r0, #16]
 244:Src/stm32f0xx_hal_msp.c ****     hdma_i2c1_rx.Init.Mode = DMA_NORMAL;
 446              		.loc 1 244 5 is_stmt 1 view .LVU116
 244:Src/stm32f0xx_hal_msp.c ****     hdma_i2c1_rx.Init.Mode = DMA_NORMAL;
 447              		.loc 1 244 40 is_stmt 0 view .LVU117
 448 0074 4361     		str	r3, [r0, #20]
 245:Src/stm32f0xx_hal_msp.c ****     hdma_i2c1_rx.Init.Priority = DMA_PRIORITY_LOW;
 449              		.loc 1 245 5 is_stmt 1 view .LVU118
 245:Src/stm32f0xx_hal_msp.c ****     hdma_i2c1_rx.Init.Priority = DMA_PRIORITY_LOW;
 450              		.loc 1 245 28 is_stmt 0 view .LVU119
 451 0076 8361     		str	r3, [r0, #24]
ARM GAS  /tmp/ccDUIqJ7.s 			page 16


 246:Src/stm32f0xx_hal_msp.c ****     if (HAL_DMA_Init(&hdma_i2c1_rx) != HAL_OK)
 452              		.loc 1 246 5 is_stmt 1 view .LVU120
 246:Src/stm32f0xx_hal_msp.c ****     if (HAL_DMA_Init(&hdma_i2c1_rx) != HAL_OK)
 453              		.loc 1 246 32 is_stmt 0 view .LVU121
 454 0078 C361     		str	r3, [r0, #28]
 247:Src/stm32f0xx_hal_msp.c ****     {
 455              		.loc 1 247 5 is_stmt 1 view .LVU122
 247:Src/stm32f0xx_hal_msp.c ****     {
 456              		.loc 1 247 9 is_stmt 0 view .LVU123
 457 007a FFF7FEFF 		bl	HAL_DMA_Init
 458              	.LVL22:
 247:Src/stm32f0xx_hal_msp.c ****     {
 459              		.loc 1 247 8 view .LVU124
 460 007e 0028     		cmp	r0, #0
 461 0080 17D1     		bne	.L25
 462              	.L18:
 252:Src/stm32f0xx_hal_msp.c **** 
 463              		.loc 1 252 5 is_stmt 1 view .LVU125
 252:Src/stm32f0xx_hal_msp.c **** 
 464              		.loc 1 252 5 view .LVU126
 465 0082 3C4B     		ldr	r3, .L29+16
 466 0084 E363     		str	r3, [r4, #60]
 252:Src/stm32f0xx_hal_msp.c **** 
 467              		.loc 1 252 5 view .LVU127
 468 0086 5C62     		str	r4, [r3, #36]
 255:Src/stm32f0xx_hal_msp.c ****     hdma_i2c1_tx.Init.Direction = DMA_MEMORY_TO_PERIPH;
 469              		.loc 1 255 5 view .LVU128
 255:Src/stm32f0xx_hal_msp.c ****     hdma_i2c1_tx.Init.Direction = DMA_MEMORY_TO_PERIPH;
 470              		.loc 1 255 27 is_stmt 0 view .LVU129
 471 0088 3C48     		ldr	r0, .L29+24
 472 008a 3D4B     		ldr	r3, .L29+28
 473 008c 0360     		str	r3, [r0]
 256:Src/stm32f0xx_hal_msp.c ****     hdma_i2c1_tx.Init.PeriphInc = DMA_PINC_DISABLE;
 474              		.loc 1 256 5 is_stmt 1 view .LVU130
 256:Src/stm32f0xx_hal_msp.c ****     hdma_i2c1_tx.Init.PeriphInc = DMA_PINC_DISABLE;
 475              		.loc 1 256 33 is_stmt 0 view .LVU131
 476 008e 1023     		movs	r3, #16
 477 0090 4360     		str	r3, [r0, #4]
 257:Src/stm32f0xx_hal_msp.c ****     hdma_i2c1_tx.Init.MemInc = DMA_MINC_ENABLE;
 478              		.loc 1 257 5 is_stmt 1 view .LVU132
 257:Src/stm32f0xx_hal_msp.c ****     hdma_i2c1_tx.Init.MemInc = DMA_MINC_ENABLE;
 479              		.loc 1 257 33 is_stmt 0 view .LVU133
 480 0092 0023     		movs	r3, #0
 481 0094 8360     		str	r3, [r0, #8]
 258:Src/stm32f0xx_hal_msp.c ****     hdma_i2c1_tx.Init.PeriphDataAlignment = DMA_PDATAALIGN_BYTE;
 482              		.loc 1 258 5 is_stmt 1 view .LVU134
 258:Src/stm32f0xx_hal_msp.c ****     hdma_i2c1_tx.Init.PeriphDataAlignment = DMA_PDATAALIGN_BYTE;
 483              		.loc 1 258 30 is_stmt 0 view .LVU135
 484 0096 8022     		movs	r2, #128
 485 0098 C260     		str	r2, [r0, #12]
 259:Src/stm32f0xx_hal_msp.c ****     hdma_i2c1_tx.Init.MemDataAlignment = DMA_MDATAALIGN_BYTE;
 486              		.loc 1 259 5 is_stmt 1 view .LVU136
 259:Src/stm32f0xx_hal_msp.c ****     hdma_i2c1_tx.Init.MemDataAlignment = DMA_MDATAALIGN_BYTE;
 487              		.loc 1 259 43 is_stmt 0 view .LVU137
 488 009a 0361     		str	r3, [r0, #16]
 260:Src/stm32f0xx_hal_msp.c ****     hdma_i2c1_tx.Init.Mode = DMA_NORMAL;
 489              		.loc 1 260 5 is_stmt 1 view .LVU138
ARM GAS  /tmp/ccDUIqJ7.s 			page 17


 260:Src/stm32f0xx_hal_msp.c ****     hdma_i2c1_tx.Init.Mode = DMA_NORMAL;
 490              		.loc 1 260 40 is_stmt 0 view .LVU139
 491 009c 4361     		str	r3, [r0, #20]
 261:Src/stm32f0xx_hal_msp.c ****     hdma_i2c1_tx.Init.Priority = DMA_PRIORITY_LOW;
 492              		.loc 1 261 5 is_stmt 1 view .LVU140
 261:Src/stm32f0xx_hal_msp.c ****     hdma_i2c1_tx.Init.Priority = DMA_PRIORITY_LOW;
 493              		.loc 1 261 28 is_stmt 0 view .LVU141
 494 009e 8361     		str	r3, [r0, #24]
 262:Src/stm32f0xx_hal_msp.c ****     if (HAL_DMA_Init(&hdma_i2c1_tx) != HAL_OK)
 495              		.loc 1 262 5 is_stmt 1 view .LVU142
 262:Src/stm32f0xx_hal_msp.c ****     if (HAL_DMA_Init(&hdma_i2c1_tx) != HAL_OK)
 496              		.loc 1 262 32 is_stmt 0 view .LVU143
 497 00a0 C361     		str	r3, [r0, #28]
 263:Src/stm32f0xx_hal_msp.c ****     {
 498              		.loc 1 263 5 is_stmt 1 view .LVU144
 263:Src/stm32f0xx_hal_msp.c ****     {
 499              		.loc 1 263 9 is_stmt 0 view .LVU145
 500 00a2 FFF7FEFF 		bl	HAL_DMA_Init
 501              	.LVL23:
 263:Src/stm32f0xx_hal_msp.c ****     {
 502              		.loc 1 263 8 view .LVU146
 503 00a6 0028     		cmp	r0, #0
 504 00a8 06D1     		bne	.L26
 505              	.L19:
 268:Src/stm32f0xx_hal_msp.c **** 
 506              		.loc 1 268 5 is_stmt 1 view .LVU147
 268:Src/stm32f0xx_hal_msp.c **** 
 507              		.loc 1 268 5 view .LVU148
 508 00aa 344B     		ldr	r3, .L29+24
 509 00ac A363     		str	r3, [r4, #56]
 268:Src/stm32f0xx_hal_msp.c **** 
 510              		.loc 1 268 5 view .LVU149
 511 00ae 5C62     		str	r4, [r3, #36]
 512 00b0 B5E7     		b	.L16
 513              	.L25:
 249:Src/stm32f0xx_hal_msp.c ****     }
 514              		.loc 1 249 7 view .LVU150
 515 00b2 FFF7FEFF 		bl	Error_Handler
 516              	.LVL24:
 517 00b6 E4E7     		b	.L18
 518              	.L26:
 265:Src/stm32f0xx_hal_msp.c ****     }
 519              		.loc 1 265 7 view .LVU151
 520 00b8 FFF7FEFF 		bl	Error_Handler
 521              	.LVL25:
 522 00bc F5E7     		b	.L19
 523              	.L24:
 280:Src/stm32f0xx_hal_msp.c ****     /**I2C2 GPIO Configuration    
 524              		.loc 1 280 5 view .LVU152
 525              	.LBB8:
 280:Src/stm32f0xx_hal_msp.c ****     /**I2C2 GPIO Configuration    
 526              		.loc 1 280 5 view .LVU153
 280:Src/stm32f0xx_hal_msp.c ****     /**I2C2 GPIO Configuration    
 527              		.loc 1 280 5 view .LVU154
 528 00be 2B4D     		ldr	r5, .L29+8
 529 00c0 6A69     		ldr	r2, [r5, #20]
 530 00c2 8021     		movs	r1, #128
ARM GAS  /tmp/ccDUIqJ7.s 			page 18


 531 00c4 C902     		lsls	r1, r1, #11
 532 00c6 0A43     		orrs	r2, r1
 533 00c8 6A61     		str	r2, [r5, #20]
 280:Src/stm32f0xx_hal_msp.c ****     /**I2C2 GPIO Configuration    
 534              		.loc 1 280 5 view .LVU155
 535 00ca 6B69     		ldr	r3, [r5, #20]
 536 00cc 0B40     		ands	r3, r1
 537 00ce 0393     		str	r3, [sp, #12]
 280:Src/stm32f0xx_hal_msp.c ****     /**I2C2 GPIO Configuration    
 538              		.loc 1 280 5 view .LVU156
 539 00d0 039B     		ldr	r3, [sp, #12]
 540              	.LBE8:
 285:Src/stm32f0xx_hal_msp.c ****     GPIO_InitStruct.Mode = GPIO_MODE_AF_OD;
 541              		.loc 1 285 5 view .LVU157
 285:Src/stm32f0xx_hal_msp.c ****     GPIO_InitStruct.Mode = GPIO_MODE_AF_OD;
 542              		.loc 1 285 25 is_stmt 0 view .LVU158
 543 00d2 C023     		movs	r3, #192
 544 00d4 1B01     		lsls	r3, r3, #4
 545 00d6 0593     		str	r3, [sp, #20]
 286:Src/stm32f0xx_hal_msp.c ****     GPIO_InitStruct.Pull = GPIO_PULLUP;
 546              		.loc 1 286 5 is_stmt 1 view .LVU159
 286:Src/stm32f0xx_hal_msp.c ****     GPIO_InitStruct.Pull = GPIO_PULLUP;
 547              		.loc 1 286 26 is_stmt 0 view .LVU160
 548 00d8 1223     		movs	r3, #18
 549 00da 0693     		str	r3, [sp, #24]
 287:Src/stm32f0xx_hal_msp.c ****     GPIO_InitStruct.Speed = GPIO_SPEED_FREQ_HIGH;
 550              		.loc 1 287 5 is_stmt 1 view .LVU161
 287:Src/stm32f0xx_hal_msp.c ****     GPIO_InitStruct.Speed = GPIO_SPEED_FREQ_HIGH;
 551              		.loc 1 287 26 is_stmt 0 view .LVU162
 552 00dc 113B     		subs	r3, r3, #17
 553 00de 0793     		str	r3, [sp, #28]
 288:Src/stm32f0xx_hal_msp.c ****     GPIO_InitStruct.Alternate = GPIO_AF1_I2C2;
 554              		.loc 1 288 5 is_stmt 1 view .LVU163
 288:Src/stm32f0xx_hal_msp.c ****     GPIO_InitStruct.Alternate = GPIO_AF1_I2C2;
 555              		.loc 1 288 27 is_stmt 0 view .LVU164
 556 00e0 0322     		movs	r2, #3
 557 00e2 0892     		str	r2, [sp, #32]
 289:Src/stm32f0xx_hal_msp.c ****     HAL_GPIO_Init(GPIOB, &GPIO_InitStruct);
 558              		.loc 1 289 5 is_stmt 1 view .LVU165
 289:Src/stm32f0xx_hal_msp.c ****     HAL_GPIO_Init(GPIOB, &GPIO_InitStruct);
 559              		.loc 1 289 31 is_stmt 0 view .LVU166
 560 00e4 0993     		str	r3, [sp, #36]
 290:Src/stm32f0xx_hal_msp.c **** 
 561              		.loc 1 290 5 is_stmt 1 view .LVU167
 562 00e6 05A9     		add	r1, sp, #20
 563 00e8 2148     		ldr	r0, .L29+12
 564 00ea FFF7FEFF 		bl	HAL_GPIO_Init
 565              	.LVL26:
 293:Src/stm32f0xx_hal_msp.c ****   
 566              		.loc 1 293 5 view .LVU168
 567              	.LBB9:
 293:Src/stm32f0xx_hal_msp.c ****   
 568              		.loc 1 293 5 view .LVU169
 293:Src/stm32f0xx_hal_msp.c ****   
 569              		.loc 1 293 5 view .LVU170
 570 00ee EA69     		ldr	r2, [r5, #28]
 571 00f0 8021     		movs	r1, #128
ARM GAS  /tmp/ccDUIqJ7.s 			page 19


 572 00f2 C903     		lsls	r1, r1, #15
 573 00f4 0A43     		orrs	r2, r1
 574 00f6 EA61     		str	r2, [r5, #28]
 293:Src/stm32f0xx_hal_msp.c ****   
 575              		.loc 1 293 5 view .LVU171
 576 00f8 EB69     		ldr	r3, [r5, #28]
 577 00fa 0B40     		ands	r3, r1
 578 00fc 0493     		str	r3, [sp, #16]
 293:Src/stm32f0xx_hal_msp.c ****   
 579              		.loc 1 293 5 view .LVU172
 580 00fe 049B     		ldr	r3, [sp, #16]
 581              	.LBE9:
 297:Src/stm32f0xx_hal_msp.c ****     hdma_i2c2_rx.Init.Direction = DMA_PERIPH_TO_MEMORY;
 582              		.loc 1 297 5 view .LVU173
 297:Src/stm32f0xx_hal_msp.c ****     hdma_i2c2_rx.Init.Direction = DMA_PERIPH_TO_MEMORY;
 583              		.loc 1 297 27 is_stmt 0 view .LVU174
 584 0100 2048     		ldr	r0, .L29+32
 585 0102 214B     		ldr	r3, .L29+36
 586 0104 0360     		str	r3, [r0]
 298:Src/stm32f0xx_hal_msp.c ****     hdma_i2c2_rx.Init.PeriphInc = DMA_PINC_DISABLE;
 587              		.loc 1 298 5 is_stmt 1 view .LVU175
 298:Src/stm32f0xx_hal_msp.c ****     hdma_i2c2_rx.Init.PeriphInc = DMA_PINC_DISABLE;
 588              		.loc 1 298 33 is_stmt 0 view .LVU176
 589 0106 0023     		movs	r3, #0
 590 0108 4360     		str	r3, [r0, #4]
 299:Src/stm32f0xx_hal_msp.c ****     hdma_i2c2_rx.Init.MemInc = DMA_MINC_ENABLE;
 591              		.loc 1 299 5 is_stmt 1 view .LVU177
 299:Src/stm32f0xx_hal_msp.c ****     hdma_i2c2_rx.Init.MemInc = DMA_MINC_ENABLE;
 592              		.loc 1 299 33 is_stmt 0 view .LVU178
 593 010a 8360     		str	r3, [r0, #8]
 300:Src/stm32f0xx_hal_msp.c ****     hdma_i2c2_rx.Init.PeriphDataAlignment = DMA_PDATAALIGN_BYTE;
 594              		.loc 1 300 5 is_stmt 1 view .LVU179
 300:Src/stm32f0xx_hal_msp.c ****     hdma_i2c2_rx.Init.PeriphDataAlignment = DMA_PDATAALIGN_BYTE;
 595              		.loc 1 300 30 is_stmt 0 view .LVU180
 596 010c 8022     		movs	r2, #128
 597 010e C260     		str	r2, [r0, #12]
 301:Src/stm32f0xx_hal_msp.c ****     hdma_i2c2_rx.Init.MemDataAlignment = DMA_MDATAALIGN_BYTE;
 598              		.loc 1 301 5 is_stmt 1 view .LVU181
 301:Src/stm32f0xx_hal_msp.c ****     hdma_i2c2_rx.Init.MemDataAlignment = DMA_MDATAALIGN_BYTE;
 599              		.loc 1 301 43 is_stmt 0 view .LVU182
 600 0110 0361     		str	r3, [r0, #16]
 302:Src/stm32f0xx_hal_msp.c ****     hdma_i2c2_rx.Init.Mode = DMA_NORMAL;
 601              		.loc 1 302 5 is_stmt 1 view .LVU183
 302:Src/stm32f0xx_hal_msp.c ****     hdma_i2c2_rx.Init.Mode = DMA_NORMAL;
 602              		.loc 1 302 40 is_stmt 0 view .LVU184
 603 0112 4361     		str	r3, [r0, #20]
 303:Src/stm32f0xx_hal_msp.c ****     hdma_i2c2_rx.Init.Priority = DMA_PRIORITY_HIGH;
 604              		.loc 1 303 5 is_stmt 1 view .LVU185
 303:Src/stm32f0xx_hal_msp.c ****     hdma_i2c2_rx.Init.Priority = DMA_PRIORITY_HIGH;
 605              		.loc 1 303 28 is_stmt 0 view .LVU186
 606 0114 8361     		str	r3, [r0, #24]
 304:Src/stm32f0xx_hal_msp.c ****     if (HAL_DMA_Init(&hdma_i2c2_rx) != HAL_OK)
 607              		.loc 1 304 5 is_stmt 1 view .LVU187
 304:Src/stm32f0xx_hal_msp.c ****     if (HAL_DMA_Init(&hdma_i2c2_rx) != HAL_OK)
 608              		.loc 1 304 32 is_stmt 0 view .LVU188
 609 0116 8023     		movs	r3, #128
 610 0118 9B01     		lsls	r3, r3, #6
ARM GAS  /tmp/ccDUIqJ7.s 			page 20


 611 011a C361     		str	r3, [r0, #28]
 305:Src/stm32f0xx_hal_msp.c ****     {
 612              		.loc 1 305 5 is_stmt 1 view .LVU189
 305:Src/stm32f0xx_hal_msp.c ****     {
 613              		.loc 1 305 9 is_stmt 0 view .LVU190
 614 011c FFF7FEFF 		bl	HAL_DMA_Init
 615              	.LVL27:
 305:Src/stm32f0xx_hal_msp.c ****     {
 616              		.loc 1 305 8 view .LVU191
 617 0120 0028     		cmp	r0, #0
 618 0122 19D1     		bne	.L27
 619              	.L21:
 310:Src/stm32f0xx_hal_msp.c **** 
 620              		.loc 1 310 5 is_stmt 1 view .LVU192
 310:Src/stm32f0xx_hal_msp.c **** 
 621              		.loc 1 310 5 view .LVU193
 622 0124 174B     		ldr	r3, .L29+32
 623 0126 E363     		str	r3, [r4, #60]
 310:Src/stm32f0xx_hal_msp.c **** 
 624              		.loc 1 310 5 view .LVU194
 625 0128 5C62     		str	r4, [r3, #36]
 313:Src/stm32f0xx_hal_msp.c ****     hdma_i2c2_tx.Init.Direction = DMA_MEMORY_TO_PERIPH;
 626              		.loc 1 313 5 view .LVU195
 313:Src/stm32f0xx_hal_msp.c ****     hdma_i2c2_tx.Init.Direction = DMA_MEMORY_TO_PERIPH;
 627              		.loc 1 313 27 is_stmt 0 view .LVU196
 628 012a 1848     		ldr	r0, .L29+40
 629 012c 184B     		ldr	r3, .L29+44
 630 012e 0360     		str	r3, [r0]
 314:Src/stm32f0xx_hal_msp.c ****     hdma_i2c2_tx.Init.PeriphInc = DMA_PINC_DISABLE;
 631              		.loc 1 314 5 is_stmt 1 view .LVU197
 314:Src/stm32f0xx_hal_msp.c ****     hdma_i2c2_tx.Init.PeriphInc = DMA_PINC_DISABLE;
 632              		.loc 1 314 33 is_stmt 0 view .LVU198
 633 0130 1023     		movs	r3, #16
 634 0132 4360     		str	r3, [r0, #4]
 315:Src/stm32f0xx_hal_msp.c ****     hdma_i2c2_tx.Init.MemInc = DMA_MINC_ENABLE;
 635              		.loc 1 315 5 is_stmt 1 view .LVU199
 315:Src/stm32f0xx_hal_msp.c ****     hdma_i2c2_tx.Init.MemInc = DMA_MINC_ENABLE;
 636              		.loc 1 315 33 is_stmt 0 view .LVU200
 637 0134 0023     		movs	r3, #0
 638 0136 8360     		str	r3, [r0, #8]
 316:Src/stm32f0xx_hal_msp.c ****     hdma_i2c2_tx.Init.PeriphDataAlignment = DMA_PDATAALIGN_BYTE;
 639              		.loc 1 316 5 is_stmt 1 view .LVU201
 316:Src/stm32f0xx_hal_msp.c ****     hdma_i2c2_tx.Init.PeriphDataAlignment = DMA_PDATAALIGN_BYTE;
 640              		.loc 1 316 30 is_stmt 0 view .LVU202
 641 0138 8022     		movs	r2, #128
 642 013a C260     		str	r2, [r0, #12]
 317:Src/stm32f0xx_hal_msp.c ****     hdma_i2c2_tx.Init.MemDataAlignment = DMA_MDATAALIGN_BYTE;
 643              		.loc 1 317 5 is_stmt 1 view .LVU203
 317:Src/stm32f0xx_hal_msp.c ****     hdma_i2c2_tx.Init.MemDataAlignment = DMA_MDATAALIGN_BYTE;
 644              		.loc 1 317 43 is_stmt 0 view .LVU204
 645 013c 0361     		str	r3, [r0, #16]
 318:Src/stm32f0xx_hal_msp.c ****     hdma_i2c2_tx.Init.Mode = DMA_NORMAL;
 646              		.loc 1 318 5 is_stmt 1 view .LVU205
 318:Src/stm32f0xx_hal_msp.c ****     hdma_i2c2_tx.Init.Mode = DMA_NORMAL;
 647              		.loc 1 318 40 is_stmt 0 view .LVU206
 648 013e 4361     		str	r3, [r0, #20]
 319:Src/stm32f0xx_hal_msp.c ****     hdma_i2c2_tx.Init.Priority = DMA_PRIORITY_HIGH;
ARM GAS  /tmp/ccDUIqJ7.s 			page 21


 649              		.loc 1 319 5 is_stmt 1 view .LVU207
 319:Src/stm32f0xx_hal_msp.c ****     hdma_i2c2_tx.Init.Priority = DMA_PRIORITY_HIGH;
 650              		.loc 1 319 28 is_stmt 0 view .LVU208
 651 0140 8361     		str	r3, [r0, #24]
 320:Src/stm32f0xx_hal_msp.c ****     if (HAL_DMA_Init(&hdma_i2c2_tx) != HAL_OK)
 652              		.loc 1 320 5 is_stmt 1 view .LVU209
 320:Src/stm32f0xx_hal_msp.c ****     if (HAL_DMA_Init(&hdma_i2c2_tx) != HAL_OK)
 653              		.loc 1 320 32 is_stmt 0 view .LVU210
 654 0142 8023     		movs	r3, #128
 655 0144 9B01     		lsls	r3, r3, #6
 656 0146 C361     		str	r3, [r0, #28]
 321:Src/stm32f0xx_hal_msp.c ****     {
 657              		.loc 1 321 5 is_stmt 1 view .LVU211
 321:Src/stm32f0xx_hal_msp.c ****     {
 658              		.loc 1 321 9 is_stmt 0 view .LVU212
 659 0148 FFF7FEFF 		bl	HAL_DMA_Init
 660              	.LVL28:
 321:Src/stm32f0xx_hal_msp.c ****     {
 661              		.loc 1 321 8 view .LVU213
 662 014c 0028     		cmp	r0, #0
 663 014e 06D1     		bne	.L28
 664              	.L22:
 326:Src/stm32f0xx_hal_msp.c **** 
 665              		.loc 1 326 5 is_stmt 1 view .LVU214
 326:Src/stm32f0xx_hal_msp.c **** 
 666              		.loc 1 326 5 view .LVU215
 667 0150 0E4B     		ldr	r3, .L29+40
 668 0152 A363     		str	r3, [r4, #56]
 326:Src/stm32f0xx_hal_msp.c **** 
 669              		.loc 1 326 5 view .LVU216
 670 0154 5C62     		str	r4, [r3, #36]
 671              		.loc 1 333 1 is_stmt 0 view .LVU217
 672 0156 62E7     		b	.L16
 673              	.L27:
 307:Src/stm32f0xx_hal_msp.c ****     }
 674              		.loc 1 307 7 is_stmt 1 view .LVU218
 675 0158 FFF7FEFF 		bl	Error_Handler
 676              	.LVL29:
 677 015c E2E7     		b	.L21
 678              	.L28:
 323:Src/stm32f0xx_hal_msp.c ****     }
 679              		.loc 1 323 7 view .LVU219
 680 015e FFF7FEFF 		bl	Error_Handler
 681              	.LVL30:
 682 0162 F5E7     		b	.L22
 683              	.L30:
 684              		.align	2
 685              	.L29:
 686 0164 00540040 		.word	1073763328
 687 0168 00580040 		.word	1073764352
 688 016c 00100240 		.word	1073876992
 689 0170 00040048 		.word	1207960576
 690 0174 00000000 		.word	hdma_i2c1_rx
 691 0178 30000240 		.word	1073872944
 692 017c 00000000 		.word	hdma_i2c1_tx
 693 0180 1C000240 		.word	1073872924
 694 0184 00000000 		.word	hdma_i2c2_rx
ARM GAS  /tmp/ccDUIqJ7.s 			page 22


 695 0188 58000240 		.word	1073872984
 696 018c 00000000 		.word	hdma_i2c2_tx
 697 0190 44000240 		.word	1073872964
 698              		.cfi_endproc
 699              	.LFE40:
 701              		.section	.text.HAL_I2C_MspDeInit,"ax",%progbits
 702              		.align	1
 703              		.global	HAL_I2C_MspDeInit
 704              		.syntax unified
 705              		.code	16
 706              		.thumb_func
 707              		.fpu softvfp
 709              	HAL_I2C_MspDeInit:
 710              	.LVL31:
 711              	.LFB41:
 334:Src/stm32f0xx_hal_msp.c **** 
 335:Src/stm32f0xx_hal_msp.c **** /**
 336:Src/stm32f0xx_hal_msp.c **** * @brief I2C MSP De-Initialization
 337:Src/stm32f0xx_hal_msp.c **** * This function freeze the hardware resources used in this example
 338:Src/stm32f0xx_hal_msp.c **** * @param hi2c: I2C handle pointer
 339:Src/stm32f0xx_hal_msp.c **** * @retval None
 340:Src/stm32f0xx_hal_msp.c **** */
 341:Src/stm32f0xx_hal_msp.c **** 
 342:Src/stm32f0xx_hal_msp.c **** void HAL_I2C_MspDeInit(I2C_HandleTypeDef* hi2c)
 343:Src/stm32f0xx_hal_msp.c **** {
 712              		.loc 1 343 1 view -0
 713              		.cfi_startproc
 714              		@ args = 0, pretend = 0, frame = 0
 715              		@ frame_needed = 0, uses_anonymous_args = 0
 716              		.loc 1 343 1 is_stmt 0 view .LVU221
 717 0000 10B5     		push	{r4, lr}
 718              	.LCFI7:
 719              		.cfi_def_cfa_offset 8
 720              		.cfi_offset 4, -8
 721              		.cfi_offset 14, -4
 722 0002 0400     		movs	r4, r0
 344:Src/stm32f0xx_hal_msp.c **** 
 345:Src/stm32f0xx_hal_msp.c ****   if(hi2c->Instance==I2C1)
 723              		.loc 1 345 3 is_stmt 1 view .LVU222
 724              		.loc 1 345 10 is_stmt 0 view .LVU223
 725 0004 0368     		ldr	r3, [r0]
 726              		.loc 1 345 5 view .LVU224
 727 0006 144A     		ldr	r2, .L36
 728 0008 9342     		cmp	r3, r2
 729 000a 03D0     		beq	.L34
 346:Src/stm32f0xx_hal_msp.c ****   {
 347:Src/stm32f0xx_hal_msp.c ****   /* USER CODE BEGIN I2C1_MspDeInit 0 */
 348:Src/stm32f0xx_hal_msp.c **** 
 349:Src/stm32f0xx_hal_msp.c ****   /* USER CODE END I2C1_MspDeInit 0 */
 350:Src/stm32f0xx_hal_msp.c ****     /* Peripheral clock disable */
 351:Src/stm32f0xx_hal_msp.c ****     __HAL_RCC_I2C1_CLK_DISABLE();
 352:Src/stm32f0xx_hal_msp.c ****   
 353:Src/stm32f0xx_hal_msp.c ****     /**I2C1 GPIO Configuration    
 354:Src/stm32f0xx_hal_msp.c ****     PB6     ------> I2C1_SCL
 355:Src/stm32f0xx_hal_msp.c ****     PB7     ------> I2C1_SDA 
 356:Src/stm32f0xx_hal_msp.c ****     */
 357:Src/stm32f0xx_hal_msp.c ****     HAL_GPIO_DeInit(GPIOB, OLED_SCL_Pin|OLED_SDA_Pin);
ARM GAS  /tmp/ccDUIqJ7.s 			page 23


 358:Src/stm32f0xx_hal_msp.c **** 
 359:Src/stm32f0xx_hal_msp.c ****     /* I2C1 DMA DeInit */
 360:Src/stm32f0xx_hal_msp.c ****     HAL_DMA_DeInit(hi2c->hdmarx);
 361:Src/stm32f0xx_hal_msp.c ****     HAL_DMA_DeInit(hi2c->hdmatx);
 362:Src/stm32f0xx_hal_msp.c ****   /* USER CODE BEGIN I2C1_MspDeInit 1 */
 363:Src/stm32f0xx_hal_msp.c **** 
 364:Src/stm32f0xx_hal_msp.c ****   /* USER CODE END I2C1_MspDeInit 1 */
 365:Src/stm32f0xx_hal_msp.c ****   }
 366:Src/stm32f0xx_hal_msp.c ****   else if(hi2c->Instance==I2C2)
 730              		.loc 1 366 8 is_stmt 1 view .LVU225
 731              		.loc 1 366 10 is_stmt 0 view .LVU226
 732 000c 134A     		ldr	r2, .L36+4
 733 000e 9342     		cmp	r3, r2
 734 0010 10D0     		beq	.L35
 735              	.LVL32:
 736              	.L31:
 367:Src/stm32f0xx_hal_msp.c ****   {
 368:Src/stm32f0xx_hal_msp.c ****   /* USER CODE BEGIN I2C2_MspDeInit 0 */
 369:Src/stm32f0xx_hal_msp.c **** 
 370:Src/stm32f0xx_hal_msp.c ****   /* USER CODE END I2C2_MspDeInit 0 */
 371:Src/stm32f0xx_hal_msp.c ****     /* Peripheral clock disable */
 372:Src/stm32f0xx_hal_msp.c ****     __HAL_RCC_I2C2_CLK_DISABLE();
 373:Src/stm32f0xx_hal_msp.c ****   
 374:Src/stm32f0xx_hal_msp.c ****     /**I2C2 GPIO Configuration    
 375:Src/stm32f0xx_hal_msp.c ****     PB10     ------> I2C2_SCL
 376:Src/stm32f0xx_hal_msp.c ****     PB11     ------> I2C2_SDA 
 377:Src/stm32f0xx_hal_msp.c ****     */
 378:Src/stm32f0xx_hal_msp.c ****     HAL_GPIO_DeInit(GPIOB, USB_SCL_Pin|USB_SDA_Pin);
 379:Src/stm32f0xx_hal_msp.c **** 
 380:Src/stm32f0xx_hal_msp.c ****     /* I2C2 DMA DeInit */
 381:Src/stm32f0xx_hal_msp.c ****     HAL_DMA_DeInit(hi2c->hdmarx);
 382:Src/stm32f0xx_hal_msp.c ****     HAL_DMA_DeInit(hi2c->hdmatx);
 383:Src/stm32f0xx_hal_msp.c ****   /* USER CODE BEGIN I2C2_MspDeInit 1 */
 384:Src/stm32f0xx_hal_msp.c **** 
 385:Src/stm32f0xx_hal_msp.c ****   /* USER CODE END I2C2_MspDeInit 1 */
 386:Src/stm32f0xx_hal_msp.c ****   }
 387:Src/stm32f0xx_hal_msp.c **** 
 388:Src/stm32f0xx_hal_msp.c **** }
 737              		.loc 1 388 1 view .LVU227
 738              		@ sp needed
 739              	.LVL33:
 740              		.loc 1 388 1 view .LVU228
 741 0012 10BD     		pop	{r4, pc}
 742              	.LVL34:
 743              	.L34:
 351:Src/stm32f0xx_hal_msp.c ****   
 744              		.loc 1 351 5 is_stmt 1 view .LVU229
 745 0014 124A     		ldr	r2, .L36+8
 746 0016 D369     		ldr	r3, [r2, #28]
 747 0018 1249     		ldr	r1, .L36+12
 748 001a 0B40     		ands	r3, r1
 749 001c D361     		str	r3, [r2, #28]
 357:Src/stm32f0xx_hal_msp.c **** 
 750              		.loc 1 357 5 view .LVU230
 751 001e C021     		movs	r1, #192
 752 0020 1148     		ldr	r0, .L36+16
 753              	.LVL35:
ARM GAS  /tmp/ccDUIqJ7.s 			page 24


 357:Src/stm32f0xx_hal_msp.c **** 
 754              		.loc 1 357 5 is_stmt 0 view .LVU231
 755 0022 FFF7FEFF 		bl	HAL_GPIO_DeInit
 756              	.LVL36:
 360:Src/stm32f0xx_hal_msp.c ****     HAL_DMA_DeInit(hi2c->hdmatx);
 757              		.loc 1 360 5 is_stmt 1 view .LVU232
 758 0026 E06B     		ldr	r0, [r4, #60]
 759 0028 FFF7FEFF 		bl	HAL_DMA_DeInit
 760              	.LVL37:
 361:Src/stm32f0xx_hal_msp.c ****   /* USER CODE BEGIN I2C1_MspDeInit 1 */
 761              		.loc 1 361 5 view .LVU233
 762 002c A06B     		ldr	r0, [r4, #56]
 763 002e FFF7FEFF 		bl	HAL_DMA_DeInit
 764              	.LVL38:
 765 0032 EEE7     		b	.L31
 766              	.LVL39:
 767              	.L35:
 372:Src/stm32f0xx_hal_msp.c ****   
 768              		.loc 1 372 5 view .LVU234
 769 0034 0A4A     		ldr	r2, .L36+8
 770 0036 D369     		ldr	r3, [r2, #28]
 771 0038 0C49     		ldr	r1, .L36+20
 772 003a 0B40     		ands	r3, r1
 773 003c D361     		str	r3, [r2, #28]
 378:Src/stm32f0xx_hal_msp.c **** 
 774              		.loc 1 378 5 view .LVU235
 775 003e C021     		movs	r1, #192
 776 0040 0901     		lsls	r1, r1, #4
 777 0042 0948     		ldr	r0, .L36+16
 778              	.LVL40:
 378:Src/stm32f0xx_hal_msp.c **** 
 779              		.loc 1 378 5 is_stmt 0 view .LVU236
 780 0044 FFF7FEFF 		bl	HAL_GPIO_DeInit
 781              	.LVL41:
 381:Src/stm32f0xx_hal_msp.c ****     HAL_DMA_DeInit(hi2c->hdmatx);
 782              		.loc 1 381 5 is_stmt 1 view .LVU237
 783 0048 E06B     		ldr	r0, [r4, #60]
 784 004a FFF7FEFF 		bl	HAL_DMA_DeInit
 785              	.LVL42:
 382:Src/stm32f0xx_hal_msp.c ****   /* USER CODE BEGIN I2C2_MspDeInit 1 */
 786              		.loc 1 382 5 view .LVU238
 787 004e A06B     		ldr	r0, [r4, #56]
 788 0050 FFF7FEFF 		bl	HAL_DMA_DeInit
 789              	.LVL43:
 790              		.loc 1 388 1 is_stmt 0 view .LVU239
 791 0054 DDE7     		b	.L31
 792              	.L37:
 793 0056 C046     		.align	2
 794              	.L36:
 795 0058 00540040 		.word	1073763328
 796 005c 00580040 		.word	1073764352
 797 0060 00100240 		.word	1073876992
 798 0064 FFFFDFFF 		.word	-2097153
 799 0068 00040048 		.word	1207960576
 800 006c FFFFBFFF 		.word	-4194305
 801              		.cfi_endproc
 802              	.LFE41:
ARM GAS  /tmp/ccDUIqJ7.s 			page 25


 804              		.text
 805              	.Letext0:
 806              		.file 2 "/usr/arm-none-eabi/include/machine/_default_types.h"
 807              		.file 3 "/usr/arm-none-eabi/include/sys/_stdint.h"
 808              		.file 4 "Drivers/CMSIS/Device/ST/STM32F0xx/Include/system_stm32f0xx.h"
 809              		.file 5 "Drivers/CMSIS/Device/ST/STM32F0xx/Include/stm32f072xb.h"
 810              		.file 6 "/usr/arm-none-eabi/include/sys/lock.h"
 811              		.file 7 "/usr/arm-none-eabi/include/sys/_types.h"
 812              		.file 8 "/usr/lib/gcc/arm-none-eabi/8.2.0/include/stddef.h"
 813              		.file 9 "/usr/arm-none-eabi/include/sys/reent.h"
 814              		.file 10 "Drivers/STM32F0xx_HAL_Driver/Inc/stm32f0xx_hal_def.h"
 815              		.file 11 "Drivers/STM32F0xx_HAL_Driver/Inc/stm32f0xx_hal_gpio.h"
 816              		.file 12 "Drivers/STM32F0xx_HAL_Driver/Inc/stm32f0xx_hal_dma.h"
 817              		.file 13 "Drivers/STM32F0xx_HAL_Driver/Inc/stm32f0xx_hal_adc.h"
 818              		.file 14 "Drivers/STM32F0xx_HAL_Driver/Inc/stm32f0xx_hal_i2c.h"
 819              		.file 15 "Inc/main.h"
 820              		.file 16 "Drivers/STM32F0xx_HAL_Driver/Inc/stm32f0xx_hal_cortex.h"
 821              		.file 17 "<built-in>"
ARM GAS  /tmp/ccDUIqJ7.s 			page 26


DEFINED SYMBOLS
                            *ABS*:0000000000000000 stm32f0xx_hal_msp.c
     /tmp/ccDUIqJ7.s:16     .text.HAL_MspInit:0000000000000000 $t
     /tmp/ccDUIqJ7.s:24     .text.HAL_MspInit:0000000000000000 HAL_MspInit
     /tmp/ccDUIqJ7.s:84     .text.HAL_MspInit:0000000000000038 $d
     /tmp/ccDUIqJ7.s:89     .text.HAL_ADC_MspInit:0000000000000000 $t
     /tmp/ccDUIqJ7.s:96     .text.HAL_ADC_MspInit:0000000000000000 HAL_ADC_MspInit
     /tmp/ccDUIqJ7.s:241    .text.HAL_ADC_MspInit:000000000000008c $d
     /tmp/ccDUIqJ7.s:249    .text.HAL_ADC_MspDeInit:0000000000000000 $t
     /tmp/ccDUIqJ7.s:256    .text.HAL_ADC_MspDeInit:0000000000000000 HAL_ADC_MspDeInit
     /tmp/ccDUIqJ7.s:308    .text.HAL_ADC_MspDeInit:000000000000002c $d
     /tmp/ccDUIqJ7.s:315    .text.HAL_I2C_MspInit:0000000000000000 $t
     /tmp/ccDUIqJ7.s:322    .text.HAL_I2C_MspInit:0000000000000000 HAL_I2C_MspInit
     /tmp/ccDUIqJ7.s:686    .text.HAL_I2C_MspInit:0000000000000164 $d
     /tmp/ccDUIqJ7.s:702    .text.HAL_I2C_MspDeInit:0000000000000000 $t
     /tmp/ccDUIqJ7.s:709    .text.HAL_I2C_MspDeInit:0000000000000000 HAL_I2C_MspDeInit
     /tmp/ccDUIqJ7.s:795    .text.HAL_I2C_MspDeInit:0000000000000058 $d

UNDEFINED SYMBOLS
HAL_NVIC_SetPriority
memset
HAL_GPIO_Init
HAL_DMA_Init
Error_Handler
hdma_adc
HAL_GPIO_DeInit
HAL_DMA_DeInit
hdma_i2c1_rx
hdma_i2c1_tx
hdma_i2c2_rx
hdma_i2c2_tx
