ARM GAS  /tmp/cceecvYt.s 			page 1


   1              		.cpu cortex-m0
   2              		.eabi_attribute 20, 1
   3              		.eabi_attribute 21, 1
   4              		.eabi_attribute 23, 3
   5              		.eabi_attribute 24, 1
   6              		.eabi_attribute 25, 1
   7              		.eabi_attribute 26, 1
   8              		.eabi_attribute 30, 1
   9              		.eabi_attribute 34, 0
  10              		.eabi_attribute 18, 4
  11              		.file	"usbd_cdc_if.c"
  12              		.text
  13              	.Ltext0:
  14              		.cfi_sections	.debug_frame
  15              		.section	.text.CDC_DeInit_FS,"ax",%progbits
  16              		.align	1
  17              		.syntax unified
  18              		.code	16
  19              		.thumb_func
  20              		.fpu softvfp
  22              	CDC_DeInit_FS:
  23              	.LFB38:
  24              		.file 1 "Src/usbd_cdc_if.c"
   1:Src/usbd_cdc_if.c **** /**
   2:Src/usbd_cdc_if.c ****   ******************************************************************************
   3:Src/usbd_cdc_if.c ****   * @file           : usbd_cdc_if.c
   4:Src/usbd_cdc_if.c ****   * @version        : v2.0_Cube
   5:Src/usbd_cdc_if.c ****   * @brief          : Usb device for Virtual Com Port.
   6:Src/usbd_cdc_if.c ****   ******************************************************************************
   7:Src/usbd_cdc_if.c ****   * This notice applies to any and all portions of this file
   8:Src/usbd_cdc_if.c ****   * that are not between comment pairs USER CODE BEGIN and
   9:Src/usbd_cdc_if.c ****   * USER CODE END. Other portions of this file, whether 
  10:Src/usbd_cdc_if.c ****   * inserted by the user or by software development tools
  11:Src/usbd_cdc_if.c ****   * are owned by their respective copyright owners.
  12:Src/usbd_cdc_if.c ****   *
  13:Src/usbd_cdc_if.c ****   * Copyright (c) 2019 STMicroelectronics International N.V. 
  14:Src/usbd_cdc_if.c ****   * All rights reserved.
  15:Src/usbd_cdc_if.c ****   *
  16:Src/usbd_cdc_if.c ****   * Redistribution and use in source and binary forms, with or without 
  17:Src/usbd_cdc_if.c ****   * modification, are permitted, provided that the following conditions are met:
  18:Src/usbd_cdc_if.c ****   *
  19:Src/usbd_cdc_if.c ****   * 1. Redistribution of source code must retain the above copyright notice, 
  20:Src/usbd_cdc_if.c ****   *    this list of conditions and the following disclaimer.
  21:Src/usbd_cdc_if.c ****   * 2. Redistributions in binary form must reproduce the above copyright notice,
  22:Src/usbd_cdc_if.c ****   *    this list of conditions and the following disclaimer in the documentation
  23:Src/usbd_cdc_if.c ****   *    and/or other materials provided with the distribution.
  24:Src/usbd_cdc_if.c ****   * 3. Neither the name of STMicroelectronics nor the names of other 
  25:Src/usbd_cdc_if.c ****   *    contributors to this software may be used to endorse or promote products 
  26:Src/usbd_cdc_if.c ****   *    derived from this software without specific written permission.
  27:Src/usbd_cdc_if.c ****   * 4. This software, including modifications and/or derivative works of this 
  28:Src/usbd_cdc_if.c ****   *    software, must execute solely and exclusively on microcontroller or
  29:Src/usbd_cdc_if.c ****   *    microprocessor devices manufactured by or for STMicroelectronics.
  30:Src/usbd_cdc_if.c ****   * 5. Redistribution and use of this software other than as permitted under 
  31:Src/usbd_cdc_if.c ****   *    this license is void and will automatically terminate your rights under 
  32:Src/usbd_cdc_if.c ****   *    this license. 
  33:Src/usbd_cdc_if.c ****   *
  34:Src/usbd_cdc_if.c ****   * THIS SOFTWARE IS PROVIDED BY STMICROELECTRONICS AND CONTRIBUTORS "AS IS" 
ARM GAS  /tmp/cceecvYt.s 			page 2


  35:Src/usbd_cdc_if.c ****   * AND ANY EXPRESS, IMPLIED OR STATUTORY WARRANTIES, INCLUDING, BUT NOT 
  36:Src/usbd_cdc_if.c ****   * LIMITED TO, THE IMPLIED WARRANTIES OF MERCHANTABILITY, FITNESS FOR A 
  37:Src/usbd_cdc_if.c ****   * PARTICULAR PURPOSE AND NON-INFRINGEMENT OF THIRD PARTY INTELLECTUAL PROPERTY
  38:Src/usbd_cdc_if.c ****   * RIGHTS ARE DISCLAIMED TO THE FULLEST EXTENT PERMITTED BY LAW. IN NO EVENT 
  39:Src/usbd_cdc_if.c ****   * SHALL STMICROELECTRONICS OR CONTRIBUTORS BE LIABLE FOR ANY DIRECT, INDIRECT,
  40:Src/usbd_cdc_if.c ****   * INCIDENTAL, SPECIAL, EXEMPLARY, OR CONSEQUENTIAL DAMAGES (INCLUDING, BUT NOT
  41:Src/usbd_cdc_if.c ****   * LIMITED TO, PROCUREMENT OF SUBSTITUTE GOODS OR SERVICES; LOSS OF USE, DATA, 
  42:Src/usbd_cdc_if.c ****   * OR PROFITS; OR BUSINESS INTERRUPTION) HOWEVER CAUSED AND ON ANY THEORY OF 
  43:Src/usbd_cdc_if.c ****   * LIABILITY, WHETHER IN CONTRACT, STRICT LIABILITY, OR TORT (INCLUDING 
  44:Src/usbd_cdc_if.c ****   * NEGLIGENCE OR OTHERWISE) ARISING IN ANY WAY OUT OF THE USE OF THIS SOFTWARE,
  45:Src/usbd_cdc_if.c ****   * EVEN IF ADVISED OF THE POSSIBILITY OF SUCH DAMAGE.
  46:Src/usbd_cdc_if.c ****   *
  47:Src/usbd_cdc_if.c ****   ******************************************************************************
  48:Src/usbd_cdc_if.c ****   */
  49:Src/usbd_cdc_if.c **** 
  50:Src/usbd_cdc_if.c **** /* Includes ------------------------------------------------------------------*/
  51:Src/usbd_cdc_if.c **** #include "usbd_cdc_if.h"
  52:Src/usbd_cdc_if.c **** 
  53:Src/usbd_cdc_if.c **** /* USER CODE BEGIN INCLUDE */
  54:Src/usbd_cdc_if.c **** 
  55:Src/usbd_cdc_if.c **** /* USER CODE END INCLUDE */
  56:Src/usbd_cdc_if.c **** 
  57:Src/usbd_cdc_if.c **** /* Private typedef -----------------------------------------------------------*/
  58:Src/usbd_cdc_if.c **** /* Private define ------------------------------------------------------------*/
  59:Src/usbd_cdc_if.c **** /* Private macro -------------------------------------------------------------*/
  60:Src/usbd_cdc_if.c **** 
  61:Src/usbd_cdc_if.c **** /* USER CODE BEGIN PV */
  62:Src/usbd_cdc_if.c **** /* Private variables ---------------------------------------------------------*/
  63:Src/usbd_cdc_if.c **** 
  64:Src/usbd_cdc_if.c **** /* USER CODE END PV */
  65:Src/usbd_cdc_if.c **** 
  66:Src/usbd_cdc_if.c **** /** @addtogroup STM32_USB_OTG_DEVICE_LIBRARY
  67:Src/usbd_cdc_if.c ****   * @brief Usb device library.
  68:Src/usbd_cdc_if.c ****   * @{
  69:Src/usbd_cdc_if.c ****   */
  70:Src/usbd_cdc_if.c **** 
  71:Src/usbd_cdc_if.c **** /** @addtogroup USBD_CDC_IF
  72:Src/usbd_cdc_if.c ****   * @{
  73:Src/usbd_cdc_if.c ****   */
  74:Src/usbd_cdc_if.c **** 
  75:Src/usbd_cdc_if.c **** /** @defgroup USBD_CDC_IF_Private_TypesDefinitions USBD_CDC_IF_Private_TypesDefinitions
  76:Src/usbd_cdc_if.c ****   * @brief Private types.
  77:Src/usbd_cdc_if.c ****   * @{
  78:Src/usbd_cdc_if.c ****   */
  79:Src/usbd_cdc_if.c **** 
  80:Src/usbd_cdc_if.c **** /* USER CODE BEGIN PRIVATE_TYPES */
  81:Src/usbd_cdc_if.c **** 
  82:Src/usbd_cdc_if.c **** /* USER CODE END PRIVATE_TYPES */
  83:Src/usbd_cdc_if.c **** 
  84:Src/usbd_cdc_if.c **** /**
  85:Src/usbd_cdc_if.c ****   * @}
  86:Src/usbd_cdc_if.c ****   */
  87:Src/usbd_cdc_if.c **** 
  88:Src/usbd_cdc_if.c **** /** @defgroup USBD_CDC_IF_Private_Defines USBD_CDC_IF_Private_Defines
  89:Src/usbd_cdc_if.c ****   * @brief Private defines.
  90:Src/usbd_cdc_if.c ****   * @{
  91:Src/usbd_cdc_if.c ****   */
ARM GAS  /tmp/cceecvYt.s 			page 3


  92:Src/usbd_cdc_if.c **** 
  93:Src/usbd_cdc_if.c **** /* USER CODE BEGIN PRIVATE_DEFINES */
  94:Src/usbd_cdc_if.c **** /* Define size for the receive and transmit buffer over CDC */
  95:Src/usbd_cdc_if.c **** /* It's up to user to redefine and/or remove those define */
  96:Src/usbd_cdc_if.c **** #define APP_RX_DATA_SIZE  1000
  97:Src/usbd_cdc_if.c **** #define APP_TX_DATA_SIZE  1000
  98:Src/usbd_cdc_if.c **** /* USER CODE END PRIVATE_DEFINES */
  99:Src/usbd_cdc_if.c **** 
 100:Src/usbd_cdc_if.c **** /**
 101:Src/usbd_cdc_if.c ****   * @}
 102:Src/usbd_cdc_if.c ****   */
 103:Src/usbd_cdc_if.c **** 
 104:Src/usbd_cdc_if.c **** /** @defgroup USBD_CDC_IF_Private_Macros USBD_CDC_IF_Private_Macros
 105:Src/usbd_cdc_if.c ****   * @brief Private macros.
 106:Src/usbd_cdc_if.c ****   * @{
 107:Src/usbd_cdc_if.c ****   */
 108:Src/usbd_cdc_if.c **** 
 109:Src/usbd_cdc_if.c **** /* USER CODE BEGIN PRIVATE_MACRO */
 110:Src/usbd_cdc_if.c **** 
 111:Src/usbd_cdc_if.c **** /* USER CODE END PRIVATE_MACRO */
 112:Src/usbd_cdc_if.c **** 
 113:Src/usbd_cdc_if.c **** /**
 114:Src/usbd_cdc_if.c ****   * @}
 115:Src/usbd_cdc_if.c ****   */
 116:Src/usbd_cdc_if.c **** 
 117:Src/usbd_cdc_if.c **** /** @defgroup USBD_CDC_IF_Private_Variables USBD_CDC_IF_Private_Variables
 118:Src/usbd_cdc_if.c ****   * @brief Private variables.
 119:Src/usbd_cdc_if.c ****   * @{
 120:Src/usbd_cdc_if.c ****   */
 121:Src/usbd_cdc_if.c **** /* Create buffer for reception and transmission           */
 122:Src/usbd_cdc_if.c **** /* It's up to user to redefine and/or remove those define */
 123:Src/usbd_cdc_if.c **** /** Received data over USB are stored in this buffer      */
 124:Src/usbd_cdc_if.c **** uint8_t UserRxBufferFS[APP_RX_DATA_SIZE];
 125:Src/usbd_cdc_if.c **** 
 126:Src/usbd_cdc_if.c **** /** Data to send over USB CDC are stored in this buffer   */
 127:Src/usbd_cdc_if.c **** uint8_t UserTxBufferFS[APP_TX_DATA_SIZE];
 128:Src/usbd_cdc_if.c **** 
 129:Src/usbd_cdc_if.c **** /* USER CODE BEGIN PRIVATE_VARIABLES */
 130:Src/usbd_cdc_if.c **** 
 131:Src/usbd_cdc_if.c **** /* USER CODE END PRIVATE_VARIABLES */
 132:Src/usbd_cdc_if.c **** 
 133:Src/usbd_cdc_if.c **** /**
 134:Src/usbd_cdc_if.c ****   * @}
 135:Src/usbd_cdc_if.c ****   */
 136:Src/usbd_cdc_if.c **** 
 137:Src/usbd_cdc_if.c **** /** @defgroup USBD_CDC_IF_Exported_Variables USBD_CDC_IF_Exported_Variables
 138:Src/usbd_cdc_if.c ****   * @brief Public variables.
 139:Src/usbd_cdc_if.c ****   * @{
 140:Src/usbd_cdc_if.c ****   */
 141:Src/usbd_cdc_if.c **** 
 142:Src/usbd_cdc_if.c **** extern USBD_HandleTypeDef hUsbDeviceFS;
 143:Src/usbd_cdc_if.c **** 
 144:Src/usbd_cdc_if.c **** /* USER CODE BEGIN EXPORTED_VARIABLES */
 145:Src/usbd_cdc_if.c **** 
 146:Src/usbd_cdc_if.c **** /* USER CODE END EXPORTED_VARIABLES */
 147:Src/usbd_cdc_if.c **** 
 148:Src/usbd_cdc_if.c **** /**
ARM GAS  /tmp/cceecvYt.s 			page 4


 149:Src/usbd_cdc_if.c ****   * @}
 150:Src/usbd_cdc_if.c ****   */
 151:Src/usbd_cdc_if.c **** 
 152:Src/usbd_cdc_if.c **** /** @defgroup USBD_CDC_IF_Private_FunctionPrototypes USBD_CDC_IF_Private_FunctionPrototypes
 153:Src/usbd_cdc_if.c ****   * @brief Private functions declaration.
 154:Src/usbd_cdc_if.c ****   * @{
 155:Src/usbd_cdc_if.c ****   */
 156:Src/usbd_cdc_if.c **** 
 157:Src/usbd_cdc_if.c **** static int8_t CDC_Init_FS(void);
 158:Src/usbd_cdc_if.c **** static int8_t CDC_DeInit_FS(void);
 159:Src/usbd_cdc_if.c **** static int8_t CDC_Control_FS(uint8_t cmd, uint8_t* pbuf, uint16_t length);
 160:Src/usbd_cdc_if.c **** static int8_t CDC_Receive_FS(uint8_t* pbuf, uint32_t *Len);
 161:Src/usbd_cdc_if.c **** 
 162:Src/usbd_cdc_if.c **** /* USER CODE BEGIN PRIVATE_FUNCTIONS_DECLARATION */
 163:Src/usbd_cdc_if.c **** 
 164:Src/usbd_cdc_if.c **** /* USER CODE END PRIVATE_FUNCTIONS_DECLARATION */
 165:Src/usbd_cdc_if.c **** 
 166:Src/usbd_cdc_if.c **** /**
 167:Src/usbd_cdc_if.c ****   * @}
 168:Src/usbd_cdc_if.c ****   */
 169:Src/usbd_cdc_if.c **** 
 170:Src/usbd_cdc_if.c **** USBD_CDC_ItfTypeDef USBD_Interface_fops_FS =
 171:Src/usbd_cdc_if.c **** {
 172:Src/usbd_cdc_if.c ****   CDC_Init_FS,
 173:Src/usbd_cdc_if.c ****   CDC_DeInit_FS,
 174:Src/usbd_cdc_if.c ****   CDC_Control_FS,
 175:Src/usbd_cdc_if.c ****   CDC_Receive_FS
 176:Src/usbd_cdc_if.c **** };
 177:Src/usbd_cdc_if.c **** 
 178:Src/usbd_cdc_if.c **** /* Private functions ---------------------------------------------------------*/
 179:Src/usbd_cdc_if.c **** /**
 180:Src/usbd_cdc_if.c ****   * @brief  Initializes the CDC media low layer over the FS USB IP
 181:Src/usbd_cdc_if.c ****   * @retval USBD_OK if all operations are OK else USBD_FAIL
 182:Src/usbd_cdc_if.c ****   */
 183:Src/usbd_cdc_if.c **** static int8_t CDC_Init_FS(void)
 184:Src/usbd_cdc_if.c **** {
 185:Src/usbd_cdc_if.c ****   /* USER CODE BEGIN 3 */
 186:Src/usbd_cdc_if.c ****   /* Set Application Buffers */
 187:Src/usbd_cdc_if.c ****   USBD_CDC_SetTxBuffer(&hUsbDeviceFS, UserTxBufferFS, 0);
 188:Src/usbd_cdc_if.c ****   USBD_CDC_SetRxBuffer(&hUsbDeviceFS, UserRxBufferFS);
 189:Src/usbd_cdc_if.c ****   return (USBD_OK);
 190:Src/usbd_cdc_if.c ****   /* USER CODE END 3 */
 191:Src/usbd_cdc_if.c **** }
 192:Src/usbd_cdc_if.c **** 
 193:Src/usbd_cdc_if.c **** /**
 194:Src/usbd_cdc_if.c ****   * @brief  DeInitializes the CDC media low layer
 195:Src/usbd_cdc_if.c ****   * @retval USBD_OK if all operations are OK else USBD_FAIL
 196:Src/usbd_cdc_if.c ****   */
 197:Src/usbd_cdc_if.c **** static int8_t CDC_DeInit_FS(void)
 198:Src/usbd_cdc_if.c **** {
  25              		.loc 1 198 0
  26              		.cfi_startproc
  27              		@ args = 0, pretend = 0, frame = 0
  28              		@ frame_needed = 0, uses_anonymous_args = 0
  29              		@ link register save eliminated.
 199:Src/usbd_cdc_if.c ****   /* USER CODE BEGIN 4 */
 200:Src/usbd_cdc_if.c ****   return (USBD_OK);
ARM GAS  /tmp/cceecvYt.s 			page 5


 201:Src/usbd_cdc_if.c ****   /* USER CODE END 4 */
 202:Src/usbd_cdc_if.c **** }
  30              		.loc 1 202 0
  31 0000 0020     		movs	r0, #0
  32              		@ sp needed
  33 0002 7047     		bx	lr
  34              		.cfi_endproc
  35              	.LFE38:
  37              		.section	.text.CDC_Control_FS,"ax",%progbits
  38              		.align	1
  39              		.syntax unified
  40              		.code	16
  41              		.thumb_func
  42              		.fpu softvfp
  44              	CDC_Control_FS:
  45              	.LFB39:
 203:Src/usbd_cdc_if.c **** 
 204:Src/usbd_cdc_if.c **** /**
 205:Src/usbd_cdc_if.c ****   * @brief  Manage the CDC class requests
 206:Src/usbd_cdc_if.c ****   * @param  cmd: Command code
 207:Src/usbd_cdc_if.c ****   * @param  pbuf: Buffer containing command data (request parameters)
 208:Src/usbd_cdc_if.c ****   * @param  length: Number of data to be sent (in bytes)
 209:Src/usbd_cdc_if.c ****   * @retval Result of the operation: USBD_OK if all operations are OK else USBD_FAIL
 210:Src/usbd_cdc_if.c ****   */
 211:Src/usbd_cdc_if.c **** static int8_t CDC_Control_FS(uint8_t cmd, uint8_t* pbuf, uint16_t length)
 212:Src/usbd_cdc_if.c **** {
  46              		.loc 1 212 0
  47              		.cfi_startproc
  48              		@ args = 0, pretend = 0, frame = 0
  49              		@ frame_needed = 0, uses_anonymous_args = 0
  50              		@ link register save eliminated.
  51              	.LVL0:
 213:Src/usbd_cdc_if.c ****   /* USER CODE BEGIN 5 */
 214:Src/usbd_cdc_if.c ****   switch(cmd)
 215:Src/usbd_cdc_if.c ****   {
 216:Src/usbd_cdc_if.c ****     case CDC_SEND_ENCAPSULATED_COMMAND:
 217:Src/usbd_cdc_if.c **** 
 218:Src/usbd_cdc_if.c ****     break;
 219:Src/usbd_cdc_if.c **** 
 220:Src/usbd_cdc_if.c ****     case CDC_GET_ENCAPSULATED_RESPONSE:
 221:Src/usbd_cdc_if.c **** 
 222:Src/usbd_cdc_if.c ****     break;
 223:Src/usbd_cdc_if.c **** 
 224:Src/usbd_cdc_if.c ****     case CDC_SET_COMM_FEATURE:
 225:Src/usbd_cdc_if.c **** 
 226:Src/usbd_cdc_if.c ****     break;
 227:Src/usbd_cdc_if.c **** 
 228:Src/usbd_cdc_if.c ****     case CDC_GET_COMM_FEATURE:
 229:Src/usbd_cdc_if.c **** 
 230:Src/usbd_cdc_if.c ****     break;
 231:Src/usbd_cdc_if.c **** 
 232:Src/usbd_cdc_if.c ****     case CDC_CLEAR_COMM_FEATURE:
 233:Src/usbd_cdc_if.c **** 
 234:Src/usbd_cdc_if.c ****     break;
 235:Src/usbd_cdc_if.c **** 
 236:Src/usbd_cdc_if.c ****   /*******************************************************************************/
 237:Src/usbd_cdc_if.c ****   /* Line Coding Structure                                                       */
ARM GAS  /tmp/cceecvYt.s 			page 6


 238:Src/usbd_cdc_if.c ****   /*-----------------------------------------------------------------------------*/
 239:Src/usbd_cdc_if.c ****   /* Offset | Field       | Size | Value  | Description                          */
 240:Src/usbd_cdc_if.c ****   /* 0      | dwDTERate   |   4  | Number |Data terminal rate, in bits per second*/
 241:Src/usbd_cdc_if.c ****   /* 4      | bCharFormat |   1  | Number | Stop bits                            */
 242:Src/usbd_cdc_if.c ****   /*                                        0 - 1 Stop bit                       */
 243:Src/usbd_cdc_if.c ****   /*                                        1 - 1.5 Stop bits                    */
 244:Src/usbd_cdc_if.c ****   /*                                        2 - 2 Stop bits                      */
 245:Src/usbd_cdc_if.c ****   /* 5      | bParityType |  1   | Number | Parity                               */
 246:Src/usbd_cdc_if.c ****   /*                                        0 - None                             */
 247:Src/usbd_cdc_if.c ****   /*                                        1 - Odd                              */
 248:Src/usbd_cdc_if.c ****   /*                                        2 - Even                             */
 249:Src/usbd_cdc_if.c ****   /*                                        3 - Mark                             */
 250:Src/usbd_cdc_if.c ****   /*                                        4 - Space                            */
 251:Src/usbd_cdc_if.c ****   /* 6      | bDataBits  |   1   | Number Data bits (5, 6, 7, 8 or 16).          */
 252:Src/usbd_cdc_if.c ****   /*******************************************************************************/
 253:Src/usbd_cdc_if.c ****     case CDC_SET_LINE_CODING:
 254:Src/usbd_cdc_if.c **** 
 255:Src/usbd_cdc_if.c ****     break;
 256:Src/usbd_cdc_if.c **** 
 257:Src/usbd_cdc_if.c ****     case CDC_GET_LINE_CODING:
 258:Src/usbd_cdc_if.c **** 
 259:Src/usbd_cdc_if.c ****     break;
 260:Src/usbd_cdc_if.c **** 
 261:Src/usbd_cdc_if.c ****     case CDC_SET_CONTROL_LINE_STATE:
 262:Src/usbd_cdc_if.c **** 
 263:Src/usbd_cdc_if.c ****     break;
 264:Src/usbd_cdc_if.c **** 
 265:Src/usbd_cdc_if.c ****     case CDC_SEND_BREAK:
 266:Src/usbd_cdc_if.c **** 
 267:Src/usbd_cdc_if.c ****     break;
 268:Src/usbd_cdc_if.c **** 
 269:Src/usbd_cdc_if.c ****   default:
 270:Src/usbd_cdc_if.c ****     break;
 271:Src/usbd_cdc_if.c ****   }
 272:Src/usbd_cdc_if.c **** 
 273:Src/usbd_cdc_if.c ****   return (USBD_OK);
 274:Src/usbd_cdc_if.c ****   /* USER CODE END 5 */
 275:Src/usbd_cdc_if.c **** }
  52              		.loc 1 275 0
  53 0000 0020     		movs	r0, #0
  54              	.LVL1:
  55              		@ sp needed
  56 0002 7047     		bx	lr
  57              		.cfi_endproc
  58              	.LFE39:
  60              		.section	.text.CDC_Receive_FS,"ax",%progbits
  61              		.align	1
  62              		.syntax unified
  63              		.code	16
  64              		.thumb_func
  65              		.fpu softvfp
  67              	CDC_Receive_FS:
  68              	.LFB40:
 276:Src/usbd_cdc_if.c **** 
 277:Src/usbd_cdc_if.c **** /**
 278:Src/usbd_cdc_if.c ****   * @brief  Data received over USB OUT endpoint are sent over CDC interface
 279:Src/usbd_cdc_if.c ****   *         through this function.
ARM GAS  /tmp/cceecvYt.s 			page 7


 280:Src/usbd_cdc_if.c ****   *
 281:Src/usbd_cdc_if.c ****   *         @note
 282:Src/usbd_cdc_if.c ****   *         This function will block any OUT packet reception on USB endpoint
 283:Src/usbd_cdc_if.c ****   *         untill exiting this function. If you exit this function before transfer
 284:Src/usbd_cdc_if.c ****   *         is complete on CDC interface (ie. using DMA controller) it will result
 285:Src/usbd_cdc_if.c ****   *         in receiving more data while previous ones are still not sent.
 286:Src/usbd_cdc_if.c ****   *
 287:Src/usbd_cdc_if.c ****   * @param  Buf: Buffer of data to be received
 288:Src/usbd_cdc_if.c ****   * @param  Len: Number of data received (in bytes)
 289:Src/usbd_cdc_if.c ****   * @retval Result of the operation: USBD_OK if all operations are OK else USBD_FAIL
 290:Src/usbd_cdc_if.c ****   */
 291:Src/usbd_cdc_if.c **** static int8_t CDC_Receive_FS(uint8_t* Buf, uint32_t *Len)
 292:Src/usbd_cdc_if.c **** {
  69              		.loc 1 292 0
  70              		.cfi_startproc
  71              		@ args = 0, pretend = 0, frame = 0
  72              		@ frame_needed = 0, uses_anonymous_args = 0
  73              	.LVL2:
  74 0000 10B5     		push	{r4, lr}
  75              	.LCFI0:
  76              		.cfi_def_cfa_offset 8
  77              		.cfi_offset 4, -8
  78              		.cfi_offset 14, -4
  79 0002 0100     		movs	r1, r0
  80              	.LVL3:
 293:Src/usbd_cdc_if.c ****   /* USER CODE BEGIN 6 */
 294:Src/usbd_cdc_if.c ****   USBD_CDC_SetRxBuffer(&hUsbDeviceFS, &Buf[0]);
  81              		.loc 1 294 0
  82 0004 044C     		ldr	r4, .L4
  83 0006 2000     		movs	r0, r4
  84              	.LVL4:
  85 0008 FFF7FEFF 		bl	USBD_CDC_SetRxBuffer
  86              	.LVL5:
 295:Src/usbd_cdc_if.c ****   USBD_CDC_ReceivePacket(&hUsbDeviceFS);
  87              		.loc 1 295 0
  88 000c 2000     		movs	r0, r4
  89 000e FFF7FEFF 		bl	USBD_CDC_ReceivePacket
  90              	.LVL6:
 296:Src/usbd_cdc_if.c ****   return (USBD_OK);
 297:Src/usbd_cdc_if.c ****   /* USER CODE END 6 */
 298:Src/usbd_cdc_if.c **** }
  91              		.loc 1 298 0
  92 0012 0020     		movs	r0, #0
  93              		@ sp needed
  94 0014 10BD     		pop	{r4, pc}
  95              	.L5:
  96 0016 C046     		.align	2
  97              	.L4:
  98 0018 00000000 		.word	hUsbDeviceFS
  99              		.cfi_endproc
 100              	.LFE40:
 102              		.section	.text.CDC_Init_FS,"ax",%progbits
 103              		.align	1
 104              		.syntax unified
 105              		.code	16
 106              		.thumb_func
 107              		.fpu softvfp
ARM GAS  /tmp/cceecvYt.s 			page 8


 109              	CDC_Init_FS:
 110              	.LFB37:
 184:Src/usbd_cdc_if.c ****   /* USER CODE BEGIN 3 */
 111              		.loc 1 184 0
 112              		.cfi_startproc
 113              		@ args = 0, pretend = 0, frame = 0
 114              		@ frame_needed = 0, uses_anonymous_args = 0
 115 0000 10B5     		push	{r4, lr}
 116              	.LCFI1:
 117              		.cfi_def_cfa_offset 8
 118              		.cfi_offset 4, -8
 119              		.cfi_offset 14, -4
 187:Src/usbd_cdc_if.c ****   USBD_CDC_SetRxBuffer(&hUsbDeviceFS, UserRxBufferFS);
 120              		.loc 1 187 0
 121 0002 064C     		ldr	r4, .L7
 122 0004 0022     		movs	r2, #0
 123 0006 0649     		ldr	r1, .L7+4
 124 0008 2000     		movs	r0, r4
 125 000a FFF7FEFF 		bl	USBD_CDC_SetTxBuffer
 126              	.LVL7:
 188:Src/usbd_cdc_if.c ****   return (USBD_OK);
 127              		.loc 1 188 0
 128 000e 0549     		ldr	r1, .L7+8
 129 0010 2000     		movs	r0, r4
 130 0012 FFF7FEFF 		bl	USBD_CDC_SetRxBuffer
 131              	.LVL8:
 191:Src/usbd_cdc_if.c **** 
 132              		.loc 1 191 0
 133 0016 0020     		movs	r0, #0
 134              		@ sp needed
 135 0018 10BD     		pop	{r4, pc}
 136              	.L8:
 137 001a C046     		.align	2
 138              	.L7:
 139 001c 00000000 		.word	hUsbDeviceFS
 140 0020 00000000 		.word	UserTxBufferFS
 141 0024 00000000 		.word	UserRxBufferFS
 142              		.cfi_endproc
 143              	.LFE37:
 145              		.section	.text.CDC_Transmit_FS,"ax",%progbits
 146              		.align	1
 147              		.global	CDC_Transmit_FS
 148              		.syntax unified
 149              		.code	16
 150              		.thumb_func
 151              		.fpu softvfp
 153              	CDC_Transmit_FS:
 154              	.LFB41:
 299:Src/usbd_cdc_if.c **** 
 300:Src/usbd_cdc_if.c **** /**
 301:Src/usbd_cdc_if.c ****   * @brief  CDC_Transmit_FS
 302:Src/usbd_cdc_if.c ****   *         Data to send over USB IN endpoint are sent over CDC interface
 303:Src/usbd_cdc_if.c ****   *         through this function.
 304:Src/usbd_cdc_if.c ****   *         @note
 305:Src/usbd_cdc_if.c ****   *
 306:Src/usbd_cdc_if.c ****   *
 307:Src/usbd_cdc_if.c ****   * @param  Buf: Buffer of data to be sent
ARM GAS  /tmp/cceecvYt.s 			page 9


 308:Src/usbd_cdc_if.c ****   * @param  Len: Number of data to be sent (in bytes)
 309:Src/usbd_cdc_if.c ****   * @retval USBD_OK if all operations are OK else USBD_FAIL or USBD_BUSY
 310:Src/usbd_cdc_if.c ****   */
 311:Src/usbd_cdc_if.c **** uint8_t CDC_Transmit_FS(uint8_t* Buf, uint16_t Len)
 312:Src/usbd_cdc_if.c **** {
 155              		.loc 1 312 0
 156              		.cfi_startproc
 157              		@ args = 0, pretend = 0, frame = 0
 158              		@ frame_needed = 0, uses_anonymous_args = 0
 159              	.LVL9:
 160 0000 10B5     		push	{r4, lr}
 161              	.LCFI2:
 162              		.cfi_def_cfa_offset 8
 163              		.cfi_offset 4, -8
 164              		.cfi_offset 14, -4
 165              	.LVL10:
 313:Src/usbd_cdc_if.c ****   uint8_t result = USBD_OK;
 314:Src/usbd_cdc_if.c ****   /* USER CODE BEGIN 7 */
 315:Src/usbd_cdc_if.c ****   USBD_CDC_HandleTypeDef *hcdc = (USBD_CDC_HandleTypeDef*)hUsbDeviceFS.pClassData;
 166              		.loc 1 315 0
 167 0002 0A4C     		ldr	r4, .L13
 168 0004 8623     		movs	r3, #134
 169 0006 9B00     		lsls	r3, r3, #2
 170 0008 E458     		ldr	r4, [r4, r3]
 171              	.LVL11:
 316:Src/usbd_cdc_if.c ****   if (hcdc->TxState != 0){
 172              		.loc 1 316 0
 173 000a 043B     		subs	r3, r3, #4
 174 000c E358     		ldr	r3, [r4, r3]
 175 000e 002B     		cmp	r3, #0
 176 0010 01D0     		beq	.L12
 317:Src/usbd_cdc_if.c ****     return USBD_BUSY;
 177              		.loc 1 317 0
 178 0012 0120     		movs	r0, #1
 179              	.LVL12:
 180              	.L10:
 318:Src/usbd_cdc_if.c ****   }
 319:Src/usbd_cdc_if.c ****   USBD_CDC_SetTxBuffer(&hUsbDeviceFS, Buf, Len);
 320:Src/usbd_cdc_if.c ****   result = USBD_CDC_TransmitPacket(&hUsbDeviceFS);
 321:Src/usbd_cdc_if.c ****   /* USER CODE END 7 */
 322:Src/usbd_cdc_if.c ****   return result;
 323:Src/usbd_cdc_if.c **** }
 181              		.loc 1 323 0
 182              		@ sp needed
 183 0014 10BD     		pop	{r4, pc}
 184              	.LVL13:
 185              	.L12:
 319:Src/usbd_cdc_if.c ****   result = USBD_CDC_TransmitPacket(&hUsbDeviceFS);
 186              		.loc 1 319 0
 187 0016 054C     		ldr	r4, .L13
 188              	.LVL14:
 189 0018 0A00     		movs	r2, r1
 190 001a 0100     		movs	r1, r0
 191              	.LVL15:
 192 001c 2000     		movs	r0, r4
 193              	.LVL16:
 194 001e FFF7FEFF 		bl	USBD_CDC_SetTxBuffer
ARM GAS  /tmp/cceecvYt.s 			page 10


 195              	.LVL17:
 320:Src/usbd_cdc_if.c ****   /* USER CODE END 7 */
 196              		.loc 1 320 0
 197 0022 2000     		movs	r0, r4
 198 0024 FFF7FEFF 		bl	USBD_CDC_TransmitPacket
 199              	.LVL18:
 322:Src/usbd_cdc_if.c **** }
 200              		.loc 1 322 0
 201 0028 F4E7     		b	.L10
 202              	.L14:
 203 002a C046     		.align	2
 204              	.L13:
 205 002c 00000000 		.word	hUsbDeviceFS
 206              		.cfi_endproc
 207              	.LFE41:
 209              		.global	USBD_Interface_fops_FS
 210              		.comm	UserTxBufferFS,1000,4
 211              		.comm	UserRxBufferFS,1000,4
 212              		.section	.data.USBD_Interface_fops_FS,"aw",%progbits
 213              		.align	2
 216              	USBD_Interface_fops_FS:
 217 0000 00000000 		.word	CDC_Init_FS
 218 0004 00000000 		.word	CDC_DeInit_FS
 219 0008 00000000 		.word	CDC_Control_FS
 220 000c 00000000 		.word	CDC_Receive_FS
 221              		.text
 222              	.Letext0:
 223              		.file 2 "/usr/arm-none-eabi/include/machine/_default_types.h"
 224              		.file 3 "/usr/arm-none-eabi/include/sys/lock.h"
 225              		.file 4 "/usr/arm-none-eabi/include/sys/_types.h"
 226              		.file 5 "/usr/lib/gcc/arm-none-eabi/7.3.1/include/stddef.h"
 227              		.file 6 "/usr/arm-none-eabi/include/sys/reent.h"
 228              		.file 7 "/usr/arm-none-eabi/include/sys/_stdint.h"
 229              		.file 8 "/usr/arm-none-eabi/include/stdlib.h"
 230              		.file 9 "Drivers/CMSIS/Device/ST/STM32F0xx/Include/system_stm32f0xx.h"
 231              		.file 10 "Middlewares/ST/STM32_USB_Device_Library/Core/Inc/usbd_def.h"
 232              		.file 11 "Middlewares/ST/STM32_USB_Device_Library/Class/CDC/Inc/usbd_cdc.h"
 233              		.file 12 "Inc/usbd_cdc_if.h"
ARM GAS  /tmp/cceecvYt.s 			page 11


DEFINED SYMBOLS
                            *ABS*:0000000000000000 usbd_cdc_if.c
     /tmp/cceecvYt.s:16     .text.CDC_DeInit_FS:0000000000000000 $t
     /tmp/cceecvYt.s:22     .text.CDC_DeInit_FS:0000000000000000 CDC_DeInit_FS
     /tmp/cceecvYt.s:38     .text.CDC_Control_FS:0000000000000000 $t
     /tmp/cceecvYt.s:44     .text.CDC_Control_FS:0000000000000000 CDC_Control_FS
     /tmp/cceecvYt.s:61     .text.CDC_Receive_FS:0000000000000000 $t
     /tmp/cceecvYt.s:67     .text.CDC_Receive_FS:0000000000000000 CDC_Receive_FS
     /tmp/cceecvYt.s:98     .text.CDC_Receive_FS:0000000000000018 $d
     /tmp/cceecvYt.s:103    .text.CDC_Init_FS:0000000000000000 $t
     /tmp/cceecvYt.s:109    .text.CDC_Init_FS:0000000000000000 CDC_Init_FS
     /tmp/cceecvYt.s:139    .text.CDC_Init_FS:000000000000001c $d
                            *COM*:00000000000003e8 UserTxBufferFS
                            *COM*:00000000000003e8 UserRxBufferFS
     /tmp/cceecvYt.s:146    .text.CDC_Transmit_FS:0000000000000000 $t
     /tmp/cceecvYt.s:153    .text.CDC_Transmit_FS:0000000000000000 CDC_Transmit_FS
     /tmp/cceecvYt.s:205    .text.CDC_Transmit_FS:000000000000002c $d
     /tmp/cceecvYt.s:216    .data.USBD_Interface_fops_FS:0000000000000000 USBD_Interface_fops_FS
     /tmp/cceecvYt.s:213    .data.USBD_Interface_fops_FS:0000000000000000 $d

UNDEFINED SYMBOLS
USBD_CDC_SetRxBuffer
USBD_CDC_ReceivePacket
hUsbDeviceFS
USBD_CDC_SetTxBuffer
USBD_CDC_TransmitPacket
